#
# There is insufficient memory for the Java Runtime Environment to continue.
# Native memory allocation (mmap) failed to map 12288 bytes for committing reserved memory.
# Possible reasons:
#   The system is out of physical RAM or swap space
#   The process is running with CompressedOops enabled, and the Java Heap may be blocking the growth of the native heap
# Possible solutions:
#   Reduce memory load on the system
#   Increase physical memory or swap space
#   Check if swap backing store is full
#   Decrease Java heap size (-Xmx/-Xms)
#   Decrease number of Java threads
#   Decrease Java thread stack sizes (-Xss)
#   Set larger code cache with -XX:ReservedCodeCacheSize=
#   JVM is running with Zero Based Compressed Oops mode in which the Java heap is
#     placed in the first 32GB address space. The Java Heap base address is the
#     maximum limit for the native heap growth. Please use -XX:HeapBaseMinAddress
#     to set the Java Heap base and to place the Java Heap above 32GB virtual address.
# This output file may be truncated or incomplete.
#
#  Out of Memory Error (os_linux.cpp:2757), pid=493, tid=0x00007f1aa419a700
#
# JRE version: OpenJDK Runtime Environment (8.0_222-b10) (build 1.8.0_222-8u222-b10-1~deb9u1-b10)
# Java VM: OpenJDK 64-Bit Server VM (25.222-b10 mixed mode linux-amd64 compressed oops)
# Failed to write core dump. Core dumps have been disabled. To enable core dumping, try "ulimit -c unlimited" before starting Java again
#

---------------  T H R E A D  ---------------

Current thread (0x00007f1ac4781800):  JavaThread "User Authenticator #8" daemon [_thread_new, id=2759, stack(0x00007f1aa409a000,0x00007f1aa419b000)]

Stack: [0x00007f1aa409a000,0x00007f1aa419b000],  sp=0x00007f1aa4199b50,  free space=1022k
Native frames: (J=compiled Java code, j=interpreted, Vv=VM code, C=native code)
V  [libjvm.so+0xa7c530]
V  [libjvm.so+0x4cbb3c]
V  [libjvm.so+0x8cae0c]
V  [libjvm.so+0x8c239e]
V  [libjvm.so+0x8cc397]
V  [libjvm.so+0xa1dd48]
V  [libjvm.so+0xa21e7c]
V  [libjvm.so+0x8c8622]
C  [libpthread.so.0+0x74a4]  start_thread+0xc4


---------------  P R O C E S S  ---------------

Java Threads: ( => current thread )
=>0x00007f1ac4781800 JavaThread "User Authenticator #8" daemon [_thread_new, id=2759, stack(0x00007f1aa409a000,0x00007f1aa419b000)]
  0x00007f1aac858000 JavaThread "Server-Worker-931" daemon [_thread_in_vm, id=2750, stack(0x00007f1aa489c000,0x00007f1aa499d000)]
  0x00007f1ad0f2a800 JavaThread "Netty Epoll Server IO #3" daemon [_thread_in_native, id=621, stack(0x00007f1aa6b9f000,0x00007f1aa6ca0000)]
  0x00007f1ad0348000 JavaThread "Netty Epoll Server IO #2" daemon [_thread_in_native, id=594, stack(0x00007f1ae909c000,0x00007f1ae919d000)]
  0x00007f1ad085f800 JavaThread "Netty Epoll Server IO #1" daemon [_thread_in_native, id=593, stack(0x00007f1aa97a3000,0x00007f1aa98a4000)]
  0x00007f1aac874800 JavaThread "Timer-0" daemon [_thread_blocked, id=554, stack(0x00007f1aaa0a4000,0x00007f1aaa1a5000)]
  0x00007f1aac47d800 JavaThread "WorldEdit Session Manager" [_thread_blocked, id=551, stack(0x00007f1aaa3a5000,0x00007f1aaa4a6000)]
  0x00007f1aac2e3800 JavaThread "Netty Epoll Server IO #0" daemon [_thread_in_native, id=548, stack(0x00007f1aaaea6000,0x00007f1aaafa7000)]
  0x00007f1aac2da000 JavaThread "ObjectCleanerThread" daemon [_thread_blocked, id=547, stack(0x00007f1aaafa7000,0x00007f1aab0a8000)]
  0x00007f1aac154800 JavaThread "Spigot Metrics Thread" daemon [_thread_blocked, id=544, stack(0x00007f1aabcff000,0x00007f1aabe00000)]
  0x00007f1aac14b800 JavaThread "Spigot Watchdog Thread" [_thread_blocked, id=543, stack(0x00007f1ab80f8000,0x00007f1ab81f9000)]
  0x00007f1aac003000 JavaThread "Server console handler" daemon [_thread_in_native, id=542, stack(0x00007f1ab81f9000,0x00007f1ab82fa000)]
  0x00007f1aac002000 JavaThread "Thread-4" daemon [_thread_blocked, id=541, stack(0x00007f1ab82fa000,0x00007f1ab83fb000)]
  0x00007f1b0000a800 JavaThread "DestroyJavaVM" [_thread_blocked, id=496, stack(0x00007f1b0a448000,0x00007f1b0a548000)]
  0x00007f1b00cee000 JavaThread "Server thread" [_thread_blocked, id=540, stack(0x00007f1ab83fb000,0x00007f1ab84fc000)]
  0x00007f1b00cea000 JavaThread "Server Infinisleeper" daemon [_thread_blocked, id=539, stack(0x00007f1ab84fc000,0x00007f1ab85fd000)]
  0x00007f1b00ce7000 JavaThread "NonBlockingInputStreamThread" daemon [_thread_blocked, id=538, stack(0x00007f1ab85fd000,0x00007f1ab86fe000)]
  0x00007f1b00cb3000 JavaThread "Snooper Timer" daemon [_thread_blocked, id=526, stack(0x00007f1ab86fe000,0x00007f1ab87ff000)]
  0x00007f1b00149000 JavaThread "Service Thread" daemon [_thread_blocked, id=505, stack(0x00007f1aea122000,0x00007f1aea223000)]
  0x00007f1b0013e000 JavaThread "C1 CompilerThread1" daemon [_thread_blocked, id=504, stack(0x00007f1aea224000,0x00007f1aea324000)]
  0x00007f1b0013b000 JavaThread "C2 CompilerThread0" daemon [_thread_blocked, id=503, stack(0x00007f1aea325000,0x00007f1aea425000)]
  0x00007f1b00139800 JavaThread "Signal Dispatcher" daemon [_thread_blocked, id=502, stack(0x00007f1b04001000,0x00007f1b04102000)]
  0x00007f1b00107800 JavaThread "Finalizer" daemon [_thread_blocked, id=501, stack(0x00007f1b04102000,0x00007f1b04203000)]
  0x00007f1b00105000 JavaThread "Reference Handler" daemon [_thread_blocked, id=500, stack(0x00007f1b04203000,0x00007f1b04304000)]

Other Threads:
  0x00007f1b000fb000 VMThread [stack: 0x00007f1b04305000,0x00007f1b04405000] [id=499]
  0x00007f1b0014b000 WatcherThread [stack: 0x00007f1aea022000,0x00007f1aea122000] [id=506]

VM state:synchronizing (normal execution)

VM Mutex/Monitor currently owned by a thread:  ([mutex/lock_event])
[0x00007f1b00006e60] Safepoint_lock - owner thread: 0x00007f1b000fb000
[0x00007f1b00006ee0] Threads_lock - owner thread: 0x00007f1b000fb000
[0x00007f1b000073e0] Heap_lock - owner thread: 0x00007f1aac858000

heap address: 0x00000006eb800000, size: 3400 MB, Compressed Oops mode: Zero based, Oop shift amount: 3
Narrow klass base: 0x0000000000000000, Narrow klass shift: 3
Compressed class space size: 1073741824 Address: 0x00000007c0000000

Heap:
 PSYoungGen      total 1134592K, used 1111572K [0x0000000779300000, 0x00000007c0000000, 0x00000007c0000000)
  eden space 1106944K, 100% used [0x0000000779300000,0x00000007bcc00000,0x00000007bcc00000)
  from space 27648K, 16% used [0x00000007be500000,0x00000007be9853d8,0x00000007c0000000)
  to   space 25600K, 0% used [0x00000007bcc00000,0x00000007bcc00000,0x00000007be500000)
 ParOldGen       total 2321408K, used 823227K [0x00000006eb800000, 0x0000000779300000, 0x0000000779300000)
  object space 2321408K, 35% used [0x00000006eb800000,0x000000071dbeecf0,0x0000000779300000)
 Metaspace       used 86168K, capacity 95384K, committed 95636K, reserved 1132544K
  class space    used 11275K, capacity 13123K, committed 13244K, reserved 1048576K

Card table byte_map: [0x00007f1b06468000,0x00007f1b06b0d000] byte_map_base: 0x00007f1b02d0c000

Marking Bits: (ParMarkBitMap*) 0x00007f1b0972b560
 Begin Bits: [0x00007f1aea5c0000, 0x00007f1aedae0000)
 End Bits:   [0x00007f1aedae0000, 0x00007f1af1000000)

Polling page: 0x00007f1b0a552000

CodeCache: size=245760Kb used=65687Kb max_used=65804Kb free=180072Kb
 bounds [0x00007f1af1000000, 0x00007f1af5120000, 0x00007f1b00000000]
 total_blobs=18956 nmethods=18059 adapters=802
 compilation: enabled

Compilation events (10 events):
Event: 17840.491 Thread 0x00007f1b0013e000 31568   !   3       net.minecraft.server.v1_14_R1.PlayerChunkMap::saveChunk (204 bytes)
Event: 17840.495 Thread 0x00007f1b0013e000 nmethod 31568 0x00007f1af3e53910 code [0x00007f1af3e53e20, 0x00007f1af3e56d88]
Event: 17840.543 Thread 0x00007f1b0013b000 31569       4       org.bukkit.craftbukkit.libs.it.unimi.dsi.fastutil.longs.LongLinkedOpenHashSet::contains (82 bytes)
Event: 17840.546 Thread 0x00007f1b0013b000 nmethod 31569 0x00007f1af12879d0 code [0x00007f1af1287b20, 0x00007f1af1287d38]
Event: 17840.609 Thread 0x00007f1b0013e000 31570       3       org.bukkit.craftbukkit.libs.it.unimi.dsi.fastutil.longs.LongLinkedOpenHashSet::contains (82 bytes)
Event: 17840.610 Thread 0x00007f1b0013e000 nmethod 31570 0x00007f1af34ec510 code [0x00007f1af34ec6a0, 0x00007f1af34ecad0]
Event: 17865.149 Thread 0x00007f1b0013b000 31571       4       org.bukkit.craftbukkit.libs.it.unimi.dsi.fastutil.longs.LongLinkedOpenHashSet::contains (82 bytes)
Event: 17865.167 Thread 0x00007f1b0013b000 nmethod 31571 0x00007f1af169cad0 code [0x00007f1af169cc20, 0x00007f1af169cdf8]
Event: 17877.499 Thread 0x00007f1b0013b000 31573       4       io.netty.channel.AbstractChannelHandlerContext::executor (22 bytes)
Event: 17877.499 Thread 0x00007f1b0013e000 31572       3       io.netty.channel.DefaultChannelPipeline::fireChannelRead (10 bytes)

GC Heap History (10 events):
Event: 17840.215 GC heap before
{Heap before GC invocations=1032 (full 4):
 PSYoungGen      total 1118720K, used 1083831K [0x0000000779300000, 0x00000007c0000000, 0x00000007c0000000)
  eden space 1079808K, 100% used [0x0000000779300000,0x00000007bb180000,0x00000007bb180000)
  from space 38912K, 10% used [0x00000007bb180000,0x00000007bb56dc80,0x00000007bd780000)
  to   space 36352K, 0% used [0x00000007bdc80000,0x00000007bdc80000,0x00000007c0000000)
 ParOldGen       total 2321408K, used 822843K [0x00000006eb800000, 0x0000000779300000, 0x0000000779300000)
  object space 2321408K, 35% used [0x00000006eb800000,0x000000071db8ecf0,0x0000000779300000)
 Metaspace       used 86168K, capacity 95384K, committed 95636K, reserved 1132544K
  class space    used 11275K, capacity 13123K, committed 13244K, reserved 1048576K
Event: 17840.225 GC heap after
Heap after GC invocations=1032 (full 4):
 PSYoungGen      total 1126400K, used 4114K [0x0000000779300000, 0x00000007c0000000, 0x00000007c0000000)
  eden space 1090048K, 0% used [0x0000000779300000,0x0000000779300000,0x00000007bbb80000)
  from space 36352K, 11% used [0x00000007bdc80000,0x00000007be084888,0x00000007c0000000)
  to   space 33792K, 0% used [0x00000007bbb80000,0x00000007bbb80000,0x00000007bdc80000)
 ParOldGen       total 2321408K, used 822899K [0x00000006eb800000, 0x0000000779300000, 0x0000000779300000)
  object space 2321408K, 35% used [0x00000006eb800000,0x000000071db9ccf0,0x0000000779300000)
 Metaspace       used 86168K, capacity 95384K, committed 95636K, reserved 1132544K
  class space    used 11275K, capacity 13123K, committed 13244K, reserved 1048576K
}
Event: 17841.790 GC heap before
{Heap before GC invocations=1033 (full 4):
 PSYoungGen      total 1126400K, used 1094162K [0x0000000779300000, 0x00000007c0000000, 0x00000007c0000000)
  eden space 1090048K, 100% used [0x0000000779300000,0x00000007bbb80000,0x00000007bbb80000)
  from space 36352K, 11% used [0x00000007bdc80000,0x00000007be084888,0x00000007c0000000)
  to   space 33792K, 0% used [0x00000007bbb80000,0x00000007bbb80000,0x00000007bdc80000)
 ParOldGen       total 2321408K, used 822899K [0x00000006eb800000, 0x0000000779300000, 0x0000000779300000)
  object space 2321408K, 35% used [0x00000006eb800000,0x000000071db9ccf0,0x0000000779300000)
 Metaspace       used 86168K, capacity 95384K, committed 95636K, reserved 1132544K
  class space    used 11275K, capacity 13123K, committed 13244K, reserved 1048576K
Event: 17841.804 GC heap after
Heap after GC invocations=1033 (full 4):
 PSYoungGen      total 1123840K, used 3232K [0x0000000779300000, 0x00000007c0000000, 0x00000007c0000000)
  eden space 1090048K, 0% used [0x0000000779300000,0x0000000779300000,0x00000007bbb80000)
  from space 33792K, 9% used [0x00000007bbb80000,0x00000007bbea80a8,0x00000007bdc80000)
  to   space 31744K, 0% used [0x00000007be100000,0x00000007be100000,0x00000007c0000000)
 ParOldGen       total 2321408K, used 823043K [0x00000006eb800000, 0x0000000779300000, 0x0000000779300000)
  object space 2321408K, 35% used [0x00000006eb800000,0x000000071dbc0cf0,0x0000000779300000)
 Metaspace       used 86168K, capacity 95384K, committed 95636K, reserved 1132544K
  class space    used 11275K, capacity 13123K, committed 13244K, reserved 1048576K
}
Event: 17857.417 GC heap before
{Heap before GC invocations=1034 (full 4):
 PSYoungGen      total 1123840K, used 1093280K [0x0000000779300000, 0x00000007c0000000, 0x00000007c0000000)
  eden space 1090048K, 100% used [0x0000000779300000,0x00000007bbb80000,0x00000007bbb80000)
  from space 33792K, 9% used [0x00000007bbb80000,0x00000007bbea80a8,0x00000007bdc80000)
  to   space 31744K, 0% used [0x00000007be100000,0x00000007be100000,0x00000007c0000000)
 ParOldGen       total 2321408K, used 823043K [0x00000006eb800000, 0x0000000779300000, 0x0000000779300000)
  object space 2321408K, 35% used [0x00000006eb800000,0x000000071dbc0cf0,0x0000000779300000)
 Metaspace       used 86168K, capacity 95384K, committed 95636K, reserved 1132544K
  class space    used 11275K, capacity 13123K, committed 13244K, reserved 1048576K
Event: 17857.431 GC heap after
Heap after GC invocations=1034 (full 4):
 PSYoungGen      total 1130496K, used 4382K [0x0000000779300000, 0x00000007c0000000, 0x00000007c0000000)
  eden space 1098752K, 0% used [0x0000000779300000,0x0000000779300000,0x00000007bc400000)
  from space 31744K, 13% used [0x00000007be100000,0x00000007be547b60,0x00000007c0000000)
  to   space 29696K, 0% used [0x00000007bc400000,0x00000007bc400000,0x00000007be100000)
 ParOldGen       total 2321408K, used 823131K [0x00000006eb800000, 0x0000000779300000, 0x0000000779300000)
  object space 2321408K, 35% used [0x00000006eb800000,0x000000071dbd6cf0,0x0000000779300000)
 Metaspace       used 86168K, capacity 95384K, committed 95636K, reserved 1132544K
  class space    used 11275K, capacity 13123K, committed 13244K, reserved 1048576K
}
Event: 17861.588 GC heap before
{Heap before GC invocations=1035 (full 4):
 PSYoungGen      total 1130496K, used 1103134K [0x0000000779300000, 0x00000007c0000000, 0x00000007c0000000)
  eden space 1098752K, 100% used [0x0000000779300000,0x00000007bc400000,0x00000007bc400000)
  from space 31744K, 13% used [0x00000007be100000,0x00000007be547b60,0x00000007c0000000)
  to   space 29696K, 0% used [0x00000007bc400000,0x00000007bc400000,0x00000007be100000)
 ParOldGen       total 2321408K, used 823131K [0x00000006eb800000, 0x0000000779300000, 0x0000000779300000)
  object space 2321408K, 35% used [0x00000006eb800000,0x000000071dbd6cf0,0x0000000779300000)
 Metaspace       used 86168K, capacity 95384K, committed 95636K, reserved 1132544K
  class space    used 11275K, capacity 13123K, committed 13244K, reserved 1048576K
Event: 17864.417 GC heap after
Heap after GC invocations=1035 (full 4):
 PSYoungGen      total 1128448K, used 4240K [0x0000000779300000, 0x00000007c0000000, 0x00000007c0000000)
  eden space 1098752K, 0% used [0x0000000779300000,0x0000000779300000,0x00000007bc400000)
  from space 29696K, 14% used [0x00000007bc400000,0x00000007bc824310,0x00000007be100000)
  to   space 27648K, 0% used [0x00000007be500000,0x00000007be500000,0x00000007c0000000)
 ParOldGen       total 2321408K, used 823155K [0x00000006eb800000, 0x0000000779300000, 0x0000000779300000)
  object space 2321408K, 35% used [0x00000006eb800000,0x000000071dbdccf0,0x0000000779300000)
 Metaspace       used 86168K, capacity 95384K, committed 95636K, reserved 1132544K
  class space    used 11275K, capacity 13123K, committed 13244K, reserved 1048576K
}
Event: 17869.649 GC heap before
{Heap before GC invocations=1036 (full 4):
 PSYoungGen      total 1128448K, used 1102992K [0x0000000779300000, 0x00000007c0000000, 0x00000007c0000000)
  eden space 1098752K, 100% used [0x0000000779300000,0x00000007bc400000,0x00000007bc400000)
  from space 29696K, 14% used [0x00000007bc400000,0x00000007bc824310,0x00000007be100000)
  to   space 27648K, 0% used [0x00000007be500000,0x00000007be500000,0x00000007c0000000)
 ParOldGen       total 2321408K, used 823155K [0x00000006eb800000, 0x0000000779300000, 0x0000000779300000)
  object space 2321408K, 35% used [0x00000006eb800000,0x000000071dbdccf0,0x0000000779300000)
 Metaspace       used 86168K, capacity 95384K, committed 95636K, reserved 1132544K
  class space    used 11275K, capacity 13123K, committed 13244K, reserved 1048576K
Event: 17871.260 GC heap after
Heap after GC invocations=1036 (full 4):
 PSYoungGen      total 1134592K, used 4628K [0x0000000779300000, 0x00000007c0000000, 0x00000007c0000000)
  eden space 1106944K, 0% used [0x0000000779300000,0x0000000779300000,0x00000007bcc00000)
  from space 27648K, 16% used [0x00000007be500000,0x00000007be9853d8,0x00000007c0000000)
  to   space 25600K, 0% used [0x00000007bcc00000,0x00000007bcc00000,0x00000007be500000)
 ParOldGen       total 2321408K, used 823227K [0x00000006eb800000, 0x0000000779300000, 0x0000000779300000)
  object space 2321408K, 35% used [0x00000006eb800000,0x000000071dbeecf0,0x0000000779300000)
 Metaspace       used 86168K, capacity 95384K, committed 95636K, reserved 1132544K
  class space    used 11275K, capacity 13123K, committed 13244K, reserved 1048576K
}

Deoptimization events (10 events):
Event: 17811.637 Thread 0x00007f1b00cee000 Uncommon trap: reason=bimorphic action=maybe_recompile pc=0x00007f1af422dd1c method=net.minecraft.server.v1_14_R1.VoxelShapes.c(Lnet/minecraft/server/v1_14_R1/VoxelShape;Lnet/minecraft/server/v1_14_R1/VoxelShape;Lnet/minecraft/server/v1_14_R1/OperatorBool
Event: 17811.637 Thread 0x00007f1b00cee000 Uncommon trap: reason=unstable_if action=reinterpret pc=0x00007f1af1b56d24 method=net.minecraft.server.v1_14_R1.EntityBoat.w()V @ 202
Event: 17811.790 Thread 0x00007f1b00cee000 Uncommon trap: reason=unstable_if action=reinterpret pc=0x00007f1af27e2404 method=net.minecraft.server.v1_14_R1.EntityBoat.s()Lnet/minecraft/server/v1_14_R1/EntityBoat$EnumStatus; @ 26
Event: 17812.682 Thread 0x00007f1b00cee000 Uncommon trap: reason=unstable_if action=reinterpret pc=0x00007f1af38de26c method=net.minecraft.server.v1_14_R1.EntityBoat.v()Lnet/minecraft/server/v1_14_R1/EntityBoat$EnumStatus; @ 156
Event: 17840.476 Thread 0x00007f1b00cee000 Uncommon trap: reason=unstable_if action=reinterpret pc=0x00007f1af32cbb9c method=net.minecraft.server.v1_14_R1.RegionFileSection.a(Lnet/minecraft/server/v1_14_R1/ChunkCoordIntPair;)V @ 7
Event: 17840.476 Thread 0x00007f1b00cee000 Uncommon trap: reason=unstable_if action=reinterpret pc=0x00007f1af39a2888 method=net.minecraft.server.v1_14_R1.RegionFileSection.a(Lnet/minecraft/server/v1_14_R1/ChunkCoordIntPair;)V @ 7
Event: 17840.606 Thread 0x00007f1b00cee000 Uncommon trap: reason=unstable_if action=reinterpret pc=0x00007f1af1287c58 method=org.bukkit.craftbukkit.libs.it.unimi.dsi.fastutil.longs.LongLinkedOpenHashSet.contains(J)Z @ 3
Event: 17872.978 Thread 0x00007f1aac2e3800 Uncommon trap: reason=unstable_if action=reinterpret pc=0x00007f1af239a230 method=io.netty.channel.epoll.EpollRecvByteAllocatorStreamingHandle.maybeMoreDataToRead()Z @ 15
Event: 17873.013 Thread 0x00007f1ad085f800 Uncommon trap: reason=unstable_if action=reinterpret pc=0x00007f1af239a230 method=io.netty.channel.epoll.EpollRecvByteAllocatorStreamingHandle.maybeMoreDataToRead()Z @ 15
Event: 17877.536 Thread 0x00007f1ad085f800 Uncommon trap: reason=unstable_if action=reinterpret pc=0x00007f1af3680c0c method=io.netty.handler.codec.ByteToMessageDecoder.discardSomeReadBytes()V @ 4

Classes redefined (0 events):
No events

Internal exceptions (10 events):
Event: 14907.791 Thread 0x00007f1b00cee000 Implicit null exception at 0x00007f1af228f99b to 0x00007f1af228fa15
Event: 14907.840 Thread 0x00007f1b00cee000 Implicit null exception at 0x00007f1af147dadb to 0x00007f1af147db31
Event: 15664.840 Thread 0x00007f1b00cee000 Implicit null exception at 0x00007f1af23a75bb to 0x00007f1af23a7cbd
Event: 16279.093 Thread 0x00007f1b00cee000 Implicit null exception at 0x00007f1af2ff0cb8 to 0x00007f1af2ff0de9
Event: 16810.198 Thread 0x00007f1b00cee000 Implicit null exception at 0x00007f1af1206e51 to 0x00007f1af1206efa
Event: 16851.343 Thread 0x00007f1b00cee000 Implicit null exception at 0x00007f1af17621cc to 0x00007f1af17622e5
Event: 17806.134 Thread 0x00007f1aac002000 Exception <a 'java/io/IOException'> (0x000000078e9392c0) thrown at [/build/openjdk-8-8u222-b10/src/hotspot/src/share/vm/prims/jni.cpp, line 710]
Event: 17811.637 Thread 0x00007f1b00cee000 Implicit null exception at 0x00007f1af2642059 to 0x00007f1af2642831
Event: 17818.820 Thread 0x00007f1aac002000 Exception <a 'java/io/IOException'> (0x00000007942b7fa0) thrown at [/build/openjdk-8-8u222-b10/src/hotspot/src/share/vm/prims/jni.cpp, line 710]
Event: 17826.104 Thread 0x00007f1aac002000 Exception <a 'java/io/IOException'> (0x00000007ae8faab0) thrown at [/build/openjdk-8-8u222-b10/src/hotspot/src/share/vm/prims/jni.cpp, line 710]

Events (10 events):
Event: 17876.464 Executing VM operation: RevokeBias
Event: 17876.708 Executing VM operation: RevokeBias done
Event: 17877.211 Executing VM operation: RevokeBias
Event: 17877.524 Executing VM operation: RevokeBias done
Event: 17877.524 Executing VM operation: RevokeBias
Event: 17877.529 Executing VM operation: RevokeBias done
Event: 17877.534 Thread 0x00007f1ad085f800 Uncommon trap: trap_request=0xffffff65 fr.pc=0x00007f1af3680c0c
Event: 17877.536 Thread 0x00007f1ad085f800 DEOPT PACKING pc=0x00007f1af3680c0c sp=0x00007f1aa98a26f0
Event: 17877.536 Thread 0x00007f1ad085f800 DEOPT UNPACKING pc=0x00007f1af104547a sp=0x00007f1aa98a2660 mode 2
Event: 17877.540 Thread 0x00007f1ac4781800 Thread added: 0x00007f1ac4781800


Dynamic libraries:
6eb800000-7c0cef000 rw-p 00000000 00:00 0 
7c0cef000-800000000 ---p 00000000 00:00 0 
55ceb925f000-55ceb9260000 r-xp 00000000 103:01 281571                    /usr/lib/jvm/java-8-openjdk-amd64/jre/bin/java
55ceb945f000-55ceb9460000 r--p 00000000 103:01 281571                    /usr/lib/jvm/java-8-openjdk-amd64/jre/bin/java
55ceb9460000-55ceb9461000 rw-p 00001000 103:01 281571                    /usr/lib/jvm/java-8-openjdk-amd64/jre/bin/java
55cebb3a4000-55cebb4f0000 rw-p 00000000 00:00 0                          [heap]
7f1aa3e9a000-7f1aa3f1a000 rw-p 00000000 00:00 0 
7f1aa3f1a000-7f1aa409a000 ---p 00000000 00:00 0 
7f1aa409d000-7f1aa419b000 rw-p 00000000 00:00 0 
7f1aa419b000-7f1aa439b000 rw-p 00000000 00:00 0 
7f1aa439b000-7f1aa459b000 rw-p 00000000 00:00 0 
7f1aa459b000-7f1aa479b000 rw-p 00000000 00:00 0 
7f1aa479b000-7f1aa479e000 ---p 00000000 00:00 0 
7f1aa479e000-7f1aa489c000 rw-p 00000000 00:00 0 
7f1aa489c000-7f1aa489f000 ---p 00000000 00:00 0 
7f1aa489f000-7f1aa699f000 rw-p 00000000 00:00 0 
7f1aa699f000-7f1aa6b9f000 rw-p 00000000 00:00 0 
7f1aa6b9f000-7f1aa6ba2000 ---p 00000000 00:00 0 
7f1aa6ba2000-7f1aa6ca0000 rw-p 00000000 00:00 0 
7f1aa6ca0000-7f1aa6ea0000 rw-p 00000000 00:00 0 
7f1aa6ea0000-7f1aa70a0000 rw-p 00000000 00:00 0 
7f1aa70a0000-7f1aa72a0000 rw-p 00000000 00:00 0 
7f1aa72a0000-7f1aa72a3000 ---p 00000000 00:00 0 
7f1aa72a3000-7f1aa93a3000 rw-p 00000000 00:00 0 
7f1aa93a3000-7f1aa95a3000 rw-p 00000000 00:00 0 
7f1aa95a3000-7f1aa97a3000 rw-p 00000000 00:00 0 
7f1aa97a3000-7f1aa97a6000 ---p 00000000 00:00 0 
7f1aa97a6000-7f1aa98a4000 rw-p 00000000 00:00 0 
7f1aa98a4000-7f1aa9aa4000 rw-p 00000000 00:00 0 
7f1aa9aa4000-7f1aa9ca4000 rw-p 00000000 00:00 0 
7f1aa9ca4000-7f1aa9ea4000 rw-p 00000000 00:00 0 
7f1aa9ea4000-7f1aaa0a4000 rw-p 00000000 00:00 0 
7f1aaa0a4000-7f1aaa0a7000 ---p 00000000 00:00 0 
7f1aaa0a7000-7f1aaa1a5000 rw-p 00000000 00:00 0 
7f1aaa1a5000-7f1aaa3a5000 rw-p 00000000 00:00 0 
7f1aaa3a5000-7f1aaa3a8000 ---p 00000000 00:00 0 
7f1aaa3a8000-7f1aaa4a6000 rw-p 00000000 00:00 0 
7f1aaa4a6000-7f1aaa6a6000 rw-p 00000000 00:00 0 
7f1aaa6a6000-7f1aaa8a6000 rw-p 00000000 00:00 0 
7f1aaa8a6000-7f1aaaaa6000 rw-p 00000000 00:00 0 
7f1aaaaa6000-7f1aaaca6000 rw-p 00000000 00:00 0 
7f1aaaca6000-7f1aaaea6000 rw-p 00000000 00:00 0 
7f1aaaea6000-7f1aaaea9000 ---p 00000000 00:00 0 
7f1aaaea9000-7f1aaafa7000 rw-p 00000000 00:00 0 
7f1aaafa7000-7f1aaafaa000 ---p 00000000 00:00 0 
7f1aaafaa000-7f1aab0a8000 rw-p 00000000 00:00 0 
7f1aab0a8000-7f1aab2a8000 rw-p 00000000 00:00 0 
7f1aab2a8000-7f1aab2b5000 r-xp 00000000 103:01 278879                    /tmp/libnetty_transport_native_epoll_x86_646082501475758950639.so (deleted)
7f1aab2b5000-7f1aab4b4000 ---p 0000d000 103:01 278879                    /tmp/libnetty_transport_native_epoll_x86_646082501475758950639.so (deleted)
7f1aab4b4000-7f1aab4b6000 rw-p 0000c000 103:01 278879                    /tmp/libnetty_transport_native_epoll_x86_646082501475758950639.so (deleted)
7f1aab4b6000-7f1aab4ca000 r-xp 00000000 103:01 263363                    /lib/x86_64-linux-gnu/libresolv-2.24.so
7f1aab4ca000-7f1aab6c9000 ---p 00014000 103:01 263363                    /lib/x86_64-linux-gnu/libresolv-2.24.so
7f1aab6c9000-7f1aab6ca000 r--p 00013000 103:01 263363                    /lib/x86_64-linux-gnu/libresolv-2.24.so
7f1aab6ca000-7f1aab6cb000 rw-p 00014000 103:01 263363                    /lib/x86_64-linux-gnu/libresolv-2.24.so
7f1aab6cb000-7f1aab6cd000 rw-p 00000000 00:00 0 
7f1aab6cd000-7f1aab6d2000 r-xp 00000000 103:01 263356                    /lib/x86_64-linux-gnu/libnss_dns-2.24.so
7f1aab6d2000-7f1aab8d1000 ---p 00005000 103:01 263356                    /lib/x86_64-linux-gnu/libnss_dns-2.24.so
7f1aab8d1000-7f1aab8d2000 r--p 00004000 103:01 263356                    /lib/x86_64-linux-gnu/libnss_dns-2.24.so
7f1aab8d2000-7f1aab8d3000 rw-p 00005000 103:01 263356                    /lib/x86_64-linux-gnu/libnss_dns-2.24.so
7f1aab8d3000-7f1aabad3000 rw-p 00000000 00:00 0 
7f1aabad3000-7f1aabafb000 r-xp 00000000 103:01 281614                    /usr/lib/jvm/java-8-openjdk-amd64/jre/lib/amd64/libsunec.so
7f1aabafb000-7f1aabcfa000 ---p 00028000 103:01 281614                    /usr/lib/jvm/java-8-openjdk-amd64/jre/lib/amd64/libsunec.so
7f1aabcfa000-7f1aabcfe000 r--p 00027000 103:01 281614                    /usr/lib/jvm/java-8-openjdk-amd64/jre/lib/amd64/libsunec.so
7f1aabcfe000-7f1aabcff000 rw-p 0002b000 103:01 281614                    /usr/lib/jvm/java-8-openjdk-amd64/jre/lib/amd64/libsunec.so
7f1aabcff000-7f1aabd02000 ---p 00000000 00:00 0 
7f1aabd02000-7f1aabe00000 rw-p 00000000 00:00 0 
7f1aabe00000-7f1aac000000 rw-p 00000000 00:00 0 
7f1aac000000-7f1aaccc8000 rw-p 00000000 00:00 0 
7f1aaccc8000-7f1ab0000000 ---p 00000000 00:00 0 
7f1ab0000000-7f1ab0045000 rw-p 00000000 00:00 0 
7f1ab0045000-7f1ab4000000 ---p 00000000 00:00 0 
7f1ab4000000-7f1ab4118000 rw-p 00000000 00:00 0 
7f1ab4118000-7f1ab8000000 ---p 00000000 00:00 0 
7f1ab80ca000-7f1ab80f8000 r--s 00237000 103:01 397030                    /home/admin/games/minecraft/iclouds/server/plugins/worldedit-bukkit-7.0.1.jar
7f1ab80f8000-7f1ab80fb000 ---p 00000000 00:00 0 
7f1ab80fb000-7f1ab81f9000 rw-p 00000000 00:00 0 
7f1ab81f9000-7f1ab81fc000 ---p 00000000 00:00 0 
7f1ab81fc000-7f1ab82fa000 rw-p 00000000 00:00 0 
7f1ab82fa000-7f1ab82fd000 ---p 00000000 00:00 0 
7f1ab82fd000-7f1ab83fb000 rw-p 00000000 00:00 0 
7f1ab83fb000-7f1ab83fe000 ---p 00000000 00:00 0 
7f1ab83fe000-7f1ab84fc000 rw-p 00000000 00:00 0 
7f1ab84fc000-7f1ab84ff000 ---p 00000000 00:00 0 
7f1ab84ff000-7f1ab85fd000 rw-p 00000000 00:00 0 
7f1ab85fd000-7f1ab8600000 ---p 00000000 00:00 0 
7f1ab8600000-7f1ab86fe000 rw-p 00000000 00:00 0 
7f1ab86fe000-7f1ab8701000 ---p 00000000 00:00 0 
7f1ab8701000-7f1ab87ff000 rw-p 00000000 00:00 0 
7f1ab87ff000-7f1ab89ff000 rw-p 00000000 00:00 0 
7f1ab89ff000-7f1ab8bff000 rw-p 00000000 00:00 0 
7f1ab8bff000-7f1ab8dff000 rw-p 00000000 00:00 0 
7f1ab8dff000-7f1ab8ff5000 rw-p 00000000 00:00 0 
7f1ab8ff5000-7f1ab8fff000 ---p 00000000 00:00 0 
7f1ab8fff000-7f1abc000000 rw-p 00000000 00:00 0 
7f1abc000000-7f1abc04a000 rw-p 00000000 00:00 0 
7f1abc04a000-7f1ac0000000 ---p 00000000 00:00 0 
7f1ac0000000-7f1ac0046000 rw-p 00000000 00:00 0 
7f1ac0046000-7f1ac4000000 ---p 00000000 00:00 0 
7f1ac4000000-7f1ac53ed000 rw-p 00000000 00:00 0 
7f1ac53ed000-7f1ac8000000 ---p 00000000 00:00 0 
7f1ac8000000-7f1ac80ea000 rw-p 00000000 00:00 0 
7f1ac80ea000-7f1acc000000 ---p 00000000 00:00 0 
7f1acc000000-7f1acc046000 rw-p 00000000 00:00 0 
7f1acc046000-7f1ad0000000 ---p 00000000 00:00 0 
7f1ad0000000-7f1ad2b02000 rw-p 00000000 00:00 0 
7f1ad2b02000-7f1ad4000000 ---p 00000000 00:00 0 
7f1ad4000000-7f1ad404e000 rw-p 00000000 00:00 0 
7f1ad404e000-7f1ad8000000 ---p 00000000 00:00 0 
7f1ad8000000-7f1ad8044000 rw-p 00000000 00:00 0 
7f1ad8044000-7f1adc000000 ---p 00000000 00:00 0 
7f1adc000000-7f1adc055000 rw-p 00000000 00:00 0 
7f1adc055000-7f1ae0000000 ---p 00000000 00:00 0 
7f1ae0000000-7f1ae01fd000 rw-p 00000000 00:00 0 
7f1ae01fd000-7f1ae4000000 ---p 00000000 00:00 0 
7f1ae4000000-7f1ae4078000 rw-p 00000000 00:00 0 
7f1ae4078000-7f1ae8000000 ---p 00000000 00:00 0 
7f1ae801b000-7f1ae801c000 r--s 00001000 103:01 415141                    /home/admin/games/minecraft/iclouds/server/plugins/powderChests-1.2.0.jar
7f1ae801c000-7f1ae801d000 r--s 00007000 103:01 415135                    /home/admin/games/minecraft/iclouds/server/plugins/SinglePlayerSleep-2.13.21.jar
7f1ae801d000-7f1ae801e000 r--s 00001000 103:01 415141                    /home/admin/games/minecraft/iclouds/server/plugins/powderChests-1.2.0.jar
7f1ae801e000-7f1ae804c000 r--s 00237000 103:01 397030                    /home/admin/games/minecraft/iclouds/server/plugins/worldedit-bukkit-7.0.1.jar
7f1ae804c000-7f1ae805f000 r--s 00346000 103:01 281659                    /usr/lib/jvm/java-8-openjdk-amd64/jre/lib/resources.jar
7f1ae805f000-7f1ae8061000 r--s 00016000 103:01 281652                    /usr/lib/jvm/java-8-openjdk-amd64/jre/lib/jce.jar
7f1ae8061000-7f1ae8063000 r--s 00016000 103:01 281652                    /usr/lib/jvm/java-8-openjdk-amd64/jre/lib/jce.jar
7f1ae8063000-7f1ae8066000 ---p 00000000 00:00 0 
7f1ae8066000-7f1ae809c000 rw-p 00000000 00:00 0 
7f1ae809c000-7f1ae829c000 rw-p 00000000 00:00 0 
7f1ae829c000-7f1ae849c000 rw-p 00000000 00:00 0 
7f1ae849c000-7f1ae869c000 rw-p 00000000 00:00 0 
7f1ae869c000-7f1ae889c000 rw-p 00000000 00:00 0 
7f1ae889c000-7f1ae8a9c000 rw-p 00000000 00:00 0 
7f1ae8a9c000-7f1ae8c9c000 rw-p 00000000 00:00 0 
7f1ae8c9c000-7f1ae8e9c000 rw-p 00000000 00:00 0 
7f1ae8e9c000-7f1ae909c000 rw-p 00000000 00:00 0 
7f1ae909c000-7f1ae909f000 ---p 00000000 00:00 0 
7f1ae909f000-7f1ae919d000 rw-p 00000000 00:00 0 
7f1ae919d000-7f1ae91ae000 r-xp 00000000 103:01 281610                    /usr/lib/jvm/java-8-openjdk-amd64/jre/lib/amd64/libnio.so
7f1ae91ae000-7f1ae93ad000 ---p 00011000 103:01 281610                    /usr/lib/jvm/java-8-openjdk-amd64/jre/lib/amd64/libnio.so
7f1ae93ad000-7f1ae93ae000 r--p 00010000 103:01 281610                    /usr/lib/jvm/java-8-openjdk-amd64/jre/lib/amd64/libnio.so
7f1ae93ae000-7f1ae93af000 rw-p 00011000 103:01 281610                    /usr/lib/jvm/java-8-openjdk-amd64/jre/lib/amd64/libnio.so
7f1ae93af000-7f1ae93c6000 r-xp 00000000 103:01 281609                    /usr/lib/jvm/java-8-openjdk-amd64/jre/lib/amd64/libnet.so
7f1ae93c6000-7f1ae95c5000 ---p 00017000 103:01 281609                    /usr/lib/jvm/java-8-openjdk-amd64/jre/lib/amd64/libnet.so
7f1ae95c5000-7f1ae95c6000 r--p 00016000 103:01 281609                    /usr/lib/jvm/java-8-openjdk-amd64/jre/lib/amd64/libnet.so
7f1ae95c6000-7f1ae95c7000 rw-p 00017000 103:01 281609                    /usr/lib/jvm/java-8-openjdk-amd64/jre/lib/amd64/libnet.so
7f1ae95c7000-7f1ae97c7000 rw-p 00000000 00:00 0 
7f1ae97c7000-7f1ae99c7000 rw-p 00000000 00:00 0 
7f1ae99c7000-7f1ae99d0000 r-xp 00000000 103:01 281607                    /usr/lib/jvm/java-8-openjdk-amd64/jre/lib/amd64/libmanagement.so
7f1ae99d0000-7f1ae9bcf000 ---p 00009000 103:01 281607                    /usr/lib/jvm/java-8-openjdk-amd64/jre/lib/amd64/libmanagement.so
7f1ae9bcf000-7f1ae9bd0000 r--p 00008000 103:01 281607                    /usr/lib/jvm/java-8-openjdk-amd64/jre/lib/amd64/libmanagement.so
7f1ae9bd0000-7f1ae9bd1000 rw-p 00009000 103:01 281607                    /usr/lib/jvm/java-8-openjdk-amd64/jre/lib/amd64/libmanagement.so
7f1ae9bd1000-7f1ae9bd2000 r-xp 00000000 103:01 277851                    /tmp/libjansi-64-git-Spigot-798ea6a-44d675a-7840717187105375993.so
7f1ae9bd2000-7f1ae9dd1000 ---p 00001000 103:01 277851                    /tmp/libjansi-64-git-Spigot-798ea6a-44d675a-7840717187105375993.so
7f1ae9dd1000-7f1ae9dd2000 rw-p 00000000 103:01 277851                    /tmp/libjansi-64-git-Spigot-798ea6a-44d675a-7840717187105375993.so
7f1ae9dd2000-7f1ae9dd5000 ---p 00000000 00:00 0 
7f1ae9dd5000-7f1ae9e0b000 rw-p 00000000 00:00 0 
7f1ae9e0b000-7f1ae9e10000 r--s 000a3000 103:01 281654                    /usr/lib/jvm/java-8-openjdk-amd64/jre/lib/jsse.jar
7f1ae9e10000-7f1ae9fd4000 r--s 01cc4000 103:01 397039                    /home/admin/games/minecraft/iclouds/server/server.jar
7f1ae9fd4000-7f1ae9fd7000 r--s 00039000 103:01 281639                    /usr/lib/jvm/java-8-openjdk-amd64/jre/lib/ext/sunpkcs11.jar
7f1ae9fd7000-7f1ae9fdc000 r--s 0003c000 103:01 281638                    /usr/lib/jvm/java-8-openjdk-amd64/jre/lib/ext/sunjce_provider.jar
7f1ae9fdc000-7f1ae9fde000 r--s 00001000 103:01 281632                    /usr/lib/jvm/java-8-openjdk-amd64/jre/lib/ext/dnsns.jar
7f1ae9fde000-7f1ae9ff9000 r--s 00394000 103:01 281631                    /usr/lib/jvm/java-8-openjdk-amd64/jre/lib/ext/cldrdata.jar
7f1ae9ff9000-7f1ae9ffc000 r--s 0000f000 103:01 281633                    /usr/lib/jvm/java-8-openjdk-amd64/jre/lib/ext/icedtea-sound.jar
7f1ae9ffc000-7f1aea017000 r--s 001d6000 103:01 281636                    /usr/lib/jvm/java-8-openjdk-amd64/jre/lib/ext/nashorn.jar
7f1aea017000-7f1aea021000 r--s 00116000 103:01 281635                    /usr/lib/jvm/java-8-openjdk-amd64/jre/lib/ext/localedata.jar
7f1aea021000-7f1aea022000 ---p 00000000 00:00 0 
7f1aea022000-7f1aea122000 rw-p 00000000 00:00 0 
7f1aea122000-7f1aea125000 ---p 00000000 00:00 0 
7f1aea125000-7f1aea223000 rw-p 00000000 00:00 0 
7f1aea223000-7f1aea224000 ---p 00000000 00:00 0 
7f1aea224000-7f1aea227000 ---p 00000000 00:00 0 
7f1aea227000-7f1aea324000 rw-p 00000000 00:00 0 
7f1aea324000-7f1aea325000 ---p 00000000 00:00 0 
7f1aea325000-7f1aea328000 ---p 00000000 00:00 0 
7f1aea328000-7f1aea425000 rw-p 00000000 00:00 0 
7f1aea425000-7f1aea5c0000 r--p 00000000 103:01 277846                    /usr/lib/locale/locale-archive
7f1aea5c0000-7f1af1000000 rw-p 00000000 00:00 0 
7f1af1000000-7f1af5120000 rwxp 00000000 00:00 0 
7f1af5120000-7f1b00000000 ---p 00000000 00:00 0 
7f1b00000000-7f1b00d8e000 rw-p 00000000 00:00 0 
7f1b00d8e000-7f1b04000000 ---p 00000000 00:00 0 
7f1b04000000-7f1b04001000 r--s 00007000 103:01 415135                    /home/admin/games/minecraft/iclouds/server/plugins/SinglePlayerSleep-2.13.21.jar
7f1b04001000-7f1b04004000 ---p 00000000 00:00 0 
7f1b04004000-7f1b04102000 rw-p 00000000 00:00 0 
7f1b04102000-7f1b04105000 ---p 00000000 00:00 0 
7f1b04105000-7f1b04203000 rw-p 00000000 00:00 0 
7f1b04203000-7f1b04206000 ---p 00000000 00:00 0 
7f1b04206000-7f1b04304000 rw-p 00000000 00:00 0 
7f1b04304000-7f1b04305000 ---p 00000000 00:00 0 
7f1b04305000-7f1b04d0e000 rw-p 00000000 00:00 0 
7f1b04d0e000-7f1b04ede000 r--s 03c5c000 103:01 281660                    /usr/lib/jvm/java-8-openjdk-amd64/jre/lib/rt.jar
7f1b04ede000-7f1b04f54000 rw-p 00000000 00:00 0 
7f1b04f54000-7f1b05df8000 rw-p 00000000 00:00 0 
7f1b05df8000-7f1b05df9000 ---p 00000000 00:00 0 
7f1b05df9000-7f1b05ef9000 rw-p 00000000 00:00 0 
7f1b05ef9000-7f1b05efa000 ---p 00000000 00:00 0 
7f1b05efa000-7f1b05ffa000 rw-p 00000000 00:00 0 
7f1b05ffa000-7f1b06c12000 rw-p 00000000 00:00 0 
7f1b06c12000-7f1b06ecd000 ---p 00000000 00:00 0 
7f1b06ecd000-7f1b06ed5000 r-xp 00000000 103:01 281617                    /usr/lib/jvm/java-8-openjdk-amd64/jre/lib/amd64/libzip.so
7f1b06ed5000-7f1b070d4000 ---p 00008000 103:01 281617                    /usr/lib/jvm/java-8-openjdk-amd64/jre/lib/amd64/libzip.so
7f1b070d4000-7f1b070d5000 r--p 00007000 103:01 281617                    /usr/lib/jvm/java-8-openjdk-amd64/jre/lib/amd64/libzip.so
7f1b070d5000-7f1b070d6000 rw-p 00008000 103:01 281617                    /usr/lib/jvm/java-8-openjdk-amd64/jre/lib/amd64/libzip.so
7f1b070d6000-7f1b070e0000 r-xp 00000000 103:01 263357                    /lib/x86_64-linux-gnu/libnss_files-2.24.so
7f1b070e0000-7f1b072e0000 ---p 0000a000 103:01 263357                    /lib/x86_64-linux-gnu/libnss_files-2.24.so
7f1b072e0000-7f1b072e1000 r--p 0000a000 103:01 263357                    /lib/x86_64-linux-gnu/libnss_files-2.24.so
7f1b072e1000-7f1b072e2000 rw-p 0000b000 103:01 263357                    /lib/x86_64-linux-gnu/libnss_files-2.24.so
7f1b072e2000-7f1b072e8000 rw-p 00000000 00:00 0 
7f1b072e8000-7f1b072f3000 r-xp 00000000 103:01 263359                    /lib/x86_64-linux-gnu/libnss_nis-2.24.so
7f1b072f3000-7f1b074f2000 ---p 0000b000 103:01 263359                    /lib/x86_64-linux-gnu/libnss_nis-2.24.so
7f1b074f2000-7f1b074f3000 r--p 0000a000 103:01 263359                    /lib/x86_64-linux-gnu/libnss_nis-2.24.so
7f1b074f3000-7f1b074f4000 rw-p 0000b000 103:01 263359                    /lib/x86_64-linux-gnu/libnss_nis-2.24.so
7f1b074f4000-7f1b07508000 r-xp 00000000 103:01 263354                    /lib/x86_64-linux-gnu/libnsl-2.24.so
7f1b07508000-7f1b07708000 ---p 00014000 103:01 263354                    /lib/x86_64-linux-gnu/libnsl-2.24.so
7f1b07708000-7f1b07709000 r--p 00014000 103:01 263354                    /lib/x86_64-linux-gnu/libnsl-2.24.so
7f1b07709000-7f1b0770a000 rw-p 00015000 103:01 263354                    /lib/x86_64-linux-gnu/libnsl-2.24.so
7f1b0770a000-7f1b0770c000 rw-p 00000000 00:00 0 
7f1b0770c000-7f1b07713000 r-xp 00000000 103:01 263355                    /lib/x86_64-linux-gnu/libnss_compat-2.24.so
7f1b07713000-7f1b07912000 ---p 00007000 103:01 263355                    /lib/x86_64-linux-gnu/libnss_compat-2.24.so
7f1b07912000-7f1b07913000 r--p 00006000 103:01 263355                    /lib/x86_64-linux-gnu/libnss_compat-2.24.so
7f1b07913000-7f1b07914000 rw-p 00007000 103:01 263355                    /lib/x86_64-linux-gnu/libnss_compat-2.24.so
7f1b07914000-7f1b0793d000 r-xp 00000000 103:01 281598                    /usr/lib/jvm/java-8-openjdk-amd64/jre/lib/amd64/libjava.so
7f1b0793d000-7f1b07b3c000 ---p 00029000 103:01 281598                    /usr/lib/jvm/java-8-openjdk-amd64/jre/lib/amd64/libjava.so
7f1b07b3c000-7f1b07b3d000 r--p 00028000 103:01 281598                    /usr/lib/jvm/java-8-openjdk-amd64/jre/lib/amd64/libjava.so
7f1b07b3d000-7f1b07b3f000 rw-p 00029000 103:01 281598                    /usr/lib/jvm/java-8-openjdk-amd64/jre/lib/amd64/libjava.so
7f1b07b3f000-7f1b07b4e000 r-xp 00000000 103:01 281616                    /usr/lib/jvm/java-8-openjdk-amd64/jre/lib/amd64/libverify.so
7f1b07b4e000-7f1b07d4d000 ---p 0000f000 103:01 281616                    /usr/lib/jvm/java-8-openjdk-amd64/jre/lib/amd64/libverify.so
7f1b07d4d000-7f1b07d4f000 r--p 0000e000 103:01 281616                    /usr/lib/jvm/java-8-openjdk-amd64/jre/lib/amd64/libverify.so
7f1b07d4f000-7f1b07d50000 rw-p 00010000 103:01 281616                    /usr/lib/jvm/java-8-openjdk-amd64/jre/lib/amd64/libverify.so
7f1b07d50000-7f1b07d57000 r-xp 00000000 103:01 263364                    /lib/x86_64-linux-gnu/librt-2.24.so
7f1b07d57000-7f1b07f56000 ---p 00007000 103:01 263364                    /lib/x86_64-linux-gnu/librt-2.24.so
7f1b07f56000-7f1b07f57000 r--p 00006000 103:01 263364                    /lib/x86_64-linux-gnu/librt-2.24.so
7f1b07f57000-7f1b07f58000 rw-p 00007000 103:01 263364                    /lib/x86_64-linux-gnu/librt-2.24.so
7f1b07f58000-7f1b07f6e000 r-xp 00000000 103:01 263298                    /lib/x86_64-linux-gnu/libgcc_s.so.1
7f1b07f6e000-7f1b0816d000 ---p 00016000 103:01 263298                    /lib/x86_64-linux-gnu/libgcc_s.so.1
7f1b0816d000-7f1b0816e000 r--p 00015000 103:01 263298                    /lib/x86_64-linux-gnu/libgcc_s.so.1
7f1b0816e000-7f1b0816f000 rw-p 00016000 103:01 263298                    /lib/x86_64-linux-gnu/libgcc_s.so.1
7f1b0816f000-7f1b08272000 r-xp 00000000 103:01 263351                    /lib/x86_64-linux-gnu/libm-2.24.so
7f1b08272000-7f1b08471000 ---p 00103000 103:01 263351                    /lib/x86_64-linux-gnu/libm-2.24.so
7f1b08471000-7f1b08472000 r--p 00102000 103:01 263351                    /lib/x86_64-linux-gnu/libm-2.24.so
7f1b08472000-7f1b08473000 rw-p 00103000 103:01 263351                    /lib/x86_64-linux-gnu/libm-2.24.so
7f1b08473000-7f1b085e5000 r-xp 00000000 103:01 267518                    /usr/lib/x86_64-linux-gnu/libstdc++.so.6.0.22
7f1b085e5000-7f1b087e5000 ---p 00172000 103:01 267518                    /usr/lib/x86_64-linux-gnu/libstdc++.so.6.0.22
7f1b087e5000-7f1b087ef000 r--p 00172000 103:01 267518                    /usr/lib/x86_64-linux-gnu/libstdc++.so.6.0.22
7f1b087ef000-7f1b087f1000 rw-p 0017c000 103:01 267518                    /usr/lib/x86_64-linux-gnu/libstdc++.so.6.0.22
7f1b087f1000-7f1b087f5000 rw-p 00000000 00:00 0 
7f1b087f5000-7f1b0945c000 r-xp 00000000 103:01 281620                    /usr/lib/jvm/java-8-openjdk-amd64/jre/lib/amd64/server/libjvm.so
7f1b0945c000-7f1b0965b000 ---p 00c67000 103:01 281620                    /usr/lib/jvm/java-8-openjdk-amd64/jre/lib/amd64/server/libjvm.so
7f1b0965b000-7f1b096ef000 r--p 00c66000 103:01 281620                    /usr/lib/jvm/java-8-openjdk-amd64/jre/lib/amd64/server/libjvm.so
7f1b096ef000-7f1b09718000 rw-p 00cfa000 103:01 281620                    /usr/lib/jvm/java-8-openjdk-amd64/jre/lib/amd64/server/libjvm.so
7f1b09718000-7f1b09748000 rw-p 00000000 00:00 0 
7f1b09748000-7f1b098dd000 r-xp 00000000 103:01 263347                    /lib/x86_64-linux-gnu/libc-2.24.so
7f1b098dd000-7f1b09add000 ---p 00195000 103:01 263347                    /lib/x86_64-linux-gnu/libc-2.24.so
7f1b09add000-7f1b09ae1000 r--p 00195000 103:01 263347                    /lib/x86_64-linux-gnu/libc-2.24.so
7f1b09ae1000-7f1b09ae3000 rw-p 00199000 103:01 263347                    /lib/x86_64-linux-gnu/libc-2.24.so
7f1b09ae3000-7f1b09ae7000 rw-p 00000000 00:00 0 
7f1b09ae7000-7f1b09aea000 r-xp 00000000 103:01 263350                    /lib/x86_64-linux-gnu/libdl-2.24.so
7f1b09aea000-7f1b09ce9000 ---p 00003000 103:01 263350                    /lib/x86_64-linux-gnu/libdl-2.24.so
7f1b09ce9000-7f1b09cea000 r--p 00002000 103:01 263350                    /lib/x86_64-linux-gnu/libdl-2.24.so
7f1b09cea000-7f1b09ceb000 rw-p 00003000 103:01 263350                    /lib/x86_64-linux-gnu/libdl-2.24.so
7f1b09ceb000-7f1b09cf8000 r-xp 00000000 103:01 281584                    /usr/lib/jvm/java-8-openjdk-amd64/jre/lib/amd64/jli/libjli.so
7f1b09cf8000-7f1b09ef7000 ---p 0000d000 103:01 281584                    /usr/lib/jvm/java-8-openjdk-amd64/jre/lib/amd64/jli/libjli.so
7f1b09ef7000-7f1b09ef8000 r--p 0000c000 103:01 281584                    /usr/lib/jvm/java-8-openjdk-amd64/jre/lib/amd64/jli/libjli.so
7f1b09ef8000-7f1b09ef9000 rw-p 0000d000 103:01 281584                    /usr/lib/jvm/java-8-openjdk-amd64/jre/lib/amd64/jli/libjli.so
7f1b09ef9000-7f1b09f12000 r-xp 00000000 103:01 266133                    /lib/x86_64-linux-gnu/libz.so.1.2.8
7f1b09f12000-7f1b0a111000 ---p 00019000 103:01 266133                    /lib/x86_64-linux-gnu/libz.so.1.2.8
7f1b0a111000-7f1b0a112000 r--p 00018000 103:01 266133                    /lib/x86_64-linux-gnu/libz.so.1.2.8
7f1b0a112000-7f1b0a113000 rw-p 00019000 103:01 266133                    /lib/x86_64-linux-gnu/libz.so.1.2.8
7f1b0a113000-7f1b0a12b000 r-xp 00000000 103:01 263362                    /lib/x86_64-linux-gnu/libpthread-2.24.so
7f1b0a12b000-7f1b0a32a000 ---p 00018000 103:01 263362                    /lib/x86_64-linux-gnu/libpthread-2.24.so
7f1b0a32a000-7f1b0a32b000 r--p 00017000 103:01 263362                    /lib/x86_64-linux-gnu/libpthread-2.24.so
7f1b0a32b000-7f1b0a32c000 rw-p 00018000 103:01 263362                    /lib/x86_64-linux-gnu/libpthread-2.24.so
7f1b0a32c000-7f1b0a330000 rw-p 00000000 00:00 0 
7f1b0a330000-7f1b0a353000 r-xp 00000000 103:01 263343                    /lib/x86_64-linux-gnu/ld-2.24.so
7f1b0a353000-7f1b0a3fc000 rw-p 00000000 00:00 0 
7f1b0a3fc000-7f1b0a43f000 rw-p 00000000 00:00 0 
7f1b0a43f000-7f1b0a447000 rw-s 00000000 103:01 277847                    /tmp/hsperfdata_root/493
7f1b0a447000-7f1b0a448000 ---p 00000000 00:00 0 
7f1b0a448000-7f1b0a44b000 ---p 00000000 00:00 0 
7f1b0a44b000-7f1b0a54c000 rw-p 00000000 00:00 0 
7f1b0a54c000-7f1b0a54d000 r--s 00010000 103:01 281640                    /usr/lib/jvm/java-8-openjdk-amd64/jre/lib/ext/zipfs.jar
7f1b0a54d000-7f1b0a54e000 r--s 0000a000 103:01 281634                    /usr/lib/jvm/java-8-openjdk-amd64/jre/lib/ext/jaccess.jar
7f1b0a54e000-7f1b0a54f000 r--s 0000d000 103:01 281637                    /usr/lib/jvm/java-8-openjdk-amd64/jre/lib/ext/sunec.jar
7f1b0a54f000-7f1b0a551000 r--s 00007000 103:01 412625                    /usr/share/java/java-atk-wrapper.jar
7f1b0a551000-7f1b0a552000 rw-p 00000000 00:00 0 
7f1b0a552000-7f1b0a553000 ---p 00000000 00:00 0 
7f1b0a553000-7f1b0a554000 r--p 00023000 103:01 263343                    /lib/x86_64-linux-gnu/ld-2.24.so
7f1b0a554000-7f1b0a555000 rw-p 00024000 103:01 263343                    /lib/x86_64-linux-gnu/ld-2.24.so
7f1b0a555000-7f1b0a556000 rw-p 00000000 00:00 0 
7ffc2bd65000-7ffc2bd86000 rw-p 00000000 00:00 0                          [stack]
7ffc2bd87000-7ffc2bd89000 r--p 00000000 00:00 0                          [vvar]
7ffc2bd89000-7ffc2bd8b000 r-xp 00000000 00:00 0                          [vdso]
ffffffffff600000-ffffffffff601000 r-xp 00000000 00:00 0                  [vsyscall]

VM Arguments:
jvm_args: -Xmx3400M -Xms3400M 
java_command: server.jar nogui
java_class_path (initial): server.jar
Launcher Type: SUN_STANDARD

Environment Variables:
PATH=/usr/bin:/bin
SHELL=/bin/sh

Signal Handlers:
SIGSEGV: [libjvm.so+0xa7cfe0], sa_mask[0]=11111111011111111101111111111110, sa_flags=SA_RESTART|SA_SIGINFO
SIGBUS: [libjvm.so+0xa7cfe0], sa_mask[0]=11111111011111111101111111111110, sa_flags=SA_RESTART|SA_SIGINFO
SIGFPE: [libjvm.so+0x8c64a0], sa_mask[0]=11111111011111111101111111111110, sa_flags=SA_RESTART|SA_SIGINFO
SIGPIPE: [libjvm.so+0x8c64a0], sa_mask[0]=11111111011111111101111111111110, sa_flags=SA_RESTART|SA_SIGINFO
SIGXFSZ: [libjvm.so+0x8c64a0], sa_mask[0]=11111111011111111101111111111110, sa_flags=SA_RESTART|SA_SIGINFO
SIGILL: [libjvm.so+0x8c64a0], sa_mask[0]=11111111011111111101111111111110, sa_flags=SA_RESTART|SA_SIGINFO
SIGUSR1: SIG_DFL, sa_mask[0]=00000000000000000000000000000000, sa_flags=none
SIGUSR2: [libjvm.so+0x8c6350], sa_mask[0]=00000000000000000000000000000000, sa_flags=SA_RESTART|SA_SIGINFO
SIGHUP: [libjvm.so+0x8c69c0], sa_mask[0]=11111111011111111101111111111110, sa_flags=SA_RESTART|SA_SIGINFO
SIGINT: [libjvm.so+0x8c69c0], sa_mask[0]=11111111011111111101111111111110, sa_flags=SA_RESTART|SA_SIGINFO
SIGTERM: [libjvm.so+0x8c69c0], sa_mask[0]=11111111011111111101111111111110, sa_flags=SA_RESTART|SA_SIGINFO
SIGQUIT: [libjvm.so+0x8c69c0], sa_mask[0]=11111111011111111101111111111110, sa_flags=SA_RESTART|SA_SIGINFO


---------------  S Y S T E M  ---------------

OS:PRETTY_NAME="Debian GNU/Linux 9 (stretch)"
NAME="Debian GNU/Linux"
VERSION_ID="9"
VERSION="9 (stretch)"
ID=debian
HOME_URL="https://www.debian.org/"
SUPPORT_URL="https://www.debian.org/support"
BUG_REPORT_URL="https://bugs.debian.org/"

uname:Linux 4.9.0-9-amd64 #1 SMP Debian 4.9.168-1+deb9u5 (2019-08-11) x86_64
libc:glibc 2.24 NPTL 2.24 
rlimit: STACK 8192k, CORE 0k, NPROC 15497, NOFILE 1048576, AS infinity
load average:3.01 1.23 0.68

/proc/meminfo:
MemTotal:        3989428 kB
MemFree:          102548 kB
MemAvailable:          0 kB
Buffers:             168 kB
Cached:             7796 kB
SwapCached:            0 kB
Active:          3829440 kB
Inactive:           7396 kB
Active(anon):    3828996 kB
Inactive(anon):     6532 kB
Active(file):        444 kB
Inactive(file):      864 kB
Unevictable:           0 kB
Mlocked:               0 kB
SwapTotal:             0 kB
SwapFree:              0 kB
Dirty:               196 kB
Writeback:             0 kB
AnonPages:       3828868 kB
Mapped:             1528 kB
Shmem:              6660 kB
Slab:              16760 kB
SReclaimable:       7680 kB
SUnreclaim:         9080 kB
KernelStack:        1552 kB
PageTables:         9004 kB
NFS_Unstable:          0 kB
Bounce:                0 kB
WritebackTmp:          0 kB
CommitLimit:     1994712 kB
Committed_AS:    3970184 kB
VmallocTotal:   34359738367 kB
VmallocUsed:           0 kB
VmallocChunk:          0 kB
HardwareCorrupted:     0 kB
AnonHugePages:         0 kB
ShmemHugePages:        0 kB
ShmemPmdMapped:        0 kB
HugePages_Total:       0
HugePages_Free:        0
HugePages_Rsvd:        0
HugePages_Surp:        0
Hugepagesize:       2048 kB
DirectMap4k:       55272 kB
DirectMap2M:     4077568 kB
DirectMap1G:           0 kB

container (cgroup) information:
container_type: cgroupv1
cpu_cpuset_cpus: 0-1
cpu_memory_nodes: 0
active_processor_count: 2
cpu_quota: -1
cpu_period: 100000
cpu_shares: -1
memory_limit_in_bytes: -1
memory_and_swap_limit_in_bytes: -2
memory_soft_limit_in_bytes: -1
memory_usage_in_bytes: 3929165824
memory_max_usage_in_bytes: 0


CPU:total 2 (initial active 2) (2 cores per cpu, 2 threads per core) family 6 model 85 stepping 4, cmov, cx8, fxsr, mmx, sse, sse2, sse3, ssse3, sse4.1, sse4.2, popcnt, avx, avx2, aes, clmul, erms, rtm, 3dnowpref, lzcnt, ht, tsc, tscinvbit, bmi1, bmi2, adx

/proc/cpuinfo:
processor	: 0
vendor_id	: GenuineIntel
cpu family	: 6
model		: 85
model name	: Intel(R) Xeon(R) Platinum 8175M CPU @ 2.50GHz
stepping	: 4
microcode	: 0x200005e
cpu MHz		: 2500.000
cache size	: 33792 KB
physical id	: 0
siblings	: 2
core id		: 0
cpu cores	: 1
apicid		: 0
initial apicid	: 0
fpu		: yes
fpu_exception	: yes
cpuid level	: 13
wp		: yes
flags		: fpu vme de pse tsc msr pae mce cx8 apic sep mtrr pge mca cmov pat pse36 clflush mmx fxsr sse sse2 ss ht syscall nx pdpe1gb rdtscp lm constant_tsc rep_good nopl xtopology nonstop_tsc pni pclmulqdq ssse3 fma cx16 pcid sse4_1 sse4_2 x2apic movbe popcnt tsc_deadline_timer aes xsave avx f16c rdrand hypervisor lahf_lm abm 3dnowprefetch invpcid_single kaiser fsgsbase tsc_adjust bmi1 hle avx2 smep bmi2 erms invpcid rtm mpx avx512f avx512dq rdseed adx smap clflushopt clwb avx512cd avx512bw avx512vl xsaveopt xsavec xgetbv1 xsaves ida arat pku ospke
bugs		: cpu_meltdown spectre_v1 spectre_v2 spec_store_bypass l1tf mds swapgs
bogomips	: 5000.00
clflush size	: 64
cache_alignment	: 64
address sizes	: 46 bits physical, 48 bits virtual
power management:

processor	: 1
vendor_id	: GenuineIntel
cpu family	: 6
model		: 85
model name	: Intel(R) Xeon(R) Platinum 8175M CPU @ 2.50GHz
stepping	: 4
microcode	: 0x200005e
cpu MHz		: 2500.000
cache size	: 33792 KB
physical id	: 0
siblings	: 2
core id		: 0
cpu cores	: 1
apicid		: 1
initial apicid	: 1
fpu		: yes
fpu_exception	: yes
cpuid level	: 13
wp		: yes
flags		: fpu vme de pse tsc msr pae mce cx8 apic sep mtrr pge mca cmov pat pse36 clflush mmx fxsr sse sse2 ss ht syscall nx pdpe1gb rdtscp lm constant_tsc rep_good nopl xtopology nonstop_tsc pni pclmulqdq ssse3 fma cx16 pcid sse4_1 sse4_2 x2apic movbe popcnt tsc_deadline_timer aes xsave avx f16c rdrand hypervisor lahf_lm abm 3dnowprefetch invpcid_single kaiser fsgsbase tsc_adjust bmi1 hle avx2 smep bmi2 erms invpcid rtm mpx avx512f avx512dq rdseed adx smap clflushopt clwb avx512cd avx512bw avx512vl xsaveopt xsavec xgetbv1 xsaves ida arat pku ospke
bugs		: cpu_meltdown spectre_v1 spectre_v2 spec_store_bypass l1tf mds swapgs
bogomips	: 5000.00
clflush size	: 64
cache_alignment	: 64
address sizes	: 46 bits physical, 48 bits virtual
power management:



Memory: 4k page, physical 3989428k(102548k free), swap 0k(0k free)

vm_info: OpenJDK 64-Bit Server VM (25.222-b10) for linux-amd64 JRE (1.8.0_222-8u222-b10-1~deb9u1-b10), built on Jul 19 2019 16:57:48 by "pbuilder" with gcc 6.3.0 20170516

time: Fri Aug 30 01:10:12 2019
timezone: UTC
elapsed time: 17877 seconds (0d 4h 57m 57s)

