#
# There is insufficient memory for the Java Runtime Environment to continue.
# Native memory allocation (mmap) failed to map 12288 bytes for committing reserved memory.
# Possible reasons:
#   The system is out of physical RAM or swap space
#   The process is running with CompressedOops enabled, and the Java Heap may be blocking the growth of the native heap
# Possible solutions:
#   Reduce memory load on the system
#   Increase physical memory or swap space
#   Check if swap backing store is full
#   Decrease Java heap size (-Xmx/-Xms)
#   Decrease number of Java threads
#   Decrease Java thread stack sizes (-Xss)
#   Set larger code cache with -XX:ReservedCodeCacheSize=
#   JVM is running with Unscaled Compressed Oops mode in which the Java heap is
#     placed in the first 4GB address space. The Java Heap base address is the
#     maximum limit for the native heap growth. Please use -XX:HeapBaseMinAddress
#     to set the Java Heap base and to place the Java Heap above 4GB virtual address.
# This output file may be truncated or incomplete.
#
#  Out of Memory Error (os_linux.cpp:2757), pid=497, tid=0x00007f244f6cd700
#
# JRE version: OpenJDK Runtime Environment (8.0_222-b10) (build 1.8.0_222-8u222-b10-1~deb9u1-b10)
# Java VM: OpenJDK 64-Bit Server VM (25.222-b10 mixed mode linux-amd64 compressed oops)
# Failed to write core dump. Core dumps have been disabled. To enable core dumping, try "ulimit -c unlimited" before starting Java again
#

---------------  T H R E A D  ---------------

Current thread (0x00007f24587ec000):  JavaThread "Server-Worker-677" daemon [_thread_new, id=1967, stack(0x00007f244f5cd000,0x00007f244f6ce000)]

Stack: [0x00007f244f5cd000,0x00007f244f6ce000],  sp=0x00007f244f6ccb50,  free space=1022k
Native frames: (J=compiled Java code, j=interpreted, Vv=VM code, C=native code)
V  [libjvm.so+0xa7c530]
V  [libjvm.so+0x4cbb3c]
V  [libjvm.so+0x8cae0c]
V  [libjvm.so+0x8c239e]
V  [libjvm.so+0x8cc397]
V  [libjvm.so+0xa1dd48]
V  [libjvm.so+0xa21e7c]
V  [libjvm.so+0x8c8622]
C  [libpthread.so.0+0x74a4]  start_thread+0xc4


---------------  P R O C E S S  ---------------

Java Threads: ( => current thread )
=>0x00007f24587ec000 JavaThread "Server-Worker-677" daemon [_thread_new, id=1967, stack(0x00007f244f5cd000,0x00007f244f6ce000)]
  0x00007f24702d3000 JavaThread "Netty Epoll Server IO #3" daemon [_thread_in_native, id=1001, stack(0x00007f248d606000,0x00007f248d707000)]
  0x00007f2470bb9000 JavaThread "Netty Epoll Server IO #2" daemon [_thread_in_native, id=974, stack(0x00007f24506cf000,0x00007f24507d0000)]
  0x00007f2470110000 JavaThread "Netty Epoll Server IO #1" daemon [_thread_in_native, id=972, stack(0x00007f2451dd1000,0x00007f2451ed2000)]
  0x00007f2458826000 JavaThread "Timer-0" daemon [_thread_blocked, id=909, stack(0x00007f24526d2000,0x00007f24527d3000)]
  0x00007f245866d800 JavaThread "WorldEdit Session Manager" [_thread_blocked, id=906, stack(0x00007f24529d3000,0x00007f2452ad4000)]
  0x00007f24581a2000 JavaThread "Netty Epoll Server IO #0" daemon [_thread_in_native, id=887, stack(0x00007f24534d4000,0x00007f24535d5000)]
  0x00007f24581a0800 JavaThread "ObjectCleanerThread" daemon [_thread_blocked, id=886, stack(0x00007f24640ca000,0x00007f24641cb000)]
  0x00007f24580b1000 JavaThread "Spigot Metrics Thread" daemon [_thread_blocked, id=883, stack(0x00007f24643f7000,0x00007f24644f8000)]
  0x00007f245809f000 JavaThread "Spigot Watchdog Thread" [_thread_blocked, id=882, stack(0x00007f24646f8000,0x00007f24647f9000)]
  0x00007f2458003000 JavaThread "Server console handler" daemon [_thread_in_native, id=880, stack(0x00007f24647f9000,0x00007f24648fa000)]
  0x00007f2458002000 JavaThread "Thread-4" daemon [_thread_blocked, id=879, stack(0x00007f24648fa000,0x00007f24649fb000)]
  0x00007f24a800a800 JavaThread "DestroyJavaVM" [_thread_blocked, id=509, stack(0x00007f24aef5c000,0x00007f24af05c000)]
  0x00007f24a8d0b800 JavaThread "Server thread" [_thread_in_vm, id=878, stack(0x00007f24649fb000,0x00007f2464afc000)]
  0x00007f24a8d0a800 JavaThread "Server Infinisleeper" daemon [_thread_blocked, id=877, stack(0x00007f2464afc000,0x00007f2464bfd000)]
  0x00007f24a8cfb000 JavaThread "NonBlockingInputStreamThread" daemon [_thread_blocked, id=876, stack(0x00007f2464bfd000,0x00007f2464cfe000)]
  0x00007f24a8cd0000 JavaThread "Snooper Timer" daemon [_thread_blocked, id=865, stack(0x00007f2464cfe000,0x00007f2464dff000)]
  0x00007f24a8141000 JavaThread "Service Thread" daemon [_thread_blocked, id=520, stack(0x00007f248e655000,0x00007f248e756000)]
  0x00007f24a813e000 JavaThread "C1 CompilerThread1" daemon [_thread_blocked, id=519, stack(0x00007f248e757000,0x00007f248e857000)]
  0x00007f24a813b000 JavaThread "C2 CompilerThread0" daemon [_thread_blocked, id=518, stack(0x00007f248e858000,0x00007f248e958000)]
  0x00007f24a8139800 JavaThread "Signal Dispatcher" daemon [_thread_blocked, id=517, stack(0x00007f248e958000,0x00007f248ea59000)]
  0x00007f24a8107800 JavaThread "Finalizer" daemon [_thread_blocked, id=515, stack(0x00007f248ebf4000,0x00007f248ecf5000)]
  0x00007f24a8105000 JavaThread "Reference Handler" daemon [_thread_blocked, id=514, stack(0x00007f248ecf5000,0x00007f248edf6000)]

Other Threads:
  0x00007f24a80fb000 VMThread [stack: 0x00007f248edf7000,0x00007f248eef7000] [id=513]
  0x00007f24a8143000 WatcherThread [stack: 0x00007f248e555000,0x00007f248e655000] [id=521]

VM state:not at safepoint (normal execution)

VM Mutex/Monitor currently owned by a thread: None

heap address: 0x000000008f800000, size: 1800 MB, Compressed Oops mode: 32-bit
Narrow klass base: 0x0000000000000000, Narrow klass shift: 3
Compressed class space size: 1073741824 Address: 0x0000000100000000

Heap:
 PSYoungGen      total 599552K, used 402265K [0x00000000da800000, 0x0000000100000000, 0x0000000100000000)
  eden space 590848K, 66% used [0x00000000da800000,0x00000000f285a550,0x00000000fe900000)
  from space 8704K, 99% used [0x00000000ff780000,0x00000000ffffc0d0,0x0000000100000000)
  to   space 11776K, 0% used [0x00000000fe900000,0x00000000fe900000,0x00000000ff480000)
 ParOldGen       total 1228800K, used 1027564K [0x000000008f800000, 0x00000000da800000, 0x00000000da800000)
  object space 1228800K, 83% used [0x000000008f800000,0x00000000ce37b1c0,0x00000000da800000)
 Metaspace       used 83208K, capacity 91721K, committed 91924K, reserved 1128448K
  class space    used 11004K, capacity 12788K, committed 12860K, reserved 1048576K

Card table byte_map: [0x00007f2498294000,0x00007f2498619000] byte_map_base: 0x00007f2497e18000

Marking Bits: (ParMarkBitMap*) 0x00007f24ae23f560
 Begin Bits: [0x00007f24945fa000, 0x00007f249621a000)
 End Bits:   [0x00007f249621a000, 0x00007f2497e3a000)

Polling page: 0x00007f24af066000

CodeCache: size=245760Kb used=55342Kb max_used=56092Kb free=190417Kb
 bounds [0x00007f24989d9000, 0x00007f249c169000, 0x00007f24a79d9000]
 total_blobs=16815 nmethods=15927 adapters=793
 compilation: enabled

Compilation events (10 events):
Event: 16312.966 Thread 0x00007f24a813e000 27668  s!   3       net.minecraft.server.v1_14_R1.RegionFile::a (496 bytes)
Event: 16312.982 Thread 0x00007f24a813e000 nmethod 27668 0x00007f249af6b510 code [0x00007f249af6b980, 0x00007f249af6e478]
Event: 16318.087 Thread 0x00007f24a813b000 27669       4       net.minecraft.server.v1_14_R1.EntityHuman::checkMovement (476 bytes)
Event: 16318.252 Thread 0x00007f24a813b000 nmethod 27669 0x00007f249bafc310 code [0x00007f249bafc8c0, 0x00007f249bafeee0]
Event: 16320.418 Thread 0x00007f24a813e000 27670       1       net.minecraft.server.v1_14_R1.EntityGolem::getSoundAmbient (2 bytes)
Event: 16320.434 Thread 0x00007f24a813e000 nmethod 27670 0x00007f249ad80d90 code [0x00007f249ad80ee0, 0x00007f249ad80ff0]
Event: 16322.624 Thread 0x00007f24a813e000 27671       3       net.minecraft.server.v1_14_R1.EntityPositionTypes$$Lambda$3296/751478895::test (11 bytes)
Event: 16322.638 Thread 0x00007f24a813e000 nmethod 27671 0x00007f2498bc8c90 code [0x00007f2498bc8e00, 0x00007f2498bc90c8]
Event: 16322.639 Thread 0x00007f24a813e000 27672       3       net.minecraft.server.v1_14_R1.EntityPigZombie::b (16 bytes)
Event: 16322.639 Thread 0x00007f24a813e000 nmethod 27672 0x00007f249be65dd0 code [0x00007f249be65f40, 0x00007f249be66188]

GC Heap History (10 events):
Event: 16304.594 GC heap before
{Heap before GC invocations=1829 (full 3):
 PSYoungGen      total 606208K, used 603287K [0x00000000da800000, 0x0000000100000000, 0x0000000100000000)
  eden space 598016K, 100% used [0x00000000da800000,0x00000000ff000000,0x00000000ff000000)
  from space 8192K, 64% used [0x00000000ff000000,0x00000000ff525f18,0x00000000ff800000)
  to   space 8192K, 0% used [0x00000000ff800000,0x00000000ff800000,0x0000000100000000)
 ParOldGen       total 1228800K, used 1020993K [0x000000008f800000, 0x00000000da800000, 0x00000000da800000)
  object space 1228800K, 83% used [0x000000008f800000,0x00000000cdd10410,0x00000000da800000)
 Metaspace       used 83207K, capacity 91717K, committed 91924K, reserved 1128448K
  class space    used 11004K, capacity 12788K, committed 12860K, reserved 1048576K
Event: 16304.610 GC heap after
Heap after GC invocations=1829 (full 3):
 PSYoungGen      total 606208K, used 4913K [0x00000000da800000, 0x0000000100000000, 0x0000000100000000)
  eden space 598016K, 0% used [0x00000000da800000,0x00000000da800000,0x00000000ff000000)
  from space 8192K, 59% used [0x00000000ff800000,0x00000000ffccc7d8,0x0000000100000000)
  to   space 8192K, 0% used [0x00000000ff000000,0x00000000ff000000,0x00000000ff800000)
 ParOldGen       total 1228800K, used 1021553K [0x000000008f800000, 0x00000000da800000, 0x00000000da800000)
  object space 1228800K, 83% used [0x000000008f800000,0x00000000cdd9c470,0x00000000da800000)
 Metaspace       used 83207K, capacity 91717K, committed 91924K, reserved 1128448K
  class space    used 11004K, capacity 12788K, committed 12860K, reserved 1048576K
}
Event: 16311.329 GC heap before
{Heap before GC invocations=1830 (full 3):
 PSYoungGen      total 606208K, used 602929K [0x00000000da800000, 0x0000000100000000, 0x0000000100000000)
  eden space 598016K, 100% used [0x00000000da800000,0x00000000ff000000,0x00000000ff000000)
  from space 8192K, 59% used [0x00000000ff800000,0x00000000ffccc7d8,0x0000000100000000)
  to   space 8192K, 0% used [0x00000000ff000000,0x00000000ff000000,0x00000000ff800000)
 ParOldGen       total 1228800K, used 1021553K [0x000000008f800000, 0x00000000da800000, 0x00000000da800000)
  object space 1228800K, 83% used [0x000000008f800000,0x00000000cdd9c470,0x00000000da800000)
 Metaspace       used 83207K, capacity 91717K, committed 91924K, reserved 1128448K
  class space    used 11004K, capacity 12788K, committed 12860K, reserved 1048576K
Event: 16311.375 GC heap after
Heap after GC invocations=1830 (full 3):
 PSYoungGen      total 606208K, used 5667K [0x00000000da800000, 0x0000000100000000, 0x0000000100000000)
  eden space 598016K, 0% used [0x00000000da800000,0x00000000da800000,0x00000000ff000000)
  from space 8192K, 69% used [0x00000000ff000000,0x00000000ff588f30,0x00000000ff800000)
  to   space 8192K, 0% used [0x00000000ff800000,0x00000000ff800000,0x0000000100000000)
 ParOldGen       total 1228800K, used 1021753K [0x000000008f800000, 0x00000000da800000, 0x00000000da800000)
  object space 1228800K, 83% used [0x000000008f800000,0x00000000cddce4d0,0x00000000da800000)
 Metaspace       used 83207K, capacity 91717K, committed 91924K, reserved 1128448K
  class space    used 11004K, capacity 12788K, committed 12860K, reserved 1048576K
}
Event: 16317.869 GC heap before
{Heap before GC invocations=1831 (full 3):
 PSYoungGen      total 606208K, used 603683K [0x00000000da800000, 0x0000000100000000, 0x0000000100000000)
  eden space 598016K, 100% used [0x00000000da800000,0x00000000ff000000,0x00000000ff000000)
  from space 8192K, 69% used [0x00000000ff000000,0x00000000ff588f30,0x00000000ff800000)
  to   space 8192K, 0% used [0x00000000ff800000,0x00000000ff800000,0x0000000100000000)
 ParOldGen       total 1228800K, used 1021753K [0x000000008f800000, 0x00000000da800000, 0x00000000da800000)
  object space 1228800K, 83% used [0x000000008f800000,0x00000000cddce4d0,0x00000000da800000)
 Metaspace       used 83207K, capacity 91717K, committed 91924K, reserved 1128448K
  class space    used 11004K, capacity 12788K, committed 12860K, reserved 1048576K
Event: 16317.895 GC heap after
Heap after GC invocations=1831 (full 3):
 PSYoungGen      total 605184K, used 8179K [0x00000000da800000, 0x0000000100000000, 0x0000000100000000)
  eden space 596992K, 0% used [0x00000000da800000,0x00000000da800000,0x00000000fef00000)
  from space 8192K, 99% used [0x00000000ff800000,0x00000000ffffcec8,0x0000000100000000)
  to   space 8704K, 0% used [0x00000000fef00000,0x00000000fef00000,0x00000000ff780000)
 ParOldGen       total 1228800K, used 1022097K [0x000000008f800000, 0x00000000da800000, 0x00000000da800000)
  object space 1228800K, 83% used [0x000000008f800000,0x00000000cde24560,0x00000000da800000)
 Metaspace       used 83207K, capacity 91717K, committed 91924K, reserved 1128448K
  class space    used 11004K, capacity 12788K, committed 12860K, reserved 1048576K
}
Event: 16324.370 GC heap before
{Heap before GC invocations=1832 (full 3):
 PSYoungGen      total 605184K, used 605171K [0x00000000da800000, 0x0000000100000000, 0x0000000100000000)
  eden space 596992K, 100% used [0x00000000da800000,0x00000000fef00000,0x00000000fef00000)
  from space 8192K, 99% used [0x00000000ff800000,0x00000000ffffcec8,0x0000000100000000)
  to   space 8704K, 0% used [0x00000000fef00000,0x00000000fef00000,0x00000000ff780000)
 ParOldGen       total 1228800K, used 1022097K [0x000000008f800000, 0x00000000da800000, 0x00000000da800000)
  object space 1228800K, 83% used [0x000000008f800000,0x00000000cde24560,0x00000000da800000)
 Metaspace       used 83208K, capacity 91721K, committed 91924K, reserved 1128448K
  class space    used 11004K, capacity 12788K, committed 12860K, reserved 1048576K
Event: 16324.409 GC heap after
Heap after GC invocations=1832 (full 3):
 PSYoungGen      total 605696K, used 8672K [0x00000000da800000, 0x0000000100000000, 0x0000000100000000)
  eden space 596992K, 0% used [0x00000000da800000,0x00000000da800000,0x00000000fef00000)
  from space 8704K, 99% used [0x00000000fef00000,0x00000000ff7780b8,0x00000000ff780000)
  to   space 8704K, 0% used [0x00000000ff780000,0x00000000ff780000,0x0000000100000000)
 ParOldGen       total 1228800K, used 1024260K [0x000000008f800000, 0x00000000da800000, 0x00000000da800000)
  object space 1228800K, 83% used [0x000000008f800000,0x00000000ce041328,0x00000000da800000)
 Metaspace       used 83208K, capacity 91721K, committed 91924K, reserved 1128448K
  class space    used 11004K, capacity 12788K, committed 12860K, reserved 1048576K
}
Event: 16331.020 GC heap before
{Heap before GC invocations=1833 (full 3):
 PSYoungGen      total 605696K, used 605664K [0x00000000da800000, 0x0000000100000000, 0x0000000100000000)
  eden space 596992K, 100% used [0x00000000da800000,0x00000000fef00000,0x00000000fef00000)
  from space 8704K, 99% used [0x00000000fef00000,0x00000000ff7780b8,0x00000000ff780000)
  to   space 8704K, 0% used [0x00000000ff780000,0x00000000ff780000,0x0000000100000000)
 ParOldGen       total 1228800K, used 1024260K [0x000000008f800000, 0x00000000da800000, 0x00000000da800000)
  object space 1228800K, 83% used [0x000000008f800000,0x00000000ce041328,0x00000000da800000)
 Metaspace       used 83208K, capacity 91721K, committed 91924K, reserved 1128448K
  class space    used 11004K, capacity 12788K, committed 12860K, reserved 1048576K
Event: 16331.108 GC heap after
Heap after GC invocations=1833 (full 3):
 PSYoungGen      total 599552K, used 8688K [0x00000000da800000, 0x0000000100000000, 0x0000000100000000)
  eden space 590848K, 0% used [0x00000000da800000,0x00000000da800000,0x00000000fe900000)
  from space 8704K, 99% used [0x00000000ff780000,0x00000000ffffc0d0,0x0000000100000000)
  to   space 11776K, 0% used [0x00000000fe900000,0x00000000fe900000,0x00000000ff480000)
 ParOldGen       total 1228800K, used 1027564K [0x000000008f800000, 0x00000000da800000, 0x00000000da800000)
  object space 1228800K, 83% used [0x000000008f800000,0x00000000ce37b1c0,0x00000000da800000)
 Metaspace       used 83208K, capacity 91721K, committed 91924K, reserved 1128448K
  class space    used 11004K, capacity 12788K, committed 12860K, reserved 1048576K
}

Deoptimization events (10 events):
Event: 16268.489 Thread 0x00007f24a8d0b800 Uncommon trap: reason=bimorphic action=maybe_recompile pc=0x00007f249b43de3c method=net.minecraft.server.v1_14_R1.IBlockData.b(Lnet/minecraft/server/v1_14_R1/IBlockAccess;Lnet/minecraft/server/v1_14_R1/BlockPosition;)I @ 22
Event: 16269.081 Thread 0x00007f24a8d0b800 Uncommon trap: reason=bimorphic action=maybe_recompile pc=0x00007f249a899444 method=net.minecraft.server.v1_14_R1.BlockPosition$MutableBlockPosition.g(Lnet/minecraft/server/v1_14_R1/BaseBlockPosition;)Lnet/minecraft/server/v1_14_R1/BlockPosition$MutableBl
Event: 16269.081 Thread 0x00007f24a8d0b800 Uncommon trap: reason=bimorphic action=maybe_recompile pc=0x00007f249a899444 method=net.minecraft.server.v1_14_R1.BlockPosition$MutableBlockPosition.g(Lnet/minecraft/server/v1_14_R1/BaseBlockPosition;)Lnet/minecraft/server/v1_14_R1/BlockPosition$MutableBl
Event: 16269.081 Thread 0x00007f24a8d0b800 Uncommon trap: reason=bimorphic action=maybe_recompile pc=0x00007f249a899444 method=net.minecraft.server.v1_14_R1.BlockPosition$MutableBlockPosition.g(Lnet/minecraft/server/v1_14_R1/BaseBlockPosition;)Lnet/minecraft/server/v1_14_R1/BlockPosition$MutableBl
Event: 16269.081 Thread 0x00007f24a8d0b800 Uncommon trap: reason=bimorphic action=maybe_recompile pc=0x00007f249a899444 method=net.minecraft.server.v1_14_R1.BlockPosition$MutableBlockPosition.g(Lnet/minecraft/server/v1_14_R1/BaseBlockPosition;)Lnet/minecraft/server/v1_14_R1/BlockPosition$MutableBl
Event: 16269.081 Thread 0x00007f24a8d0b800 Uncommon trap: reason=bimorphic action=maybe_recompile pc=0x00007f249aba7a10 method=net.minecraft.server.v1_14_R1.Chunk.setType(Lnet/minecraft/server/v1_14_R1/BlockPosition;Lnet/minecraft/server/v1_14_R1/IBlockData;ZZ)Lnet/minecraft/server/v1_14_R1/IBlock
Event: 16269.081 Thread 0x00007f24a8d0b800 Uncommon trap: reason=bimorphic action=maybe_recompile pc=0x00007f249b43de3c method=net.minecraft.server.v1_14_R1.IBlockData.b(Lnet/minecraft/server/v1_14_R1/IBlockAccess;Lnet/minecraft/server/v1_14_R1/BlockPosition;)I @ 22
Event: 16269.136 Thread 0x00007f24a8d0b800 Uncommon trap: reason=unstable_if action=reinterpret pc=0x00007f249aed9034 method=net.minecraft.server.v1_14_R1.EntityLiving.isClimbing()Z @ 37
Event: 16269.136 Thread 0x00007f24a8d0b800 Uncommon trap: reason=unstable_if action=reinterpret pc=0x00007f249b539a70 method=net.minecraft.server.v1_14_R1.EntityLiving.isClimbing()Z @ 37
Event: 16289.812 Thread 0x00007f24a8d0b800 Uncommon trap: reason=unstable_if action=reinterpret pc=0x00007f249bd3b940 method=net.minecraft.server.v1_14_R1.RegionFile.a(Lnet/minecraft/server/v1_14_R1/ChunkCoordIntPair;[BI)V @ 173

Classes redefined (0 events):
No events

Internal exceptions (10 events):
Event: 14704.670 Thread 0x00007f24587e9800 Implicit null exception at 0x00007f249a4b3de7 to 0x00007f249a4b4ef5
Event: 14704.704 Thread 0x00007f24587e9800 Implicit null exception at 0x00007f249b8a0741 to 0x00007f249b8a7c05
Event: 14764.780 Thread 0x00007f24a8d0b800 Implicit null exception at 0x00007f249932f177 to 0x00007f249932f2a1
Event: 14845.448 Thread 0x00007f24587e5800 Implicit null exception at 0x00007f249bb04040 to 0x00007f249bb062ad
Event: 15572.100 Thread 0x00007f24a8d0b800 Exception <a 'java/io/FileNotFoundException'> (0x00000000fc292288) thrown at [/build/openjdk-8-8u222-b10/src/hotspot/src/share/vm/prims/jni.cpp, line 710]
Event: 15603.546 Thread 0x00007f2470110000 Implicit null exception at 0x00007f249bd621d1 to 0x00007f249bd634b9
Event: 15658.755 Thread 0x00007f24587ec000 Implicit null exception at 0x00007f249a5ba668 to 0x00007f249a5bb385
Event: 15829.570 Thread 0x00007f24a8d0b800 Implicit null exception at 0x00007f249acdb4f4 to 0x00007f249acdbfa1
Event: 16254.335 Thread 0x00007f24a8d0b800 Implicit null exception at 0x00007f249a122ae7 to 0x00007f249a122bf5
Event: 16254.335 Thread 0x00007f24a8d0b800 Implicit null exception at 0x00007f249a661310 to 0x00007f249a661321

Events (10 events):
Event: 16329.598 Executing VM operation: RevokeBias
Event: 16329.604 Executing VM operation: RevokeBias done
Event: 16329.604 Thread 0x00007f24587f0000 Thread exited: 0x00007f24587f0000
Event: 16329.746 Thread 0x00007f24587ec000 Thread added: 0x00007f24587ec000
Event: 16331.016 Executing VM operation: ParallelGCFailedAllocation
Event: 16331.148 Executing VM operation: ParallelGCFailedAllocation done
Event: 16332.807 Executing VM operation: RevokeBias
Event: 16332.860 Executing VM operation: RevokeBias done
Event: 16332.870 Thread 0x00007f24587ec000 Thread exited: 0x00007f24587ec000
Event: 16334.532 Thread 0x00007f24587ec000 Thread added: 0x00007f24587ec000


Dynamic libraries:
8f800000-100c8f000 rw-p 00000000 00:00 0 
100c8f000-140000000 ---p 00000000 00:00 0 
557f6ec01000-557f6ec02000 r-xp 00000000 103:01 281571                    /usr/lib/jvm/java-8-openjdk-amd64/jre/bin/java
557f6ee01000-557f6ee02000 r--p 00000000 103:01 281571                    /usr/lib/jvm/java-8-openjdk-amd64/jre/bin/java
557f6ee02000-557f6ee03000 rw-p 00001000 103:01 281571                    /usr/lib/jvm/java-8-openjdk-amd64/jre/bin/java
557f6fee9000-557f6ff64000 rw-p 00000000 00:00 0                          [heap]
7f244c9c9000-7f244cb09000 rw-p 00000000 00:00 0 
7f244cb09000-7f244cbc9000 ---p 00000000 00:00 0 
7f244cbc9000-7f244cbcc000 ---p 00000000 00:00 0 
7f244cbcc000-7f244ccca000 rw-p 00000000 00:00 0 
7f244ccca000-7f244ceca000 rw-p 00000000 00:00 0 
7f244ceca000-7f244decb000 rw-p 00000000 00:00 0 
7f244decb000-7f244dece000 ---p 00000000 00:00 0 
7f244dece000-7f244efcd000 rw-p 00000000 00:00 0 
7f244efcd000-7f244f1cd000 rw-p 00000000 00:00 0 
7f244f1cd000-7f244f3cd000 rw-p 00000000 00:00 0 
7f244f3cd000-7f244f5cd000 rw-p 00000000 00:00 0 
7f244f5d0000-7f24506cf000 rw-p 00000000 00:00 0 
7f24506cf000-7f24506d2000 ---p 00000000 00:00 0 
7f24506d2000-7f24517d1000 rw-p 00000000 00:00 0 
7f24517d1000-7f24519d1000 rw-p 00000000 00:00 0 
7f24519d1000-7f2451bd1000 rw-p 00000000 00:00 0 
7f2451bd1000-7f2451dd1000 rw-p 00000000 00:00 0 
7f2451dd1000-7f2451dd4000 ---p 00000000 00:00 0 
7f2451dd4000-7f2451ed2000 rw-p 00000000 00:00 0 
7f2451ed2000-7f24520d2000 rw-p 00000000 00:00 0 
7f24520d2000-7f24522d2000 rw-p 00000000 00:00 0 
7f24522d2000-7f24524d2000 rw-p 00000000 00:00 0 
7f24524d2000-7f24526d2000 rw-p 00000000 00:00 0 
7f24526d2000-7f24526d5000 ---p 00000000 00:00 0 
7f24526d5000-7f24527d3000 rw-p 00000000 00:00 0 
7f24527d3000-7f24529d3000 rw-p 00000000 00:00 0 
7f24529d3000-7f24529d6000 ---p 00000000 00:00 0 
7f24529d6000-7f2452ad4000 rw-p 00000000 00:00 0 
7f2452ad4000-7f2452cd4000 rw-p 00000000 00:00 0 
7f2452cd4000-7f2452ed4000 rw-p 00000000 00:00 0 
7f2452ed4000-7f24530d4000 rw-p 00000000 00:00 0 
7f24530d4000-7f24532d4000 rw-p 00000000 00:00 0 
7f24532d4000-7f24534d4000 rw-p 00000000 00:00 0 
7f24534d4000-7f24534d7000 ---p 00000000 00:00 0 
7f24534d7000-7f24535d5000 rw-p 00000000 00:00 0 
7f24535d5000-7f24537d5000 rw-p 00000000 00:00 0 
7f24537d5000-7f24537e2000 r-xp 00000000 103:01 277893                    /tmp/libnetty_transport_native_epoll_x86_648194948733770787949.so (deleted)
7f24537e2000-7f24539e1000 ---p 0000d000 103:01 277893                    /tmp/libnetty_transport_native_epoll_x86_648194948733770787949.so (deleted)
7f24539e1000-7f24539e3000 rw-p 0000c000 103:01 277893                    /tmp/libnetty_transport_native_epoll_x86_648194948733770787949.so (deleted)
7f24539e3000-7f24539f7000 r-xp 00000000 103:01 263363                    /lib/x86_64-linux-gnu/libresolv-2.24.so
7f24539f7000-7f2453bf6000 ---p 00014000 103:01 263363                    /lib/x86_64-linux-gnu/libresolv-2.24.so
7f2453bf6000-7f2453bf7000 r--p 00013000 103:01 263363                    /lib/x86_64-linux-gnu/libresolv-2.24.so
7f2453bf7000-7f2453bf8000 rw-p 00014000 103:01 263363                    /lib/x86_64-linux-gnu/libresolv-2.24.so
7f2453bf8000-7f2453bfa000 rw-p 00000000 00:00 0 
7f2453bfa000-7f2453bff000 r-xp 00000000 103:01 263356                    /lib/x86_64-linux-gnu/libnss_dns-2.24.so
7f2453bff000-7f2453dfe000 ---p 00005000 103:01 263356                    /lib/x86_64-linux-gnu/libnss_dns-2.24.so
7f2453dfe000-7f2453dff000 r--p 00004000 103:01 263356                    /lib/x86_64-linux-gnu/libnss_dns-2.24.so
7f2453dff000-7f2453e00000 rw-p 00005000 103:01 263356                    /lib/x86_64-linux-gnu/libnss_dns-2.24.so
7f2453e00000-7f2454000000 rw-p 00000000 00:00 0 
7f2454000000-7f2454056000 rw-p 00000000 00:00 0 
7f2454056000-7f2458000000 ---p 00000000 00:00 0 
7f2458000000-7f2458ce5000 rw-p 00000000 00:00 0 
7f2458ce5000-7f245c000000 ---p 00000000 00:00 0 
7f245c000000-7f245c084000 rw-p 00000000 00:00 0 
7f245c084000-7f2460000000 ---p 00000000 00:00 0 
7f2460000000-7f24601e1000 rw-p 00000000 00:00 0 
7f24601e1000-7f2464000000 ---p 00000000 00:00 0 
7f246406e000-7f246409c000 r--s 00237000 103:01 397030                    /home/admin/games/minecraft/iclouds/server/plugins/worldedit-bukkit-7.0.1.jar
7f246409c000-7f24640ca000 r--s 00237000 103:01 397030                    /home/admin/games/minecraft/iclouds/server/plugins/worldedit-bukkit-7.0.1.jar
7f24640ca000-7f24640cd000 ---p 00000000 00:00 0 
7f24640cd000-7f24641cb000 rw-p 00000000 00:00 0 
7f24641cb000-7f24641f3000 r-xp 00000000 103:01 281614                    /usr/lib/jvm/java-8-openjdk-amd64/jre/lib/amd64/libsunec.so
7f24641f3000-7f24643f2000 ---p 00028000 103:01 281614                    /usr/lib/jvm/java-8-openjdk-amd64/jre/lib/amd64/libsunec.so
7f24643f2000-7f24643f6000 r--p 00027000 103:01 281614                    /usr/lib/jvm/java-8-openjdk-amd64/jre/lib/amd64/libsunec.so
7f24643f6000-7f24643f7000 rw-p 0002b000 103:01 281614                    /usr/lib/jvm/java-8-openjdk-amd64/jre/lib/amd64/libsunec.so
7f24643f7000-7f24643fa000 ---p 00000000 00:00 0 
7f24643fa000-7f24644f8000 rw-p 00000000 00:00 0 
7f24644f8000-7f24646f8000 rw-p 00000000 00:00 0 
7f24646f8000-7f24646fb000 ---p 00000000 00:00 0 
7f24646fb000-7f24647f9000 rw-p 00000000 00:00 0 
7f24647f9000-7f24647fc000 ---p 00000000 00:00 0 
7f24647fc000-7f24648fa000 rw-p 00000000 00:00 0 
7f24648fa000-7f24648fd000 ---p 00000000 00:00 0 
7f24648fd000-7f24649fb000 rw-p 00000000 00:00 0 
7f24649fb000-7f24649fe000 ---p 00000000 00:00 0 
7f24649fe000-7f2464afc000 rw-p 00000000 00:00 0 
7f2464afc000-7f2464aff000 ---p 00000000 00:00 0 
7f2464aff000-7f2464bfd000 rw-p 00000000 00:00 0 
7f2464bfd000-7f2464c00000 ---p 00000000 00:00 0 
7f2464c00000-7f2464cfe000 rw-p 00000000 00:00 0 
7f2464cfe000-7f2464d01000 ---p 00000000 00:00 0 
7f2464d01000-7f2464dff000 rw-p 00000000 00:00 0 
7f2464dff000-7f2464fff000 rw-p 00000000 00:00 0 
7f2464fff000-7f2468000000 rw-p 00000000 00:00 0 
7f2468000000-7f24680ce000 rw-p 00000000 00:00 0 
7f24680ce000-7f246c000000 ---p 00000000 00:00 0 
7f246c000000-7f246c047000 rw-p 00000000 00:00 0 
7f246c047000-7f2470000000 ---p 00000000 00:00 0 
7f2470000000-7f2473961000 rw-p 00000000 00:00 0 
7f2473961000-7f2474000000 ---p 00000000 00:00 0 
7f2474000000-7f2474f91000 rw-p 00000000 00:00 0 
7f2474f91000-7f2478000000 ---p 00000000 00:00 0 
7f2478000000-7f2478045000 rw-p 00000000 00:00 0 
7f2478045000-7f247c000000 ---p 00000000 00:00 0 
7f247c000000-7f247c043000 rw-p 00000000 00:00 0 
7f247c043000-7f2480000000 ---p 00000000 00:00 0 
7f2480000000-7f248004a000 rw-p 00000000 00:00 0 
7f248004a000-7f2484000000 ---p 00000000 00:00 0 
7f2484000000-7f248404f000 rw-p 00000000 00:00 0 
7f248404f000-7f2488000000 ---p 00000000 00:00 0 
7f2488000000-7f2488035000 rw-p 00000000 00:00 0 
7f2488035000-7f248c000000 ---p 00000000 00:00 0 
7f248c006000-7f248c206000 rw-p 00000000 00:00 0 
7f248c206000-7f248c406000 rw-p 00000000 00:00 0 
7f248c406000-7f248c5fc000 rw-p 00000000 00:00 0 
7f248c5fc000-7f248c606000 ---p 00000000 00:00 0 
7f248c606000-7f248c806000 rw-p 00000000 00:00 0 
7f248c806000-7f248ca06000 rw-p 00000000 00:00 0 
7f248ca06000-7f248cc06000 rw-p 00000000 00:00 0 
7f248cc06000-7f248ce06000 rw-p 00000000 00:00 0 
7f248ce06000-7f248d006000 rw-p 00000000 00:00 0 
7f248d006000-7f248d206000 rw-p 00000000 00:00 0 
7f248d206000-7f248d406000 rw-p 00000000 00:00 0 
7f248d406000-7f248d606000 rw-p 00000000 00:00 0 
7f248d606000-7f248d609000 ---p 00000000 00:00 0 
7f248d609000-7f248d707000 rw-p 00000000 00:00 0 
7f248d707000-7f248d718000 r-xp 00000000 103:01 281610                    /usr/lib/jvm/java-8-openjdk-amd64/jre/lib/amd64/libnio.so
7f248d718000-7f248d917000 ---p 00011000 103:01 281610                    /usr/lib/jvm/java-8-openjdk-amd64/jre/lib/amd64/libnio.so
7f248d917000-7f248d918000 r--p 00010000 103:01 281610                    /usr/lib/jvm/java-8-openjdk-amd64/jre/lib/amd64/libnio.so
7f248d918000-7f248d919000 rw-p 00011000 103:01 281610                    /usr/lib/jvm/java-8-openjdk-amd64/jre/lib/amd64/libnio.so
7f248d919000-7f248d930000 r-xp 00000000 103:01 281609                    /usr/lib/jvm/java-8-openjdk-amd64/jre/lib/amd64/libnet.so
7f248d930000-7f248db2f000 ---p 00017000 103:01 281609                    /usr/lib/jvm/java-8-openjdk-amd64/jre/lib/amd64/libnet.so
7f248db2f000-7f248db30000 r--p 00016000 103:01 281609                    /usr/lib/jvm/java-8-openjdk-amd64/jre/lib/amd64/libnet.so
7f248db30000-7f248db31000 rw-p 00017000 103:01 281609                    /usr/lib/jvm/java-8-openjdk-amd64/jre/lib/amd64/libnet.so
7f248db31000-7f248dd31000 rw-p 00000000 00:00 0 
7f248dd31000-7f248df31000 rw-p 00000000 00:00 0 
7f248df31000-7f248df3a000 r-xp 00000000 103:01 281607                    /usr/lib/jvm/java-8-openjdk-amd64/jre/lib/amd64/libmanagement.so
7f248df3a000-7f248e139000 ---p 00009000 103:01 281607                    /usr/lib/jvm/java-8-openjdk-amd64/jre/lib/amd64/libmanagement.so
7f248e139000-7f248e13a000 r--p 00008000 103:01 281607                    /usr/lib/jvm/java-8-openjdk-amd64/jre/lib/amd64/libmanagement.so
7f248e13a000-7f248e13b000 rw-p 00009000 103:01 281607                    /usr/lib/jvm/java-8-openjdk-amd64/jre/lib/amd64/libmanagement.so
7f248e13b000-7f248e13c000 r-xp 00000000 103:01 277851                    /tmp/libjansi-64-git-Spigot-798ea6a-44d675a-6175605579512696720.so
7f248e13c000-7f248e33b000 ---p 00001000 103:01 277851                    /tmp/libjansi-64-git-Spigot-798ea6a-44d675a-6175605579512696720.so
7f248e33b000-7f248e33c000 rw-p 00000000 103:01 277851                    /tmp/libjansi-64-git-Spigot-798ea6a-44d675a-6175605579512696720.so
7f248e33c000-7f248e33f000 ---p 00000000 00:00 0 
7f248e33f000-7f248e375000 rw-p 00000000 00:00 0 
7f248e375000-7f248e539000 r--s 01cc4000 103:01 397039                    /home/admin/games/minecraft/iclouds/server/server.jar
7f248e539000-7f248e554000 r--s 00394000 103:01 281631                    /usr/lib/jvm/java-8-openjdk-amd64/jre/lib/ext/cldrdata.jar
7f248e554000-7f248e555000 ---p 00000000 00:00 0 
7f248e555000-7f248e655000 rw-p 00000000 00:00 0 
7f248e655000-7f248e658000 ---p 00000000 00:00 0 
7f248e658000-7f248e756000 rw-p 00000000 00:00 0 
7f248e756000-7f248e757000 ---p 00000000 00:00 0 
7f248e757000-7f248e75a000 ---p 00000000 00:00 0 
7f248e75a000-7f248e857000 rw-p 00000000 00:00 0 
7f248e857000-7f248e858000 ---p 00000000 00:00 0 
7f248e858000-7f248e85b000 ---p 00000000 00:00 0 
7f248e85b000-7f248e958000 rw-p 00000000 00:00 0 
7f248e958000-7f248e95b000 ---p 00000000 00:00 0 
7f248e95b000-7f248ea59000 rw-p 00000000 00:00 0 
7f248ea59000-7f248ebf4000 r--p 00000000 103:01 277845                    /usr/lib/locale/locale-archive
7f248ebf4000-7f248ebf7000 ---p 00000000 00:00 0 
7f248ebf7000-7f248ecf5000 rw-p 00000000 00:00 0 
7f248ecf5000-7f248ecf8000 ---p 00000000 00:00 0 
7f248ecf8000-7f248edf6000 rw-p 00000000 00:00 0 
7f248edf6000-7f248edf7000 ---p 00000000 00:00 0 
7f248edf7000-7f248f800000 rw-p 00000000 00:00 0 
7f248f800000-7f2490000000 rw-p 00000000 00:00 0 
7f2490000000-7f2490064000 rw-p 00000000 00:00 0 
7f2490064000-7f2494000000 ---p 00000000 00:00 0 
7f2494002000-7f2494015000 r--s 00346000 103:01 281659                    /usr/lib/jvm/java-8-openjdk-amd64/jre/lib/resources.jar
7f2494015000-7f2494030000 r--s 001d6000 103:01 281636                    /usr/lib/jvm/java-8-openjdk-amd64/jre/lib/ext/nashorn.jar
7f2494030000-7f2494200000 r--s 03c5c000 103:01 281660                    /usr/lib/jvm/java-8-openjdk-amd64/jre/lib/rt.jar
7f2494200000-7f2494276000 rw-p 00000000 00:00 0 
7f2494276000-7f2497e3a000 rw-p 00000000 00:00 0 
7f2497e3a000-7f2497e3b000 ---p 00000000 00:00 0 
7f2497e3b000-7f2497f3b000 rw-p 00000000 00:00 0 
7f2497f3b000-7f2497f3c000 ---p 00000000 00:00 0 
7f2497f3c000-7f249803c000 rw-p 00000000 00:00 0 
7f249803c000-7f24986f8000 rw-p 00000000 00:00 0 
7f24986f8000-7f24989d9000 ---p 00000000 00:00 0 
7f24989d9000-7f249c169000 rwxp 00000000 00:00 0 
7f249c169000-7f24a79d9000 ---p 00000000 00:00 0 
7f24a79d9000-7f24a79e1000 r-xp 00000000 103:01 281617                    /usr/lib/jvm/java-8-openjdk-amd64/jre/lib/amd64/libzip.so
7f24a79e1000-7f24a7be0000 ---p 00008000 103:01 281617                    /usr/lib/jvm/java-8-openjdk-amd64/jre/lib/amd64/libzip.so
7f24a7be0000-7f24a7be1000 r--p 00007000 103:01 281617                    /usr/lib/jvm/java-8-openjdk-amd64/jre/lib/amd64/libzip.so
7f24a7be1000-7f24a7be2000 rw-p 00008000 103:01 281617                    /usr/lib/jvm/java-8-openjdk-amd64/jre/lib/amd64/libzip.so
7f24a7be2000-7f24a7bec000 r-xp 00000000 103:01 263357                    /lib/x86_64-linux-gnu/libnss_files-2.24.so
7f24a7bec000-7f24a7dec000 ---p 0000a000 103:01 263357                    /lib/x86_64-linux-gnu/libnss_files-2.24.so
7f24a7dec000-7f24a7ded000 r--p 0000a000 103:01 263357                    /lib/x86_64-linux-gnu/libnss_files-2.24.so
7f24a7ded000-7f24a7dee000 rw-p 0000b000 103:01 263357                    /lib/x86_64-linux-gnu/libnss_files-2.24.so
7f24a7dee000-7f24a7df4000 rw-p 00000000 00:00 0 
7f24a7df4000-7f24a7dff000 r-xp 00000000 103:01 263359                    /lib/x86_64-linux-gnu/libnss_nis-2.24.so
7f24a7dff000-7f24a7ffe000 ---p 0000b000 103:01 263359                    /lib/x86_64-linux-gnu/libnss_nis-2.24.so
7f24a7ffe000-7f24a7fff000 r--p 0000a000 103:01 263359                    /lib/x86_64-linux-gnu/libnss_nis-2.24.so
7f24a7fff000-7f24a8000000 rw-p 0000b000 103:01 263359                    /lib/x86_64-linux-gnu/libnss_nis-2.24.so
7f24a8000000-7f24a8dfe000 rw-p 00000000 00:00 0 
7f24a8dfe000-7f24ac000000 ---p 00000000 00:00 0 
7f24ac005000-7f24ac006000 r--s 00001000 103:01 415141                    /home/admin/games/minecraft/iclouds/server/plugins/powderChests-1.2.0.jar
7f24ac006000-7f24ac007000 r--s 00007000 103:01 415135                    /home/admin/games/minecraft/iclouds/server/plugins/SinglePlayerSleep-2.13.21.jar
7f24ac007000-7f24ac008000 r--s 00001000 103:01 415141                    /home/admin/games/minecraft/iclouds/server/plugins/powderChests-1.2.0.jar
7f24ac008000-7f24ac01c000 r-xp 00000000 103:01 263354                    /lib/x86_64-linux-gnu/libnsl-2.24.so
7f24ac01c000-7f24ac21c000 ---p 00014000 103:01 263354                    /lib/x86_64-linux-gnu/libnsl-2.24.so
7f24ac21c000-7f24ac21d000 r--p 00014000 103:01 263354                    /lib/x86_64-linux-gnu/libnsl-2.24.so
7f24ac21d000-7f24ac21e000 rw-p 00015000 103:01 263354                    /lib/x86_64-linux-gnu/libnsl-2.24.so
7f24ac21e000-7f24ac220000 rw-p 00000000 00:00 0 
7f24ac220000-7f24ac227000 r-xp 00000000 103:01 263355                    /lib/x86_64-linux-gnu/libnss_compat-2.24.so
7f24ac227000-7f24ac426000 ---p 00007000 103:01 263355                    /lib/x86_64-linux-gnu/libnss_compat-2.24.so
7f24ac426000-7f24ac427000 r--p 00006000 103:01 263355                    /lib/x86_64-linux-gnu/libnss_compat-2.24.so
7f24ac427000-7f24ac428000 rw-p 00007000 103:01 263355                    /lib/x86_64-linux-gnu/libnss_compat-2.24.so
7f24ac428000-7f24ac451000 r-xp 00000000 103:01 281598                    /usr/lib/jvm/java-8-openjdk-amd64/jre/lib/amd64/libjava.so
7f24ac451000-7f24ac650000 ---p 00029000 103:01 281598                    /usr/lib/jvm/java-8-openjdk-amd64/jre/lib/amd64/libjava.so
7f24ac650000-7f24ac651000 r--p 00028000 103:01 281598                    /usr/lib/jvm/java-8-openjdk-amd64/jre/lib/amd64/libjava.so
7f24ac651000-7f24ac653000 rw-p 00029000 103:01 281598                    /usr/lib/jvm/java-8-openjdk-amd64/jre/lib/amd64/libjava.so
7f24ac653000-7f24ac662000 r-xp 00000000 103:01 281616                    /usr/lib/jvm/java-8-openjdk-amd64/jre/lib/amd64/libverify.so
7f24ac662000-7f24ac861000 ---p 0000f000 103:01 281616                    /usr/lib/jvm/java-8-openjdk-amd64/jre/lib/amd64/libverify.so
7f24ac861000-7f24ac863000 r--p 0000e000 103:01 281616                    /usr/lib/jvm/java-8-openjdk-amd64/jre/lib/amd64/libverify.so
7f24ac863000-7f24ac864000 rw-p 00010000 103:01 281616                    /usr/lib/jvm/java-8-openjdk-amd64/jre/lib/amd64/libverify.so
7f24ac864000-7f24ac86b000 r-xp 00000000 103:01 263364                    /lib/x86_64-linux-gnu/librt-2.24.so
7f24ac86b000-7f24aca6a000 ---p 00007000 103:01 263364                    /lib/x86_64-linux-gnu/librt-2.24.so
7f24aca6a000-7f24aca6b000 r--p 00006000 103:01 263364                    /lib/x86_64-linux-gnu/librt-2.24.so
7f24aca6b000-7f24aca6c000 rw-p 00007000 103:01 263364                    /lib/x86_64-linux-gnu/librt-2.24.so
7f24aca6c000-7f24aca82000 r-xp 00000000 103:01 263298                    /lib/x86_64-linux-gnu/libgcc_s.so.1
7f24aca82000-7f24acc81000 ---p 00016000 103:01 263298                    /lib/x86_64-linux-gnu/libgcc_s.so.1
7f24acc81000-7f24acc82000 r--p 00015000 103:01 263298                    /lib/x86_64-linux-gnu/libgcc_s.so.1
7f24acc82000-7f24acc83000 rw-p 00016000 103:01 263298                    /lib/x86_64-linux-gnu/libgcc_s.so.1
7f24acc83000-7f24acd86000 r-xp 00000000 103:01 263351                    /lib/x86_64-linux-gnu/libm-2.24.so
7f24acd86000-7f24acf85000 ---p 00103000 103:01 263351                    /lib/x86_64-linux-gnu/libm-2.24.so
7f24acf85000-7f24acf86000 r--p 00102000 103:01 263351                    /lib/x86_64-linux-gnu/libm-2.24.so
7f24acf86000-7f24acf87000 rw-p 00103000 103:01 263351                    /lib/x86_64-linux-gnu/libm-2.24.so
7f24acf87000-7f24ad0f9000 r-xp 00000000 103:01 267518                    /usr/lib/x86_64-linux-gnu/libstdc++.so.6.0.22
7f24ad0f9000-7f24ad2f9000 ---p 00172000 103:01 267518                    /usr/lib/x86_64-linux-gnu/libstdc++.so.6.0.22
7f24ad2f9000-7f24ad303000 r--p 00172000 103:01 267518                    /usr/lib/x86_64-linux-gnu/libstdc++.so.6.0.22
7f24ad303000-7f24ad305000 rw-p 0017c000 103:01 267518                    /usr/lib/x86_64-linux-gnu/libstdc++.so.6.0.22
7f24ad305000-7f24ad309000 rw-p 00000000 00:00 0 
7f24ad309000-7f24adf70000 r-xp 00000000 103:01 281620                    /usr/lib/jvm/java-8-openjdk-amd64/jre/lib/amd64/server/libjvm.so
7f24adf70000-7f24ae16f000 ---p 00c67000 103:01 281620                    /usr/lib/jvm/java-8-openjdk-amd64/jre/lib/amd64/server/libjvm.so
7f24ae16f000-7f24ae203000 r--p 00c66000 103:01 281620                    /usr/lib/jvm/java-8-openjdk-amd64/jre/lib/amd64/server/libjvm.so
7f24ae203000-7f24ae22c000 rw-p 00cfa000 103:01 281620                    /usr/lib/jvm/java-8-openjdk-amd64/jre/lib/amd64/server/libjvm.so
7f24ae22c000-7f24ae25c000 rw-p 00000000 00:00 0 
7f24ae25c000-7f24ae3f1000 r-xp 00000000 103:01 263347                    /lib/x86_64-linux-gnu/libc-2.24.so
7f24ae3f1000-7f24ae5f1000 ---p 00195000 103:01 263347                    /lib/x86_64-linux-gnu/libc-2.24.so
7f24ae5f1000-7f24ae5f5000 r--p 00195000 103:01 263347                    /lib/x86_64-linux-gnu/libc-2.24.so
7f24ae5f5000-7f24ae5f7000 rw-p 00199000 103:01 263347                    /lib/x86_64-linux-gnu/libc-2.24.so
7f24ae5f7000-7f24ae5fb000 rw-p 00000000 00:00 0 
7f24ae5fb000-7f24ae5fe000 r-xp 00000000 103:01 263350                    /lib/x86_64-linux-gnu/libdl-2.24.so
7f24ae5fe000-7f24ae7fd000 ---p 00003000 103:01 263350                    /lib/x86_64-linux-gnu/libdl-2.24.so
7f24ae7fd000-7f24ae7fe000 r--p 00002000 103:01 263350                    /lib/x86_64-linux-gnu/libdl-2.24.so
7f24ae7fe000-7f24ae7ff000 rw-p 00003000 103:01 263350                    /lib/x86_64-linux-gnu/libdl-2.24.so
7f24ae7ff000-7f24ae80c000 r-xp 00000000 103:01 281584                    /usr/lib/jvm/java-8-openjdk-amd64/jre/lib/amd64/jli/libjli.so
7f24ae80c000-7f24aea0b000 ---p 0000d000 103:01 281584                    /usr/lib/jvm/java-8-openjdk-amd64/jre/lib/amd64/jli/libjli.so
7f24aea0b000-7f24aea0c000 r--p 0000c000 103:01 281584                    /usr/lib/jvm/java-8-openjdk-amd64/jre/lib/amd64/jli/libjli.so
7f24aea0c000-7f24aea0d000 rw-p 0000d000 103:01 281584                    /usr/lib/jvm/java-8-openjdk-amd64/jre/lib/amd64/jli/libjli.so
7f24aea0d000-7f24aea26000 r-xp 00000000 103:01 266133                    /lib/x86_64-linux-gnu/libz.so.1.2.8
7f24aea26000-7f24aec25000 ---p 00019000 103:01 266133                    /lib/x86_64-linux-gnu/libz.so.1.2.8
7f24aec25000-7f24aec26000 r--p 00018000 103:01 266133                    /lib/x86_64-linux-gnu/libz.so.1.2.8
7f24aec26000-7f24aec27000 rw-p 00019000 103:01 266133                    /lib/x86_64-linux-gnu/libz.so.1.2.8
7f24aec27000-7f24aec3f000 r-xp 00000000 103:01 263362                    /lib/x86_64-linux-gnu/libpthread-2.24.so
7f24aec3f000-7f24aee3e000 ---p 00018000 103:01 263362                    /lib/x86_64-linux-gnu/libpthread-2.24.so
7f24aee3e000-7f24aee3f000 r--p 00017000 103:01 263362                    /lib/x86_64-linux-gnu/libpthread-2.24.so
7f24aee3f000-7f24aee40000 rw-p 00018000 103:01 263362                    /lib/x86_64-linux-gnu/libpthread-2.24.so
7f24aee40000-7f24aee44000 rw-p 00000000 00:00 0 
7f24aee44000-7f24aee67000 r-xp 00000000 103:01 263343                    /lib/x86_64-linux-gnu/ld-2.24.so
7f24aee67000-7f24aee68000 r--s 00007000 103:01 415135                    /home/admin/games/minecraft/iclouds/server/plugins/SinglePlayerSleep-2.13.21.jar
7f24aee68000-7f24aee6a000 r--s 00016000 103:01 281652                    /usr/lib/jvm/java-8-openjdk-amd64/jre/lib/jce.jar
7f24aee6a000-7f24aee6f000 r--s 000a3000 103:01 281654                    /usr/lib/jvm/java-8-openjdk-amd64/jre/lib/jsse.jar
7f24aee6f000-7f24aee72000 r--s 00039000 103:01 281639                    /usr/lib/jvm/java-8-openjdk-amd64/jre/lib/ext/sunpkcs11.jar
7f24aee72000-7f24aee77000 r--s 0003c000 103:01 281638                    /usr/lib/jvm/java-8-openjdk-amd64/jre/lib/ext/sunjce_provider.jar
7f24aee77000-7f24aee79000 r--s 00001000 103:01 281632                    /usr/lib/jvm/java-8-openjdk-amd64/jre/lib/ext/dnsns.jar
7f24aee79000-7f24aee7c000 r--s 0000f000 103:01 281633                    /usr/lib/jvm/java-8-openjdk-amd64/jre/lib/ext/icedtea-sound.jar
7f24aee7c000-7f24aee86000 r--s 00116000 103:01 281635                    /usr/lib/jvm/java-8-openjdk-amd64/jre/lib/ext/localedata.jar
7f24aee86000-7f24aef2f000 rw-p 00000000 00:00 0 
7f24aef2f000-7f24aef53000 rw-p 00000000 00:00 0 
7f24aef53000-7f24aef5b000 rw-s 00000000 103:01 277847                    /tmp/hsperfdata_root/497
7f24aef5b000-7f24aef5c000 ---p 00000000 00:00 0 
7f24aef5c000-7f24aef5f000 ---p 00000000 00:00 0 
7f24aef5f000-7f24af060000 rw-p 00000000 00:00 0 
7f24af060000-7f24af061000 r--s 00010000 103:01 281640                    /usr/lib/jvm/java-8-openjdk-amd64/jre/lib/ext/zipfs.jar
7f24af061000-7f24af062000 r--s 0000a000 103:01 281634                    /usr/lib/jvm/java-8-openjdk-amd64/jre/lib/ext/jaccess.jar
7f24af062000-7f24af063000 r--s 0000d000 103:01 281637                    /usr/lib/jvm/java-8-openjdk-amd64/jre/lib/ext/sunec.jar
7f24af063000-7f24af065000 r--s 00007000 103:01 412625                    /usr/share/java/java-atk-wrapper.jar
7f24af065000-7f24af066000 rw-p 00000000 00:00 0 
7f24af066000-7f24af067000 ---p 00000000 00:00 0 
7f24af067000-7f24af068000 r--p 00023000 103:01 263343                    /lib/x86_64-linux-gnu/ld-2.24.so
7f24af068000-7f24af069000 rw-p 00024000 103:01 263343                    /lib/x86_64-linux-gnu/ld-2.24.so
7f24af069000-7f24af06a000 rw-p 00000000 00:00 0 
7ffe5cbce000-7ffe5cbef000 rw-p 00000000 00:00 0                          [stack]
7ffe5cbfa000-7ffe5cbfc000 r--p 00000000 00:00 0                          [vvar]
7ffe5cbfc000-7ffe5cbfe000 r-xp 00000000 00:00 0                          [vdso]
ffffffffff600000-ffffffffff601000 r-xp 00000000 00:00 0                  [vsyscall]

VM Arguments:
jvm_args: -Xmx1800M -Xms1800M 
java_command: server.jar nogui
java_class_path (initial): server.jar
Launcher Type: SUN_STANDARD

Environment Variables:
PATH=/usr/bin:/bin
SHELL=/bin/sh

Signal Handlers:
SIGSEGV: [libjvm.so+0xa7cfe0], sa_mask[0]=11111111011111111101111111111110, sa_flags=SA_RESTART|SA_SIGINFO
SIGBUS: [libjvm.so+0xa7cfe0], sa_mask[0]=11111111011111111101111111111110, sa_flags=SA_RESTART|SA_SIGINFO
SIGFPE: [libjvm.so+0x8c64a0], sa_mask[0]=11111111011111111101111111111110, sa_flags=SA_RESTART|SA_SIGINFO
SIGPIPE: [libjvm.so+0x8c64a0], sa_mask[0]=11111111011111111101111111111110, sa_flags=SA_RESTART|SA_SIGINFO
SIGXFSZ: [libjvm.so+0x8c64a0], sa_mask[0]=11111111011111111101111111111110, sa_flags=SA_RESTART|SA_SIGINFO
SIGILL: [libjvm.so+0x8c64a0], sa_mask[0]=11111111011111111101111111111110, sa_flags=SA_RESTART|SA_SIGINFO
SIGUSR1: SIG_DFL, sa_mask[0]=00000000000000000000000000000000, sa_flags=none
SIGUSR2: [libjvm.so+0x8c6350], sa_mask[0]=00000000000000000000000000000000, sa_flags=SA_RESTART|SA_SIGINFO
SIGHUP: [libjvm.so+0x8c69c0], sa_mask[0]=11111111011111111101111111111110, sa_flags=SA_RESTART|SA_SIGINFO
SIGINT: [libjvm.so+0x8c69c0], sa_mask[0]=11111111011111111101111111111110, sa_flags=SA_RESTART|SA_SIGINFO
SIGTERM: [libjvm.so+0x8c69c0], sa_mask[0]=11111111011111111101111111111110, sa_flags=SA_RESTART|SA_SIGINFO
SIGQUIT: [libjvm.so+0x8c69c0], sa_mask[0]=11111111011111111101111111111110, sa_flags=SA_RESTART|SA_SIGINFO


---------------  S Y S T E M  ---------------

OS:PRETTY_NAME="Debian GNU/Linux 9 (stretch)"
NAME="Debian GNU/Linux"
VERSION_ID="9"
VERSION="9 (stretch)"
ID=debian
HOME_URL="https://www.debian.org/"
SUPPORT_URL="https://www.debian.org/support"
BUG_REPORT_URL="https://bugs.debian.org/"

uname:Linux 4.9.0-9-amd64 #1 SMP Debian 4.9.168-1+deb9u5 (2019-08-11) x86_64
libc:glibc 2.24 NPTL 2.24 
rlimit: STACK 8192k, CORE 0k, NPROC 7779, NOFILE 1048576, AS infinity
load average:0.75 0.54 0.47

/proc/meminfo:
MemTotal:        2013536 kB
MemFree:           64124 kB
MemAvailable:          0 kB
Buffers:             220 kB
Cached:             5476 kB
SwapCached:            0 kB
Active:          1902816 kB
Inactive:           4960 kB
Active(anon):    1902280 kB
Inactive(anon):     3996 kB
Active(file):        536 kB
Inactive(file):      964 kB
Unevictable:           0 kB
Mlocked:               0 kB
SwapTotal:             0 kB
SwapFree:              0 kB
Dirty:                 8 kB
Writeback:             0 kB
AnonPages:       1902148 kB
Mapped:             1556 kB
Shmem:              4128 kB
Slab:              16520 kB
SReclaimable:       7552 kB
SUnreclaim:         8968 kB
KernelStack:        1520 kB
PageTables:         5252 kB
NFS_Unstable:          0 kB
Bounce:                0 kB
WritebackTmp:          0 kB
CommitLimit:     1006768 kB
Committed_AS:    2251900 kB
VmallocTotal:   34359738367 kB
VmallocUsed:           0 kB
VmallocChunk:          0 kB
HardwareCorrupted:     0 kB
AnonHugePages:         0 kB
ShmemHugePages:        0 kB
ShmemPmdMapped:        0 kB
HugePages_Total:       0
HugePages_Free:        0
HugePages_Rsvd:        0
HugePages_Surp:        0
Hugepagesize:       2048 kB
DirectMap4k:       51176 kB
DirectMap2M:     2007040 kB
DirectMap1G:           0 kB

container (cgroup) information:
container_type: cgroupv1
cpu_cpuset_cpus: 0-1
cpu_memory_nodes: 0
active_processor_count: 2
cpu_quota: -1
cpu_period: 100000
cpu_shares: -1
memory_limit_in_bytes: -1
memory_and_swap_limit_in_bytes: -2
memory_soft_limit_in_bytes: -1
memory_usage_in_bytes: 1953984512
memory_max_usage_in_bytes: 0


CPU:total 2 (initial active 2) (2 cores per cpu, 2 threads per core) family 6 model 85 stepping 4, cmov, cx8, fxsr, mmx, sse, sse2, sse3, ssse3, sse4.1, sse4.2, popcnt, avx, avx2, aes, clmul, erms, rtm, 3dnowpref, lzcnt, ht, tsc, tscinvbit, bmi1, bmi2, adx

/proc/cpuinfo:
processor	: 0
vendor_id	: GenuineIntel
cpu family	: 6
model		: 85
model name	: Intel(R) Xeon(R) Platinum 8175M CPU @ 2.50GHz
stepping	: 4
microcode	: 0x200005e
cpu MHz		: 2500.000
cache size	: 33792 KB
physical id	: 0
siblings	: 2
core id		: 0
cpu cores	: 1
apicid		: 0
initial apicid	: 0
fpu		: yes
fpu_exception	: yes
cpuid level	: 13
wp		: yes
flags		: fpu vme de pse tsc msr pae mce cx8 apic sep mtrr pge mca cmov pat pse36 clflush mmx fxsr sse sse2 ss ht syscall nx pdpe1gb rdtscp lm constant_tsc rep_good nopl xtopology nonstop_tsc pni pclmulqdq ssse3 fma cx16 pcid sse4_1 sse4_2 x2apic movbe popcnt tsc_deadline_timer aes xsave avx f16c rdrand hypervisor lahf_lm abm 3dnowprefetch invpcid_single kaiser fsgsbase tsc_adjust bmi1 hle avx2 smep bmi2 erms invpcid rtm mpx avx512f avx512dq rdseed adx smap clflushopt clwb avx512cd avx512bw avx512vl xsaveopt xsavec xgetbv1 xsaves ida arat pku ospke
bugs		: cpu_meltdown spectre_v1 spectre_v2 spec_store_bypass l1tf mds swapgs
bogomips	: 5000.00
clflush size	: 64
cache_alignment	: 64
address sizes	: 46 bits physical, 48 bits virtual
power management:

processor	: 1
vendor_id	: GenuineIntel
cpu family	: 6
model		: 85
model name	: Intel(R) Xeon(R) Platinum 8175M CPU @ 2.50GHz
stepping	: 4
microcode	: 0x200005e
cpu MHz		: 2500.000
cache size	: 33792 KB
physical id	: 0
siblings	: 2
core id		: 0
cpu cores	: 1
apicid		: 1
initial apicid	: 1
fpu		: yes
fpu_exception	: yes
cpuid level	: 13
wp		: yes
flags		: fpu vme de pse tsc msr pae mce cx8 apic sep mtrr pge mca cmov pat pse36 clflush mmx fxsr sse sse2 ss ht syscall nx pdpe1gb rdtscp lm constant_tsc rep_good nopl xtopology nonstop_tsc pni pclmulqdq ssse3 fma cx16 pcid sse4_1 sse4_2 x2apic movbe popcnt tsc_deadline_timer aes xsave avx f16c rdrand hypervisor lahf_lm abm 3dnowprefetch invpcid_single kaiser fsgsbase tsc_adjust bmi1 hle avx2 smep bmi2 erms invpcid rtm mpx avx512f avx512dq rdseed adx smap clflushopt clwb avx512cd avx512bw avx512vl xsaveopt xsavec xgetbv1 xsaves ida arat pku ospke
bugs		: cpu_meltdown spectre_v1 spectre_v2 spec_store_bypass l1tf mds swapgs
bogomips	: 5000.00
clflush size	: 64
cache_alignment	: 64
address sizes	: 46 bits physical, 48 bits virtual
power management:



Memory: 4k page, physical 2013536k(64124k free), swap 0k(0k free)

vm_info: OpenJDK 64-Bit Server VM (25.222-b10) for linux-amd64 JRE (1.8.0_222-8u222-b10-1~deb9u1-b10), built on Jul 19 2019 16:57:48 by "pbuilder" with gcc 6.3.0 20170516

time: Sat Sep  7 20:00:34 2019
timezone: UTC
elapsed time: 16340 seconds (0d 4h 32m 20s)

