#
# There is insufficient memory for the Java Runtime Environment to continue.
# Native memory allocation (mmap) failed to map 12288 bytes for committing reserved memory.
# Possible reasons:
#   The system is out of physical RAM or swap space
#   The process is running with CompressedOops enabled, and the Java Heap may be blocking the growth of the native heap
# Possible solutions:
#   Reduce memory load on the system
#   Increase physical memory or swap space
#   Check if swap backing store is full
#   Decrease Java heap size (-Xmx/-Xms)
#   Decrease number of Java threads
#   Decrease Java thread stack sizes (-Xss)
#   Set larger code cache with -XX:ReservedCodeCacheSize=
#   JVM is running with Unscaled Compressed Oops mode in which the Java heap is
#     placed in the first 4GB address space. The Java Heap base address is the
#     maximum limit for the native heap growth. Please use -XX:HeapBaseMinAddress
#     to set the Java Heap base and to place the Java Heap above 4GB virtual address.
# This output file may be truncated or incomplete.
#
#  Out of Memory Error (os_linux.cpp:2757), pid=468, tid=0x00007fc440206700
#
# JRE version: OpenJDK Runtime Environment (8.0_222-b10) (build 1.8.0_222-8u222-b10-1~deb9u1-b10)
# Java VM: OpenJDK 64-Bit Server VM (25.222-b10 mixed mode linux-amd64 compressed oops)
# Failed to write core dump. Core dumps have been disabled. To enable core dumping, try "ulimit -c unlimited" before starting Java again
#

---------------  T H R E A D  ---------------

Current thread (0x00007fc3f8557800):  JavaThread "Server-Worker-857" daemon [_thread_new, id=2083, stack(0x00007fc440106000,0x00007fc440207000)]

Stack: [0x00007fc440106000,0x00007fc440207000],  sp=0x00007fc440205b50,  free space=1022k
Native frames: (J=compiled Java code, j=interpreted, Vv=VM code, C=native code)
V  [libjvm.so+0xa7c530]
V  [libjvm.so+0x4cbb3c]
V  [libjvm.so+0x8cae0c]
V  [libjvm.so+0x8c239e]
V  [libjvm.so+0x8cc397]
V  [libjvm.so+0xa1dd48]
V  [libjvm.so+0xa21e7c]
V  [libjvm.so+0x8c8622]
C  [libpthread.so.0+0x74a4]  start_thread+0xc4


---------------  P R O C E S S  ---------------

Java Threads: ( => current thread )
=>0x00007fc3f8557800 JavaThread "Server-Worker-857" daemon [_thread_new, id=2083, stack(0x00007fc440106000,0x00007fc440207000)]
  0x00007fc3f855a000 JavaThread "Craft Scheduler Thread - 8" [_thread_blocked, id=2076, stack(0x00007fc404e9e000,0x00007fc404f9f000)]
  0x00007fc400004800 JavaThread "process reaper" daemon [_thread_blocked, id=2012, stack(0x00007fc454012000,0x00007fc45404b000)]
  0x00007fc420a90000 JavaThread "Netty Epoll Server IO #3" daemon [_thread_in_native, id=855, stack(0x00007fc404c9c000,0x00007fc404d9d000)]
  0x00007fc420a8e800 JavaThread "Netty Epoll Server IO #2" daemon [_thread_in_native, id=854, stack(0x00007fc404d9d000,0x00007fc404e9e000)]
  0x00007fc420a8c800 JavaThread "Netty Epoll Server IO #1" daemon [_thread_in_native, id=852, stack(0x00007fc404f9f000,0x00007fc4050a0000)]
  0x00007fc3f8821800 JavaThread "Timer-0" daemon [_thread_blocked, id=835, stack(0x00007fc4058a0000,0x00007fc4059a1000)]
  0x00007fc3f86c1000 JavaThread "WorldEdit Session Manager" [_thread_blocked, id=832, stack(0x00007fc405ba1000,0x00007fc405ca2000)]
  0x00007fc3f81c6800 JavaThread "Netty Epoll Server IO #0" daemon [_thread_in_native, id=829, stack(0x00007fc4066a2000,0x00007fc4067a3000)]
  0x00007fc3f81c3000 JavaThread "ObjectCleanerThread" daemon [_thread_blocked, id=828, stack(0x00007fc4067a3000,0x00007fc4068a4000)]
  0x00007fc3f8092800 JavaThread "Spigot Metrics Thread" daemon [_thread_blocked, id=825, stack(0x00007fc4074fb000,0x00007fc4075fc000)]
  0x00007fc3f808c800 JavaThread "Spigot Watchdog Thread" [_thread_blocked, id=824, stack(0x00007fc4075fc000,0x00007fc4076fd000)]
  0x00007fc3f8003800 JavaThread "Server console handler" daemon [_thread_in_native, id=823, stack(0x00007fc4078fd000,0x00007fc4079fe000)]
  0x00007fc3f8002000 JavaThread "Thread-4" daemon [_thread_blocked, id=822, stack(0x00007fc4079fe000,0x00007fc407aff000)]
  0x00007fc45000a800 JavaThread "DestroyJavaVM" [_thread_blocked, id=481, stack(0x00007fc45a211000,0x00007fc45a311000)]
  0x00007fc450e2b800 JavaThread "Server thread" [_thread_blocked, id=821, stack(0x00007fc407aff000,0x00007fc407c00000)]
  0x00007fc450e2a800 JavaThread "Server Infinisleeper" daemon [_thread_blocked, id=820, stack(0x00007fc4100fe000,0x00007fc4101ff000)]
  0x00007fc450e5f000 JavaThread "NonBlockingInputStreamThread" daemon [_thread_blocked, id=819, stack(0x00007fc4380bf000,0x00007fc4381c0000)]
  0x00007fc450df0800 JavaThread "Snooper Timer" daemon [_thread_blocked, id=808, stack(0x00007fc440005000,0x00007fc440106000)]
  0x00007fc450141000 JavaThread "Service Thread" daemon [_thread_blocked, id=504, stack(0x00007fc454182000,0x00007fc454283000)]
  0x00007fc45013e000 JavaThread "C1 CompilerThread1" daemon [_thread_blocked, id=503, stack(0x00007fc454284000,0x00007fc454384000)]
  0x00007fc45013b000 JavaThread "C2 CompilerThread0" daemon [_thread_blocked, id=502, stack(0x00007fc454385000,0x00007fc454485000)]
  0x00007fc450139800 JavaThread "Signal Dispatcher" daemon [_thread_blocked, id=501, stack(0x00007fc454485000,0x00007fc454586000)]
  0x00007fc450107800 JavaThread "Finalizer" daemon [_thread_blocked, id=500, stack(0x00007fc454721000,0x00007fc454822000)]
  0x00007fc450105000 JavaThread "Reference Handler" daemon [_thread_blocked, id=499, stack(0x00007fc454822000,0x00007fc454923000)]

Other Threads:
  0x00007fc4500fb000 VMThread [stack: 0x00007fc454924000,0x00007fc454a24000] [id=498]
  0x00007fc450143000 WatcherThread [stack: 0x00007fc454082000,0x00007fc454182000] [id=505]

VM state:not at safepoint (normal execution)

VM Mutex/Monitor currently owned by a thread: None

heap address: 0x000000008f800000, size: 1800 MB, Compressed Oops mode: 32-bit
Narrow klass base: 0x0000000000000000, Narrow klass shift: 3
Compressed class space size: 1073741824 Address: 0x0000000100000000

Heap:
 PSYoungGen      total 600576K, used 143857K [0x00000000da800000, 0x0000000100000000, 0x0000000100000000)
  eden space 586240K, 23% used [0x00000000da800000,0x00000000e2fcc430,0x00000000fe480000)
  from space 14336K, 33% used [0x00000000ff200000,0x00000000ff6b0058,0x0000000100000000)
  to   space 13824K, 0% used [0x00000000fe480000,0x00000000fe480000,0x00000000ff200000)
 ParOldGen       total 1228800K, used 1018719K [0x000000008f800000, 0x00000000da800000, 0x00000000da800000)
  object space 1228800K, 82% used [0x000000008f800000,0x00000000cdad7dd8,0x00000000da800000)
 Metaspace       used 83577K, capacity 92300K, committed 92564K, reserved 1128448K
  class space    used 11106K, capacity 12889K, committed 12988K, reserved 1048576K

Card table byte_map: [0x00007fc456551000,0x00007fc4568d6000] byte_map_base: 0x00007fc4560d5000

Marking Bits: (ParMarkBitMap*) 0x00007fc4594f4560
 Begin Bits: [0x00007fc4387c0000, 0x00007fc43a3e0000)
 End Bits:   [0x00007fc43a3e0000, 0x00007fc43c000000)

Polling page: 0x00007fc45a31b000

CodeCache: size=245760Kb used=55561Kb max_used=56340Kb free=190198Kb
 bounds [0x00007fc441000000, 0x00007fc444790000, 0x00007fc450000000]
 total_blobs=17030 nmethods=16143 adapters=795
 compilation: enabled

Compilation events (10 events):
Event: 7262.886 Thread 0x00007fc45013e000 27645       3       net.minecraft.server.v1_14_R1.DataWatcherRegistry$10::a (2 bytes)
Event: 7262.917 Thread 0x00007fc45013e000 nmethod 27645 0x00007fc443198050 code [0x00007fc4431981a0, 0x00007fc4431982f0]
Event: 7266.078 Thread 0x00007fc45013e000 27646       3       java.util.Formatter$FormatSpecifier::checkGeneral (114 bytes)
Event: 7266.212 Thread 0x00007fc45013e000 nmethod 27646 0x00007fc443f73490 code [0x00007fc443f736e0, 0x00007fc443f74428]
Event: 7271.798 Thread 0x00007fc45013e000 27647       3       com.mojang.brigadier.context.CommandContextBuilder::withNode (49 bytes)
Event: 7271.932 Thread 0x00007fc45013e000 nmethod 27647 0x00007fc441c5d310 code [0x00007fc441c5d4e0, 0x00007fc441c5dd68]
Event: 7271.941 Thread 0x00007fc45013e000 27648       3       com.mojang.brigadier.context.ParsedCommandNode::<init> (15 bytes)
Event: 7271.982 Thread 0x00007fc45013e000 nmethod 27648 0x00007fc442b75ad0 code [0x00007fc442b75c40, 0x00007fc442b75e10]
Event: 7276.807 Thread 0x00007fc45013e000 27650       3       net.minecraft.server.v1_14_R1.BlockGrindstone::q (141 bytes)
Event: 7276.853 Thread 0x00007fc45013e000 nmethod 27650 0x00007fc4445e9cd0 code [0x00007fc4445e9ea0, 0x00007fc4445ea6d8]

GC Heap History (10 events):
Event: 7268.507 GC heap before
{Heap before GC invocations=1341 (full 3):
 PSYoungGen      total 597504K, used 586320K [0x00000000da800000, 0x0000000100000000, 0x0000000100000000)
  eden space 581120K, 100% used [0x00000000da800000,0x00000000fdf80000,0x00000000fdf80000)
  from space 16384K, 31% used [0x00000000fdf80000,0x00000000fe4940e8,0x00000000fef80000)
  to   space 15872K, 0% used [0x00000000ff080000,0x00000000ff080000,0x0000000100000000)
 ParOldGen       total 1228800K, used 1016907K [0x000000008f800000, 0x00000000da800000, 0x00000000da800000)
  object space 1228800K, 82% used [0x000000008f800000,0x00000000cd912cd0,0x00000000da800000)
 Metaspace       used 83574K, capacity 92300K, committed 92564K, reserved 1128448K
  class space    used 11106K, capacity 12889K, committed 12988K, reserved 1048576K
Event: 7268.543 GC heap after
Heap after GC invocations=1341 (full 3):
 PSYoungGen      total 599040K, used 4544K [0x00000000da800000, 0x0000000100000000, 0x0000000100000000)
  eden space 583168K, 0% used [0x00000000da800000,0x00000000da800000,0x00000000fe180000)
  from space 15872K, 28% used [0x00000000ff080000,0x00000000ff4f00d0,0x0000000100000000)
  to   space 15360K, 0% used [0x00000000fe180000,0x00000000fe180000,0x00000000ff080000)
 ParOldGen       total 1228800K, used 1017135K [0x000000008f800000, 0x00000000da800000, 0x00000000da800000)
  object space 1228800K, 82% used [0x000000008f800000,0x00000000cd94bd18,0x00000000da800000)
 Metaspace       used 83574K, capacity 92300K, committed 92564K, reserved 1128448K
  class space    used 11106K, capacity 12889K, committed 12988K, reserved 1048576K
}
Event: 7275.955 GC heap before
{Heap before GC invocations=1342 (full 3):
 PSYoungGen      total 599040K, used 587712K [0x00000000da800000, 0x0000000100000000, 0x0000000100000000)
  eden space 583168K, 100% used [0x00000000da800000,0x00000000fe180000,0x00000000fe180000)
  from space 15872K, 28% used [0x00000000ff080000,0x00000000ff4f00d0,0x0000000100000000)
  to   space 15360K, 0% used [0x00000000fe180000,0x00000000fe180000,0x00000000ff080000)
 ParOldGen       total 1228800K, used 1017135K [0x000000008f800000, 0x00000000da800000, 0x00000000da800000)
  object space 1228800K, 82% used [0x000000008f800000,0x00000000cd94bd18,0x00000000da800000)
 Metaspace       used 83576K, capacity 92300K, committed 92564K, reserved 1128448K
  class space    used 11106K, capacity 12889K, committed 12988K, reserved 1048576K
Event: 7275.991 GC heap after
Heap after GC invocations=1342 (full 3):
 PSYoungGen      total 598528K, used 4320K [0x00000000da800000, 0x0000000100000000, 0x0000000100000000)
  eden space 583168K, 0% used [0x00000000da800000,0x00000000da800000,0x00000000fe180000)
  from space 15360K, 28% used [0x00000000fe180000,0x00000000fe5b80d0,0x00000000ff080000)
  to   space 14848K, 0% used [0x00000000ff180000,0x00000000ff180000,0x0000000100000000)
 ParOldGen       total 1228800K, used 1017311K [0x000000008f800000, 0x00000000da800000, 0x00000000da800000)
  object space 1228800K, 82% used [0x000000008f800000,0x00000000cd977d18,0x00000000da800000)
 Metaspace       used 83576K, capacity 92300K, committed 92564K, reserved 1128448K
  class space    used 11106K, capacity 12889K, committed 12988K, reserved 1048576K
}
Event: 7283.368 GC heap before
{Heap before GC invocations=1343 (full 3):
 PSYoungGen      total 598528K, used 587488K [0x00000000da800000, 0x0000000100000000, 0x0000000100000000)
  eden space 583168K, 100% used [0x00000000da800000,0x00000000fe180000,0x00000000fe180000)
  from space 15360K, 28% used [0x00000000fe180000,0x00000000fe5b80d0,0x00000000ff080000)
  to   space 14848K, 0% used [0x00000000ff180000,0x00000000ff180000,0x0000000100000000)
 ParOldGen       total 1228800K, used 1017311K [0x000000008f800000, 0x00000000da800000, 0x00000000da800000)
  object space 1228800K, 82% used [0x000000008f800000,0x00000000cd977d18,0x00000000da800000)
 Metaspace       used 83577K, capacity 92300K, committed 92564K, reserved 1128448K
  class space    used 11106K, capacity 12889K, committed 12988K, reserved 1048576K
Event: 7283.404 GC heap after
Heap after GC invocations=1343 (full 3):
 PSYoungGen      total 599552K, used 4160K [0x00000000da800000, 0x0000000100000000, 0x0000000100000000)
  eden space 584704K, 0% used [0x00000000da800000,0x00000000da800000,0x00000000fe300000)
  from space 14848K, 28% used [0x00000000ff180000,0x00000000ff5900d0,0x0000000100000000)
  to   space 14848K, 0% used [0x00000000fe300000,0x00000000fe300000,0x00000000ff180000)
 ParOldGen       total 1228800K, used 1017471K [0x000000008f800000, 0x00000000da800000, 0x00000000da800000)
  object space 1228800K, 82% used [0x000000008f800000,0x00000000cd99fd18,0x00000000da800000)
 Metaspace       used 83577K, capacity 92300K, committed 92564K, reserved 1128448K
  class space    used 11106K, capacity 12889K, committed 12988K, reserved 1048576K
}
Event: 7290.510 GC heap before
{Heap before GC invocations=1344 (full 3):
 PSYoungGen      total 599552K, used 588864K [0x00000000da800000, 0x0000000100000000, 0x0000000100000000)
  eden space 584704K, 100% used [0x00000000da800000,0x00000000fe300000,0x00000000fe300000)
  from space 14848K, 28% used [0x00000000ff180000,0x00000000ff5900d0,0x0000000100000000)
  to   space 14848K, 0% used [0x00000000fe300000,0x00000000fe300000,0x00000000ff180000)
 ParOldGen       total 1228800K, used 1017471K [0x000000008f800000, 0x00000000da800000, 0x00000000da800000)
  object space 1228800K, 82% used [0x000000008f800000,0x00000000cd99fd18,0x00000000da800000)
 Metaspace       used 83577K, capacity 92300K, committed 92564K, reserved 1128448K
  class space    used 11106K, capacity 12889K, committed 12988K, reserved 1048576K
Event: 7290.557 GC heap after
Heap after GC invocations=1344 (full 3):
 PSYoungGen      total 599552K, used 4608K [0x00000000da800000, 0x0000000100000000, 0x0000000100000000)
  eden space 584704K, 0% used [0x00000000da800000,0x00000000da800000,0x00000000fe300000)
  from space 14848K, 31% used [0x00000000fe300000,0x00000000fe780058,0x00000000ff180000)
  to   space 14336K, 0% used [0x00000000ff200000,0x00000000ff200000,0x0000000100000000)
 ParOldGen       total 1228800K, used 1018623K [0x000000008f800000, 0x00000000da800000, 0x00000000da800000)
  object space 1228800K, 82% used [0x000000008f800000,0x00000000cdabfdd8,0x00000000da800000)
 Metaspace       used 83577K, capacity 92300K, committed 92564K, reserved 1128448K
  class space    used 11106K, capacity 12889K, committed 12988K, reserved 1048576K
}
Event: 7296.719 GC heap before
{Heap before GC invocations=1345 (full 3):
 PSYoungGen      total 599552K, used 589312K [0x00000000da800000, 0x0000000100000000, 0x0000000100000000)
  eden space 584704K, 100% used [0x00000000da800000,0x00000000fe300000,0x00000000fe300000)
  from space 14848K, 31% used [0x00000000fe300000,0x00000000fe780058,0x00000000ff180000)
  to   space 14336K, 0% used [0x00000000ff200000,0x00000000ff200000,0x0000000100000000)
 ParOldGen       total 1228800K, used 1018623K [0x000000008f800000, 0x00000000da800000, 0x00000000da800000)
  object space 1228800K, 82% used [0x000000008f800000,0x00000000cdabfdd8,0x00000000da800000)
 Metaspace       used 83577K, capacity 92300K, committed 92564K, reserved 1128448K
  class space    used 11106K, capacity 12889K, committed 12988K, reserved 1048576K
Event: 7296.773 GC heap after
Heap after GC invocations=1345 (full 3):
 PSYoungGen      total 600576K, used 4800K [0x00000000da800000, 0x0000000100000000, 0x0000000100000000)
  eden space 586240K, 0% used [0x00000000da800000,0x00000000da800000,0x00000000fe480000)
  from space 14336K, 33% used [0x00000000ff200000,0x00000000ff6b0058,0x0000000100000000)
  to   space 13824K, 0% used [0x00000000fe480000,0x00000000fe480000,0x00000000ff200000)
 ParOldGen       total 1228800K, used 1018719K [0x000000008f800000, 0x00000000da800000, 0x00000000da800000)
  object space 1228800K, 82% used [0x000000008f800000,0x00000000cdad7dd8,0x00000000da800000)
 Metaspace       used 83577K, capacity 92300K, committed 92564K, reserved 1128448K
  class space    used 11106K, capacity 12889K, committed 12988K, reserved 1048576K
}

Deoptimization events (10 events):
Event: 7178.849 Thread 0x00007fc450e2b800 Uncommon trap: reason=unstable_if action=reinterpret pc=0x00007fc444388018 method=net.minecraft.server.v1_14_R1.PathfinderNormal.a(Lnet/minecraft/server/v1_14_R1/IBlockAccess;IIILnet/minecraft/server/v1_14_R1/PathType;)Lnet/minecraft/server/v1_14_R1/PathT
Event: 7184.390 Thread 0x00007fc450e2b800 Uncommon trap: reason=bimorphic action=maybe_recompile pc=0x00007fc4434140b0 method=net.minecraft.server.v1_14_R1.VoxelShapes.b(Lnet/minecraft/server/v1_14_R1/VoxelShape;Lnet/minecraft/server/v1_14_R1/VoxelShape;Lnet/minecraft/server/v1_14_R1/OperatorBool
Event: 7184.391 Thread 0x00007fc450e2b800 Uncommon trap: reason=bimorphic action=maybe_recompile pc=0x00007fc4423bbdc8 method=net.minecraft.server.v1_14_R1.VoxelShapeBitSet.a(Lnet/minecraft/server/v1_14_R1/OperatorBoolean;Lnet/minecraft/server/v1_14_R1/VoxelShapeDiscrete;IILnet/minecraft/server/v
Event: 7184.391 Thread 0x00007fc450e2b800 Uncommon trap: reason=bimorphic action=maybe_recompile pc=0x00007fc4423bbdc8 method=net.minecraft.server.v1_14_R1.VoxelShapeBitSet.a(Lnet/minecraft/server/v1_14_R1/OperatorBoolean;Lnet/minecraft/server/v1_14_R1/VoxelShapeDiscrete;IILnet/minecraft/server/v
Event: 7184.391 Thread 0x00007fc450e2b800 Uncommon trap: reason=bimorphic action=maybe_recompile pc=0x00007fc4423bbdc8 method=net.minecraft.server.v1_14_R1.VoxelShapeBitSet.a(Lnet/minecraft/server/v1_14_R1/OperatorBoolean;Lnet/minecraft/server/v1_14_R1/VoxelShapeDiscrete;IILnet/minecraft/server/v
Event: 7184.391 Thread 0x00007fc450e2b800 Uncommon trap: reason=bimorphic action=maybe_recompile pc=0x00007fc4423bbdc8 method=net.minecraft.server.v1_14_R1.VoxelShapeBitSet.a(Lnet/minecraft/server/v1_14_R1/OperatorBoolean;Lnet/minecraft/server/v1_14_R1/VoxelShapeDiscrete;IILnet/minecraft/server/v
Event: 7184.391 Thread 0x00007fc450e2b800 Uncommon trap: reason=bimorphic action=maybe_recompile pc=0x00007fc4422f9a04 method=net.minecraft.server.v1_14_R1.VoxelShapeBitSet.a(Lnet/minecraft/server/v1_14_R1/OperatorBoolean;Lnet/minecraft/server/v1_14_R1/VoxelShapeDiscrete;IILnet/minecraft/server/v
Event: 7184.393 Thread 0x00007fc450e2b800 Uncommon trap: reason=unstable_if action=reinterpret pc=0x00007fc443e6093c method=net.minecraft.server.v1_14_R1.BlockCrops.a_(Lnet/minecraft/server/v1_14_R1/IBlockData;Lnet/minecraft/server/v1_14_R1/IBlockAccess;Lnet/minecraft/server/v1_14_R1/BlockPositio
Event: 7184.393 Thread 0x00007fc450e2b800 Uncommon trap: reason=unstable_if action=reinterpret pc=0x00007fc442363314 method=net.minecraft.server.v1_14_R1.BlockPlant.updateState(Lnet/minecraft/server/v1_14_R1/IBlockData;Lnet/minecraft/server/v1_14_R1/EnumDirection;Lnet/minecraft/server/v1_14_R1/IB
Event: 7192.348 Thread 0x00007fc450e2b800 Uncommon trap: reason=unstable_if action=reinterpret pc=0x00007fc44436c560 method=net.minecraft.server.v1_14_R1.PathfinderNormal.b(Lnet/minecraft/server/v1_14_R1/IBlockAccess;III)Lnet/minecraft/server/v1_14_R1/PathType; @ 89

Classes redefined (0 events):
No events

Internal exceptions (10 events):
Event: 3797.802 Thread 0x00007fc450e2b800 Implicit null exception at 0x00007fc443207e91 to 0x00007fc443207f22
Event: 3913.970 Thread 0x00007fc450e2b800 Implicit null exception at 0x00007fc44273bbec to 0x00007fc44273bd1d
Event: 4040.652 Thread 0x00007fc450e2b800 Implicit null exception at 0x00007fc44364e5bb to 0x00007fc4436513b5
Event: 4355.500 Thread 0x00007fc450e2b800 Implicit null exception at 0x00007fc443c54a9b to 0x00007fc443c55f31
Event: 5155.053 Thread 0x00007fc450e2b800 Exception <a 'java/io/FileNotFoundException'> (0x00000000f7256408) thrown at [/build/openjdk-8-8u222-b10/src/hotspot/src/share/vm/prims/jni.cpp, line 710]
Event: 5222.868 Thread 0x00007fc3f854b800 Implicit null exception at 0x00007fc441bd4866 to 0x00007fc441bd5241
Event: 5267.957 Thread 0x00007fc450e2b800 Implicit null exception at 0x00007fc4432f5750 to 0x00007fc4432f6fc9
Event: 5696.171 Thread 0x00007fc450e2b800 Exception <a 'java/lang/NoSuchMethodError': java.lang.Object.a(Ljava/lang/String;Ljava/lang/String;)Z> (0x00000000fd88c8d8) thrown at [/build/openjdk-8-8u222-b10/src/hotspot/src/share/vm/interpreter/linkResolver.cpp, line 620]
Event: 5828.370 Thread 0x00007fc450e2b800 Exception <a 'java/io/FileNotFoundException'> (0x00000000de9371a8) thrown at [/build/openjdk-8-8u222-b10/src/hotspot/src/share/vm/prims/jni.cpp, line 710]
Event: 6722.184 Thread 0x00007fc450e2b800 Implicit null exception at 0x00007fc444189045 to 0x00007fc4441892b5

Events (10 events):
Event: 7286.275 Thread 0x00007fc3f8557800 Thread exited: 0x00007fc3f8557800
Event: 7287.024 Thread 0x00007fc3f8557800 Thread added: 0x00007fc3f8557800
Event: 7290.500 Executing VM operation: ParallelGCFailedAllocation
Event: 7290.570 Executing VM operation: ParallelGCFailedAllocation done
Event: 7296.707 Executing VM operation: ParallelGCFailedAllocation
Event: 7296.786 Executing VM operation: ParallelGCFailedAllocation done
Event: 7297.972 Executing VM operation: RevokeBias
Event: 7297.986 Executing VM operation: RevokeBias done
Event: 7297.991 Thread 0x00007fc3f8557800 Thread exited: 0x00007fc3f8557800
Event: 7298.227 Thread 0x00007fc3f8557800 Thread added: 0x00007fc3f8557800


Dynamic libraries:
8f800000-100caf000 rw-p 00000000 00:00 0 
100caf000-140000000 ---p 00000000 00:00 0 
55ca6c135000-55ca6c136000 r-xp 00000000 103:01 281571                    /usr/lib/jvm/java-8-openjdk-amd64/jre/bin/java
55ca6c335000-55ca6c336000 r--p 00000000 103:01 281571                    /usr/lib/jvm/java-8-openjdk-amd64/jre/bin/java
55ca6c336000-55ca6c337000 rw-p 00001000 103:01 281571                    /usr/lib/jvm/java-8-openjdk-amd64/jre/bin/java
55ca6dcfa000-55ca6dd72000 rw-p 00000000 00:00 0                          [heap]
7fc3f6fff000-7fc3f8000000 rw-p 00000000 00:00 0 
7fc3f8000000-7fc3f8bc5000 rw-p 00000000 00:00 0 
7fc3f8bc5000-7fc3fc000000 ---p 00000000 00:00 0 
7fc3fc9fd000-7fc3fcbbd000 rw-p 00000000 00:00 0 
7fc3fcbbd000-7fc3fcbfd000 ---p 00000000 00:00 0 
7fc3fcbfd000-7fc3fcdfd000 rw-p 00000000 00:00 0 
7fc3fcdfd000-7fc3fcffd000 rw-p 00000000 00:00 0 
7fc3fcffd000-7fc400000000 rw-p 00000000 00:00 0 
7fc400000000-7fc400021000 rw-p 00000000 00:00 0 
7fc400021000-7fc404000000 ---p 00000000 00:00 0 
7fc40419b000-7fc40439b000 rw-p 00000000 00:00 0 
7fc40439b000-7fc40459b000 rw-p 00000000 00:00 0 
7fc40459b000-7fc40479b000 rw-p 00000000 00:00 0 
7fc40479b000-7fc40499b000 rw-p 00000000 00:00 0 
7fc40499b000-7fc40499e000 ---p 00000000 00:00 0 
7fc40499e000-7fc404a9c000 rw-p 00000000 00:00 0 
7fc404a9c000-7fc404c9c000 rw-p 00000000 00:00 0 
7fc404c9c000-7fc404c9f000 ---p 00000000 00:00 0 
7fc404c9f000-7fc404d9d000 rw-p 00000000 00:00 0 
7fc404d9d000-7fc404da0000 ---p 00000000 00:00 0 
7fc404da0000-7fc404e9e000 rw-p 00000000 00:00 0 
7fc404e9e000-7fc404ea1000 ---p 00000000 00:00 0 
7fc404ea1000-7fc404f9f000 rw-p 00000000 00:00 0 
7fc404f9f000-7fc404fa2000 ---p 00000000 00:00 0 
7fc404fa2000-7fc4050a0000 rw-p 00000000 00:00 0 
7fc4050a0000-7fc4052a0000 rw-p 00000000 00:00 0 
7fc4052a0000-7fc4054a0000 rw-p 00000000 00:00 0 
7fc4054a0000-7fc4056a0000 rw-p 00000000 00:00 0 
7fc4056a0000-7fc4058a0000 rw-p 00000000 00:00 0 
7fc4058a0000-7fc4058a3000 ---p 00000000 00:00 0 
7fc4058a3000-7fc4059a1000 rw-p 00000000 00:00 0 
7fc4059a1000-7fc405ba1000 rw-p 00000000 00:00 0 
7fc405ba1000-7fc405ba4000 ---p 00000000 00:00 0 
7fc405ba4000-7fc405ca2000 rw-p 00000000 00:00 0 
7fc405ca2000-7fc405ea2000 rw-p 00000000 00:00 0 
7fc405ea2000-7fc4060a2000 rw-p 00000000 00:00 0 
7fc4060a2000-7fc4062a2000 rw-p 00000000 00:00 0 
7fc4062a2000-7fc4064a2000 rw-p 00000000 00:00 0 
7fc4064a2000-7fc4066a2000 rw-p 00000000 00:00 0 
7fc4066a2000-7fc4066a5000 ---p 00000000 00:00 0 
7fc4066a5000-7fc4067a3000 rw-p 00000000 00:00 0 
7fc4067a3000-7fc4067a6000 ---p 00000000 00:00 0 
7fc4067a6000-7fc4068a4000 rw-p 00000000 00:00 0 
7fc4068a4000-7fc406aa4000 rw-p 00000000 00:00 0 
7fc406aa4000-7fc406ab1000 r-xp 00000000 103:01 277893                    /tmp/libnetty_transport_native_epoll_x86_642753416661305194843.so (deleted)
7fc406ab1000-7fc406cb0000 ---p 0000d000 103:01 277893                    /tmp/libnetty_transport_native_epoll_x86_642753416661305194843.so (deleted)
7fc406cb0000-7fc406cb2000 rw-p 0000c000 103:01 277893                    /tmp/libnetty_transport_native_epoll_x86_642753416661305194843.so (deleted)
7fc406cb2000-7fc406cc6000 r-xp 00000000 103:01 263363                    /lib/x86_64-linux-gnu/libresolv-2.24.so
7fc406cc6000-7fc406ec5000 ---p 00014000 103:01 263363                    /lib/x86_64-linux-gnu/libresolv-2.24.so
7fc406ec5000-7fc406ec6000 r--p 00013000 103:01 263363                    /lib/x86_64-linux-gnu/libresolv-2.24.so
7fc406ec6000-7fc406ec7000 rw-p 00014000 103:01 263363                    /lib/x86_64-linux-gnu/libresolv-2.24.so
7fc406ec7000-7fc406ec9000 rw-p 00000000 00:00 0 
7fc406ec9000-7fc406ece000 r-xp 00000000 103:01 263356                    /lib/x86_64-linux-gnu/libnss_dns-2.24.so
7fc406ece000-7fc4070cd000 ---p 00005000 103:01 263356                    /lib/x86_64-linux-gnu/libnss_dns-2.24.so
7fc4070cd000-7fc4070ce000 r--p 00004000 103:01 263356                    /lib/x86_64-linux-gnu/libnss_dns-2.24.so
7fc4070ce000-7fc4070cf000 rw-p 00005000 103:01 263356                    /lib/x86_64-linux-gnu/libnss_dns-2.24.so
7fc4070cf000-7fc4072cf000 rw-p 00000000 00:00 0 
7fc4072cf000-7fc4072f7000 r-xp 00000000 103:01 281614                    /usr/lib/jvm/java-8-openjdk-amd64/jre/lib/amd64/libsunec.so
7fc4072f7000-7fc4074f6000 ---p 00028000 103:01 281614                    /usr/lib/jvm/java-8-openjdk-amd64/jre/lib/amd64/libsunec.so
7fc4074f6000-7fc4074fa000 r--p 00027000 103:01 281614                    /usr/lib/jvm/java-8-openjdk-amd64/jre/lib/amd64/libsunec.so
7fc4074fa000-7fc4074fb000 rw-p 0002b000 103:01 281614                    /usr/lib/jvm/java-8-openjdk-amd64/jre/lib/amd64/libsunec.so
7fc4074fb000-7fc4074fe000 ---p 00000000 00:00 0 
7fc4074fe000-7fc4075fc000 rw-p 00000000 00:00 0 
7fc4075fc000-7fc4075ff000 ---p 00000000 00:00 0 
7fc4075ff000-7fc4076fd000 rw-p 00000000 00:00 0 
7fc4076fd000-7fc4078fd000 rw-p 00000000 00:00 0 
7fc4078fd000-7fc407900000 ---p 00000000 00:00 0 
7fc407900000-7fc4079fe000 rw-p 00000000 00:00 0 
7fc4079fe000-7fc407a01000 ---p 00000000 00:00 0 
7fc407a01000-7fc407aff000 rw-p 00000000 00:00 0 
7fc407aff000-7fc407b02000 ---p 00000000 00:00 0 
7fc407b02000-7fc407c00000 rw-p 00000000 00:00 0 
7fc407c00000-7fc407e00000 rw-p 00000000 00:00 0 
7fc407e00000-7fc408000000 rw-p 00000000 00:00 0 
7fc408000000-7fc408093000 rw-p 00000000 00:00 0 
7fc408093000-7fc40c000000 ---p 00000000 00:00 0 
7fc40c000000-7fc40c044000 rw-p 00000000 00:00 0 
7fc40c044000-7fc410000000 ---p 00000000 00:00 0 
7fc4100fe000-7fc410101000 ---p 00000000 00:00 0 
7fc410101000-7fc4101ff000 rw-p 00000000 00:00 0 
7fc4101ff000-7fc4103ff000 rw-p 00000000 00:00 0 
7fc4103ff000-7fc4105f5000 rw-p 00000000 00:00 0 
7fc4105f5000-7fc4105ff000 ---p 00000000 00:00 0 
7fc4105ff000-7fc4107ff000 rw-p 00000000 00:00 0 
7fc4107ff000-7fc4109ff000 rw-p 00000000 00:00 0 
7fc4109ff000-7fc410bff000 rw-p 00000000 00:00 0 
7fc410bff000-7fc410dff000 rw-p 00000000 00:00 0 
7fc410dff000-7fc410fff000 rw-p 00000000 00:00 0 
7fc410fff000-7fc414000000 rw-p 00000000 00:00 0 
7fc414000000-7fc414021000 rw-p 00000000 00:00 0 
7fc414021000-7fc418000000 ---p 00000000 00:00 0 
7fc418000000-7fc4180dd000 rw-p 00000000 00:00 0 
7fc4180dd000-7fc41c000000 ---p 00000000 00:00 0 
7fc41c000000-7fc41f582000 rw-p 00000000 00:00 0 
7fc41f582000-7fc420000000 ---p 00000000 00:00 0 
7fc420000000-7fc4212df000 rw-p 00000000 00:00 0 
7fc4212df000-7fc424000000 ---p 00000000 00:00 0 
7fc424000000-7fc424168000 rw-p 00000000 00:00 0 
7fc424168000-7fc428000000 ---p 00000000 00:00 0 
7fc428000000-7fc428021000 rw-p 00000000 00:00 0 
7fc428021000-7fc42c000000 ---p 00000000 00:00 0 
7fc42c000000-7fc42c08c000 rw-p 00000000 00:00 0 
7fc42c08c000-7fc430000000 ---p 00000000 00:00 0 
7fc430000000-7fc430052000 rw-p 00000000 00:00 0 
7fc430052000-7fc434000000 ---p 00000000 00:00 0 
7fc434000000-7fc43407c000 rw-p 00000000 00:00 0 
7fc43407c000-7fc438000000 ---p 00000000 00:00 0 
7fc438050000-7fc43807e000 r--s 00237000 103:01 397030                    /home/admin/games/minecraft/iclouds/server/plugins/worldedit-bukkit-7.0.1.jar
7fc43807e000-7fc4380ac000 r--s 00237000 103:01 397030                    /home/admin/games/minecraft/iclouds/server/plugins/worldedit-bukkit-7.0.1.jar
7fc4380ac000-7fc4380bf000 r--s 00346000 103:01 281659                    /usr/lib/jvm/java-8-openjdk-amd64/jre/lib/resources.jar
7fc4380bf000-7fc4380c2000 ---p 00000000 00:00 0 
7fc4380c2000-7fc4381c0000 rw-p 00000000 00:00 0 
7fc4381c0000-7fc4383c0000 rw-p 00000000 00:00 0 
7fc4383c0000-7fc4385c0000 rw-p 00000000 00:00 0 
7fc4385c0000-7fc43c000000 rw-p 00000000 00:00 0 
7fc43c000000-7fc43c15e000 rw-p 00000000 00:00 0 
7fc43c15e000-7fc440000000 ---p 00000000 00:00 0 
7fc440005000-7fc440008000 ---p 00000000 00:00 0 
7fc440008000-7fc440106000 rw-p 00000000 00:00 0 
7fc440109000-7fc440207000 rw-p 00000000 00:00 0 
7fc440207000-7fc440218000 r-xp 00000000 103:01 281610                    /usr/lib/jvm/java-8-openjdk-amd64/jre/lib/amd64/libnio.so
7fc440218000-7fc440417000 ---p 00011000 103:01 281610                    /usr/lib/jvm/java-8-openjdk-amd64/jre/lib/amd64/libnio.so
7fc440417000-7fc440418000 r--p 00010000 103:01 281610                    /usr/lib/jvm/java-8-openjdk-amd64/jre/lib/amd64/libnio.so
7fc440418000-7fc440419000 rw-p 00011000 103:01 281610                    /usr/lib/jvm/java-8-openjdk-amd64/jre/lib/amd64/libnio.so
7fc440419000-7fc440430000 r-xp 00000000 103:01 281609                    /usr/lib/jvm/java-8-openjdk-amd64/jre/lib/amd64/libnet.so
7fc440430000-7fc44062f000 ---p 00017000 103:01 281609                    /usr/lib/jvm/java-8-openjdk-amd64/jre/lib/amd64/libnet.so
7fc44062f000-7fc440630000 r--p 00016000 103:01 281609                    /usr/lib/jvm/java-8-openjdk-amd64/jre/lib/amd64/libnet.so
7fc440630000-7fc440631000 rw-p 00017000 103:01 281609                    /usr/lib/jvm/java-8-openjdk-amd64/jre/lib/amd64/libnet.so
7fc440631000-7fc440831000 rw-p 00000000 00:00 0 
7fc440831000-7fc440a31000 rw-p 00000000 00:00 0 
7fc440a31000-7fc440a3a000 r-xp 00000000 103:01 281607                    /usr/lib/jvm/java-8-openjdk-amd64/jre/lib/amd64/libmanagement.so
7fc440a3a000-7fc440c39000 ---p 00009000 103:01 281607                    /usr/lib/jvm/java-8-openjdk-amd64/jre/lib/amd64/libmanagement.so
7fc440c39000-7fc440c3a000 r--p 00008000 103:01 281607                    /usr/lib/jvm/java-8-openjdk-amd64/jre/lib/amd64/libmanagement.so
7fc440c3a000-7fc440c3b000 rw-p 00009000 103:01 281607                    /usr/lib/jvm/java-8-openjdk-amd64/jre/lib/amd64/libmanagement.so
7fc440c3b000-7fc440c3c000 r-xp 00000000 103:01 277851                    /tmp/libjansi-64-git-Spigot-798ea6a-44d675a-6957578970394637884.so
7fc440c3c000-7fc440e3b000 ---p 00001000 103:01 277851                    /tmp/libjansi-64-git-Spigot-798ea6a-44d675a-6957578970394637884.so
7fc440e3b000-7fc440e3c000 rw-p 00000000 103:01 277851                    /tmp/libjansi-64-git-Spigot-798ea6a-44d675a-6957578970394637884.so
7fc440e3c000-7fc441000000 r--s 01cc4000 103:01 397039                    /home/admin/games/minecraft/iclouds/server/server.jar
7fc441000000-7fc444790000 rwxp 00000000 00:00 0 
7fc444790000-7fc450000000 ---p 00000000 00:00 0 
7fc450000000-7fc450eac000 rw-p 00000000 00:00 0 
7fc450eac000-7fc454000000 ---p 00000000 00:00 0 
7fc45400d000-7fc45400e000 r--s 00001000 103:01 415141                    /home/admin/games/minecraft/iclouds/server/plugins/powderChests-1.2.0.jar
7fc45400e000-7fc45400f000 r--s 00007000 103:01 415135                    /home/admin/games/minecraft/iclouds/server/plugins/SinglePlayerSleep-2.13.21.jar
7fc45400f000-7fc454010000 r--s 00001000 103:01 415141                    /home/admin/games/minecraft/iclouds/server/plugins/powderChests-1.2.0.jar
7fc454010000-7fc454012000 r--s 00016000 103:01 281652                    /usr/lib/jvm/java-8-openjdk-amd64/jre/lib/jce.jar
7fc454012000-7fc454015000 ---p 00000000 00:00 0 
7fc454015000-7fc45404b000 rw-p 00000000 00:00 0 
7fc45404b000-7fc454066000 r--s 00394000 103:01 281631                    /usr/lib/jvm/java-8-openjdk-amd64/jre/lib/ext/cldrdata.jar
7fc454066000-7fc454081000 r--s 001d6000 103:01 281636                    /usr/lib/jvm/java-8-openjdk-amd64/jre/lib/ext/nashorn.jar
7fc454081000-7fc454082000 ---p 00000000 00:00 0 
7fc454082000-7fc454182000 rw-p 00000000 00:00 0 
7fc454182000-7fc454185000 ---p 00000000 00:00 0 
7fc454185000-7fc454283000 rw-p 00000000 00:00 0 
7fc454283000-7fc454284000 ---p 00000000 00:00 0 
7fc454284000-7fc454287000 ---p 00000000 00:00 0 
7fc454287000-7fc454384000 rw-p 00000000 00:00 0 
7fc454384000-7fc454385000 ---p 00000000 00:00 0 
7fc454385000-7fc454388000 ---p 00000000 00:00 0 
7fc454388000-7fc454485000 rw-p 00000000 00:00 0 
7fc454485000-7fc454488000 ---p 00000000 00:00 0 
7fc454488000-7fc454586000 rw-p 00000000 00:00 0 
7fc454586000-7fc454721000 r--p 00000000 103:01 277845                    /usr/lib/locale/locale-archive
7fc454721000-7fc454724000 ---p 00000000 00:00 0 
7fc454724000-7fc454822000 rw-p 00000000 00:00 0 
7fc454822000-7fc454825000 ---p 00000000 00:00 0 
7fc454825000-7fc454923000 rw-p 00000000 00:00 0 
7fc454923000-7fc454924000 ---p 00000000 00:00 0 
7fc454924000-7fc45532d000 rw-p 00000000 00:00 0 
7fc45532d000-7fc4554fd000 r--s 03c5c000 103:01 281660                    /usr/lib/jvm/java-8-openjdk-amd64/jre/lib/rt.jar
7fc4554fd000-7fc455573000 rw-p 00000000 00:00 0 
7fc455573000-7fc4560f7000 rw-p 00000000 00:00 0 
7fc4560f7000-7fc4560f8000 ---p 00000000 00:00 0 
7fc4560f8000-7fc4561f8000 rw-p 00000000 00:00 0 
7fc4561f8000-7fc4561f9000 ---p 00000000 00:00 0 
7fc4561f9000-7fc4562f9000 rw-p 00000000 00:00 0 
7fc4562f9000-7fc4569b5000 rw-p 00000000 00:00 0 
7fc4569b5000-7fc456c96000 ---p 00000000 00:00 0 
7fc456c96000-7fc456c9e000 r-xp 00000000 103:01 281617                    /usr/lib/jvm/java-8-openjdk-amd64/jre/lib/amd64/libzip.so
7fc456c9e000-7fc456e9d000 ---p 00008000 103:01 281617                    /usr/lib/jvm/java-8-openjdk-amd64/jre/lib/amd64/libzip.so
7fc456e9d000-7fc456e9e000 r--p 00007000 103:01 281617                    /usr/lib/jvm/java-8-openjdk-amd64/jre/lib/amd64/libzip.so
7fc456e9e000-7fc456e9f000 rw-p 00008000 103:01 281617                    /usr/lib/jvm/java-8-openjdk-amd64/jre/lib/amd64/libzip.so
7fc456e9f000-7fc456ea9000 r-xp 00000000 103:01 263357                    /lib/x86_64-linux-gnu/libnss_files-2.24.so
7fc456ea9000-7fc4570a9000 ---p 0000a000 103:01 263357                    /lib/x86_64-linux-gnu/libnss_files-2.24.so
7fc4570a9000-7fc4570aa000 r--p 0000a000 103:01 263357                    /lib/x86_64-linux-gnu/libnss_files-2.24.so
7fc4570aa000-7fc4570ab000 rw-p 0000b000 103:01 263357                    /lib/x86_64-linux-gnu/libnss_files-2.24.so
7fc4570ab000-7fc4570b1000 rw-p 00000000 00:00 0 
7fc4570b1000-7fc4570bc000 r-xp 00000000 103:01 263359                    /lib/x86_64-linux-gnu/libnss_nis-2.24.so
7fc4570bc000-7fc4572bb000 ---p 0000b000 103:01 263359                    /lib/x86_64-linux-gnu/libnss_nis-2.24.so
7fc4572bb000-7fc4572bc000 r--p 0000a000 103:01 263359                    /lib/x86_64-linux-gnu/libnss_nis-2.24.so
7fc4572bc000-7fc4572bd000 rw-p 0000b000 103:01 263359                    /lib/x86_64-linux-gnu/libnss_nis-2.24.so
7fc4572bd000-7fc4572d1000 r-xp 00000000 103:01 263354                    /lib/x86_64-linux-gnu/libnsl-2.24.so
7fc4572d1000-7fc4574d1000 ---p 00014000 103:01 263354                    /lib/x86_64-linux-gnu/libnsl-2.24.so
7fc4574d1000-7fc4574d2000 r--p 00014000 103:01 263354                    /lib/x86_64-linux-gnu/libnsl-2.24.so
7fc4574d2000-7fc4574d3000 rw-p 00015000 103:01 263354                    /lib/x86_64-linux-gnu/libnsl-2.24.so
7fc4574d3000-7fc4574d5000 rw-p 00000000 00:00 0 
7fc4574d5000-7fc4574dc000 r-xp 00000000 103:01 263355                    /lib/x86_64-linux-gnu/libnss_compat-2.24.so
7fc4574dc000-7fc4576db000 ---p 00007000 103:01 263355                    /lib/x86_64-linux-gnu/libnss_compat-2.24.so
7fc4576db000-7fc4576dc000 r--p 00006000 103:01 263355                    /lib/x86_64-linux-gnu/libnss_compat-2.24.so
7fc4576dc000-7fc4576dd000 rw-p 00007000 103:01 263355                    /lib/x86_64-linux-gnu/libnss_compat-2.24.so
7fc4576dd000-7fc457706000 r-xp 00000000 103:01 281598                    /usr/lib/jvm/java-8-openjdk-amd64/jre/lib/amd64/libjava.so
7fc457706000-7fc457905000 ---p 00029000 103:01 281598                    /usr/lib/jvm/java-8-openjdk-amd64/jre/lib/amd64/libjava.so
7fc457905000-7fc457906000 r--p 00028000 103:01 281598                    /usr/lib/jvm/java-8-openjdk-amd64/jre/lib/amd64/libjava.so
7fc457906000-7fc457908000 rw-p 00029000 103:01 281598                    /usr/lib/jvm/java-8-openjdk-amd64/jre/lib/amd64/libjava.so
7fc457908000-7fc457917000 r-xp 00000000 103:01 281616                    /usr/lib/jvm/java-8-openjdk-amd64/jre/lib/amd64/libverify.so
7fc457917000-7fc457b16000 ---p 0000f000 103:01 281616                    /usr/lib/jvm/java-8-openjdk-amd64/jre/lib/amd64/libverify.so
7fc457b16000-7fc457b18000 r--p 0000e000 103:01 281616                    /usr/lib/jvm/java-8-openjdk-amd64/jre/lib/amd64/libverify.so
7fc457b18000-7fc457b19000 rw-p 00010000 103:01 281616                    /usr/lib/jvm/java-8-openjdk-amd64/jre/lib/amd64/libverify.so
7fc457b19000-7fc457b20000 r-xp 00000000 103:01 263364                    /lib/x86_64-linux-gnu/librt-2.24.so
7fc457b20000-7fc457d1f000 ---p 00007000 103:01 263364                    /lib/x86_64-linux-gnu/librt-2.24.so
7fc457d1f000-7fc457d20000 r--p 00006000 103:01 263364                    /lib/x86_64-linux-gnu/librt-2.24.so
7fc457d20000-7fc457d21000 rw-p 00007000 103:01 263364                    /lib/x86_64-linux-gnu/librt-2.24.so
7fc457d21000-7fc457d37000 r-xp 00000000 103:01 263298                    /lib/x86_64-linux-gnu/libgcc_s.so.1
7fc457d37000-7fc457f36000 ---p 00016000 103:01 263298                    /lib/x86_64-linux-gnu/libgcc_s.so.1
7fc457f36000-7fc457f37000 r--p 00015000 103:01 263298                    /lib/x86_64-linux-gnu/libgcc_s.so.1
7fc457f37000-7fc457f38000 rw-p 00016000 103:01 263298                    /lib/x86_64-linux-gnu/libgcc_s.so.1
7fc457f38000-7fc45803b000 r-xp 00000000 103:01 263351                    /lib/x86_64-linux-gnu/libm-2.24.so
7fc45803b000-7fc45823a000 ---p 00103000 103:01 263351                    /lib/x86_64-linux-gnu/libm-2.24.so
7fc45823a000-7fc45823b000 r--p 00102000 103:01 263351                    /lib/x86_64-linux-gnu/libm-2.24.so
7fc45823b000-7fc45823c000 rw-p 00103000 103:01 263351                    /lib/x86_64-linux-gnu/libm-2.24.so
7fc45823c000-7fc4583ae000 r-xp 00000000 103:01 267518                    /usr/lib/x86_64-linux-gnu/libstdc++.so.6.0.22
7fc4583ae000-7fc4585ae000 ---p 00172000 103:01 267518                    /usr/lib/x86_64-linux-gnu/libstdc++.so.6.0.22
7fc4585ae000-7fc4585b8000 r--p 00172000 103:01 267518                    /usr/lib/x86_64-linux-gnu/libstdc++.so.6.0.22
7fc4585b8000-7fc4585ba000 rw-p 0017c000 103:01 267518                    /usr/lib/x86_64-linux-gnu/libstdc++.so.6.0.22
7fc4585ba000-7fc4585be000 rw-p 00000000 00:00 0 
7fc4585be000-7fc459225000 r-xp 00000000 103:01 281620                    /usr/lib/jvm/java-8-openjdk-amd64/jre/lib/amd64/server/libjvm.so
7fc459225000-7fc459424000 ---p 00c67000 103:01 281620                    /usr/lib/jvm/java-8-openjdk-amd64/jre/lib/amd64/server/libjvm.so
7fc459424000-7fc4594b8000 r--p 00c66000 103:01 281620                    /usr/lib/jvm/java-8-openjdk-amd64/jre/lib/amd64/server/libjvm.so
7fc4594b8000-7fc4594e1000 rw-p 00cfa000 103:01 281620                    /usr/lib/jvm/java-8-openjdk-amd64/jre/lib/amd64/server/libjvm.so
7fc4594e1000-7fc459511000 rw-p 00000000 00:00 0 
7fc459511000-7fc4596a6000 r-xp 00000000 103:01 263347                    /lib/x86_64-linux-gnu/libc-2.24.so
7fc4596a6000-7fc4598a6000 ---p 00195000 103:01 263347                    /lib/x86_64-linux-gnu/libc-2.24.so
7fc4598a6000-7fc4598aa000 r--p 00195000 103:01 263347                    /lib/x86_64-linux-gnu/libc-2.24.so
7fc4598aa000-7fc4598ac000 rw-p 00199000 103:01 263347                    /lib/x86_64-linux-gnu/libc-2.24.so
7fc4598ac000-7fc4598b0000 rw-p 00000000 00:00 0 
7fc4598b0000-7fc4598b3000 r-xp 00000000 103:01 263350                    /lib/x86_64-linux-gnu/libdl-2.24.so
7fc4598b3000-7fc459ab2000 ---p 00003000 103:01 263350                    /lib/x86_64-linux-gnu/libdl-2.24.so
7fc459ab2000-7fc459ab3000 r--p 00002000 103:01 263350                    /lib/x86_64-linux-gnu/libdl-2.24.so
7fc459ab3000-7fc459ab4000 rw-p 00003000 103:01 263350                    /lib/x86_64-linux-gnu/libdl-2.24.so
7fc459ab4000-7fc459ac1000 r-xp 00000000 103:01 281584                    /usr/lib/jvm/java-8-openjdk-amd64/jre/lib/amd64/jli/libjli.so
7fc459ac1000-7fc459cc0000 ---p 0000d000 103:01 281584                    /usr/lib/jvm/java-8-openjdk-amd64/jre/lib/amd64/jli/libjli.so
7fc459cc0000-7fc459cc1000 r--p 0000c000 103:01 281584                    /usr/lib/jvm/java-8-openjdk-amd64/jre/lib/amd64/jli/libjli.so
7fc459cc1000-7fc459cc2000 rw-p 0000d000 103:01 281584                    /usr/lib/jvm/java-8-openjdk-amd64/jre/lib/amd64/jli/libjli.so
7fc459cc2000-7fc459cdb000 r-xp 00000000 103:01 266133                    /lib/x86_64-linux-gnu/libz.so.1.2.8
7fc459cdb000-7fc459eda000 ---p 00019000 103:01 266133                    /lib/x86_64-linux-gnu/libz.so.1.2.8
7fc459eda000-7fc459edb000 r--p 00018000 103:01 266133                    /lib/x86_64-linux-gnu/libz.so.1.2.8
7fc459edb000-7fc459edc000 rw-p 00019000 103:01 266133                    /lib/x86_64-linux-gnu/libz.so.1.2.8
7fc459edc000-7fc459ef4000 r-xp 00000000 103:01 263362                    /lib/x86_64-linux-gnu/libpthread-2.24.so
7fc459ef4000-7fc45a0f3000 ---p 00018000 103:01 263362                    /lib/x86_64-linux-gnu/libpthread-2.24.so
7fc45a0f3000-7fc45a0f4000 r--p 00017000 103:01 263362                    /lib/x86_64-linux-gnu/libpthread-2.24.so
7fc45a0f4000-7fc45a0f5000 rw-p 00018000 103:01 263362                    /lib/x86_64-linux-gnu/libpthread-2.24.so
7fc45a0f5000-7fc45a0f9000 rw-p 00000000 00:00 0 
7fc45a0f9000-7fc45a11c000 r-xp 00000000 103:01 263343                    /lib/x86_64-linux-gnu/ld-2.24.so
7fc45a11c000-7fc45a11d000 r--s 00007000 103:01 415135                    /home/admin/games/minecraft/iclouds/server/plugins/SinglePlayerSleep-2.13.21.jar
7fc45a11d000-7fc45a11f000 r--s 00016000 103:01 281652                    /usr/lib/jvm/java-8-openjdk-amd64/jre/lib/jce.jar
7fc45a11f000-7fc45a124000 r--s 000a3000 103:01 281654                    /usr/lib/jvm/java-8-openjdk-amd64/jre/lib/jsse.jar
7fc45a124000-7fc45a127000 r--s 00039000 103:01 281639                    /usr/lib/jvm/java-8-openjdk-amd64/jre/lib/ext/sunpkcs11.jar
7fc45a127000-7fc45a12c000 r--s 0003c000 103:01 281638                    /usr/lib/jvm/java-8-openjdk-amd64/jre/lib/ext/sunjce_provider.jar
7fc45a12c000-7fc45a12e000 r--s 00001000 103:01 281632                    /usr/lib/jvm/java-8-openjdk-amd64/jre/lib/ext/dnsns.jar
7fc45a12e000-7fc45a131000 r--s 0000f000 103:01 281633                    /usr/lib/jvm/java-8-openjdk-amd64/jre/lib/ext/icedtea-sound.jar
7fc45a131000-7fc45a13b000 r--s 00116000 103:01 281635                    /usr/lib/jvm/java-8-openjdk-amd64/jre/lib/ext/localedata.jar
7fc45a13b000-7fc45a1e4000 rw-p 00000000 00:00 0 
7fc45a1e4000-7fc45a208000 rw-p 00000000 00:00 0 
7fc45a208000-7fc45a210000 rw-s 00000000 103:01 277847                    /tmp/hsperfdata_root/468
7fc45a210000-7fc45a211000 ---p 00000000 00:00 0 
7fc45a211000-7fc45a214000 ---p 00000000 00:00 0 
7fc45a214000-7fc45a315000 rw-p 00000000 00:00 0 
7fc45a315000-7fc45a316000 r--s 00010000 103:01 281640                    /usr/lib/jvm/java-8-openjdk-amd64/jre/lib/ext/zipfs.jar
7fc45a316000-7fc45a317000 r--s 0000a000 103:01 281634                    /usr/lib/jvm/java-8-openjdk-amd64/jre/lib/ext/jaccess.jar
7fc45a317000-7fc45a318000 r--s 0000d000 103:01 281637                    /usr/lib/jvm/java-8-openjdk-amd64/jre/lib/ext/sunec.jar
7fc45a318000-7fc45a31a000 r--s 00007000 103:01 412625                    /usr/share/java/java-atk-wrapper.jar
7fc45a31a000-7fc45a31b000 rw-p 00000000 00:00 0 
7fc45a31b000-7fc45a31c000 r--p 00000000 00:00 0 
7fc45a31c000-7fc45a31d000 r--p 00023000 103:01 263343                    /lib/x86_64-linux-gnu/ld-2.24.so
7fc45a31d000-7fc45a31e000 rw-p 00024000 103:01 263343                    /lib/x86_64-linux-gnu/ld-2.24.so
7fc45a31e000-7fc45a31f000 rw-p 00000000 00:00 0 
7ffd2054a000-7ffd2056b000 rw-p 00000000 00:00 0                          [stack]
7ffd205dd000-7ffd205df000 r--p 00000000 00:00 0                          [vvar]
7ffd205df000-7ffd205e1000 r-xp 00000000 00:00 0                          [vdso]
ffffffffff600000-ffffffffff601000 r-xp 00000000 00:00 0                  [vsyscall]

VM Arguments:
jvm_args: -Xmx1800M -Xms1800M 
java_command: server.jar nogui
java_class_path (initial): server.jar
Launcher Type: SUN_STANDARD

Environment Variables:
PATH=/usr/bin:/bin
SHELL=/bin/sh

Signal Handlers:
SIGSEGV: [libjvm.so+0xa7cfe0], sa_mask[0]=11111111011111111101111111111110, sa_flags=SA_RESTART|SA_SIGINFO
SIGBUS: [libjvm.so+0xa7cfe0], sa_mask[0]=11111111011111111101111111111110, sa_flags=SA_RESTART|SA_SIGINFO
SIGFPE: [libjvm.so+0x8c64a0], sa_mask[0]=11111111011111111101111111111110, sa_flags=SA_RESTART|SA_SIGINFO
SIGPIPE: [libjvm.so+0x8c64a0], sa_mask[0]=11111111011111111101111111111110, sa_flags=SA_RESTART|SA_SIGINFO
SIGXFSZ: [libjvm.so+0x8c64a0], sa_mask[0]=11111111011111111101111111111110, sa_flags=SA_RESTART|SA_SIGINFO
SIGILL: [libjvm.so+0x8c64a0], sa_mask[0]=11111111011111111101111111111110, sa_flags=SA_RESTART|SA_SIGINFO
SIGUSR1: SIG_DFL, sa_mask[0]=00000000000000000000000000000000, sa_flags=none
SIGUSR2: [libjvm.so+0x8c6350], sa_mask[0]=00000000000000000000000000000000, sa_flags=SA_RESTART|SA_SIGINFO
SIGHUP: [libjvm.so+0x8c69c0], sa_mask[0]=11111111011111111101111111111110, sa_flags=SA_RESTART|SA_SIGINFO
SIGINT: [libjvm.so+0x8c69c0], sa_mask[0]=11111111011111111101111111111110, sa_flags=SA_RESTART|SA_SIGINFO
SIGTERM: [libjvm.so+0x8c69c0], sa_mask[0]=11111111011111111101111111111110, sa_flags=SA_RESTART|SA_SIGINFO
SIGQUIT: [libjvm.so+0x8c69c0], sa_mask[0]=11111111011111111101111111111110, sa_flags=SA_RESTART|SA_SIGINFO


---------------  S Y S T E M  ---------------

OS:PRETTY_NAME="Debian GNU/Linux 9 (stretch)"
NAME="Debian GNU/Linux"
VERSION_ID="9"
VERSION="9 (stretch)"
ID=debian
HOME_URL="https://www.debian.org/"
SUPPORT_URL="https://www.debian.org/support"
BUG_REPORT_URL="https://bugs.debian.org/"

uname:Linux 4.9.0-9-amd64 #1 SMP Debian 4.9.168-1+deb9u5 (2019-08-11) x86_64
libc:glibc 2.24 NPTL 2.24 
rlimit: STACK 8192k, CORE 0k, NPROC 7779, NOFILE 1048576, AS infinity
load average:0.26 0.38 0.43

/proc/meminfo:
MemTotal:        2013536 kB
MemFree:           63924 kB
MemAvailable:          0 kB
Buffers:             212 kB
Cached:             6484 kB
SwapCached:            0 kB
Active:          1902120 kB
Inactive:           5228 kB
Active(anon):    1900968 kB
Inactive(anon):     3996 kB
Active(file):       1152 kB
Inactive(file):     1232 kB
Unevictable:           0 kB
Mlocked:               0 kB
SwapTotal:             0 kB
SwapFree:              0 kB
Dirty:               100 kB
Writeback:             0 kB
AnonPages:       1900836 kB
Mapped:             2292 kB
Shmem:              4128 kB
Slab:              16484 kB
SReclaimable:       7488 kB
SUnreclaim:         8996 kB
KernelStack:        1552 kB
PageTables:         5256 kB
NFS_Unstable:          0 kB
Bounce:                0 kB
WritebackTmp:          0 kB
CommitLimit:     1006768 kB
Committed_AS:    2252652 kB
VmallocTotal:   34359738367 kB
VmallocUsed:           0 kB
VmallocChunk:          0 kB
HardwareCorrupted:     0 kB
AnonHugePages:         0 kB
ShmemHugePages:        0 kB
ShmemPmdMapped:        0 kB
HugePages_Total:       0
HugePages_Free:        0
HugePages_Rsvd:        0
HugePages_Surp:        0
Hugepagesize:       2048 kB
DirectMap4k:       45032 kB
DirectMap2M:     2013184 kB
DirectMap1G:           0 kB

container (cgroup) information:
container_type: cgroupv1
cpu_cpuset_cpus: 0-1
cpu_memory_nodes: 0
active_processor_count: 2
cpu_quota: -1
cpu_period: 100000
cpu_shares: -1
memory_limit_in_bytes: -1
memory_and_swap_limit_in_bytes: -2
memory_soft_limit_in_bytes: -1
memory_usage_in_bytes: 1952911360
memory_max_usage_in_bytes: 0


CPU:total 2 (initial active 2) (2 cores per cpu, 2 threads per core) family 6 model 85 stepping 4, cmov, cx8, fxsr, mmx, sse, sse2, sse3, ssse3, sse4.1, sse4.2, popcnt, avx, avx2, aes, clmul, erms, rtm, 3dnowpref, lzcnt, ht, tsc, tscinvbit, bmi1, bmi2, adx

/proc/cpuinfo:
processor	: 0
vendor_id	: GenuineIntel
cpu family	: 6
model		: 85
model name	: Intel(R) Xeon(R) Platinum 8175M CPU @ 2.50GHz
stepping	: 4
microcode	: 0x200005e
cpu MHz		: 2500.000
cache size	: 33792 KB
physical id	: 0
siblings	: 2
core id		: 0
cpu cores	: 1
apicid		: 0
initial apicid	: 0
fpu		: yes
fpu_exception	: yes
cpuid level	: 13
wp		: yes
flags		: fpu vme de pse tsc msr pae mce cx8 apic sep mtrr pge mca cmov pat pse36 clflush mmx fxsr sse sse2 ss ht syscall nx pdpe1gb rdtscp lm constant_tsc rep_good nopl xtopology nonstop_tsc pni pclmulqdq ssse3 fma cx16 pcid sse4_1 sse4_2 x2apic movbe popcnt tsc_deadline_timer aes xsave avx f16c rdrand hypervisor lahf_lm abm 3dnowprefetch invpcid_single kaiser fsgsbase tsc_adjust bmi1 hle avx2 smep bmi2 erms invpcid rtm mpx avx512f avx512dq rdseed adx smap clflushopt clwb avx512cd avx512bw avx512vl xsaveopt xsavec xgetbv1 xsaves ida arat pku ospke
bugs		: cpu_meltdown spectre_v1 spectre_v2 spec_store_bypass l1tf mds swapgs
bogomips	: 5000.00
clflush size	: 64
cache_alignment	: 64
address sizes	: 46 bits physical, 48 bits virtual
power management:

processor	: 1
vendor_id	: GenuineIntel
cpu family	: 6
model		: 85
model name	: Intel(R) Xeon(R) Platinum 8175M CPU @ 2.50GHz
stepping	: 4
microcode	: 0x200005e
cpu MHz		: 2500.000
cache size	: 33792 KB
physical id	: 0
siblings	: 2
core id		: 0
cpu cores	: 1
apicid		: 1
initial apicid	: 1
fpu		: yes
fpu_exception	: yes
cpuid level	: 13
wp		: yes
flags		: fpu vme de pse tsc msr pae mce cx8 apic sep mtrr pge mca cmov pat pse36 clflush mmx fxsr sse sse2 ss ht syscall nx pdpe1gb rdtscp lm constant_tsc rep_good nopl xtopology nonstop_tsc pni pclmulqdq ssse3 fma cx16 pcid sse4_1 sse4_2 x2apic movbe popcnt tsc_deadline_timer aes xsave avx f16c rdrand hypervisor lahf_lm abm 3dnowprefetch invpcid_single kaiser fsgsbase tsc_adjust bmi1 hle avx2 smep bmi2 erms invpcid rtm mpx avx512f avx512dq rdseed adx smap clflushopt clwb avx512cd avx512bw avx512vl xsaveopt xsavec xgetbv1 xsaves ida arat pku ospke
bugs		: cpu_meltdown spectre_v1 spectre_v2 spec_store_bypass l1tf mds swapgs
bogomips	: 5000.00
clflush size	: 64
cache_alignment	: 64
address sizes	: 46 bits physical, 48 bits virtual
power management:



Memory: 4k page, physical 2013536k(64792k free), swap 0k(0k free)

vm_info: OpenJDK 64-Bit Server VM (25.222-b10) for linux-amd64 JRE (1.8.0_222-8u222-b10-1~deb9u1-b10), built on Jul 19 2019 16:57:48 by "pbuilder" with gcc 6.3.0 20170516

time: Wed Sep  4 03:44:02 2019
timezone: UTC
elapsed time: 7298 seconds (0d 2h 1m 38s)

