[23:46:47] [main/WARN]: Ambiguity between arguments [teleport, destination] and [teleport, targets] with inputs: [Player, 0123, @e, dd12be42-52a9-4a91-a8a1-11c01849e498]
[23:46:47] [main/WARN]: Ambiguity between arguments [teleport, location] and [teleport, destination] with inputs: [0.1 -0.5 .9, 0 0 0]
[23:46:47] [main/WARN]: Ambiguity between arguments [teleport, location] and [teleport, targets] with inputs: [0.1 -0.5 .9, 0 0 0]
[23:46:47] [main/WARN]: Ambiguity between arguments [teleport, targets] and [teleport, destination] with inputs: [Player, 0123, dd12be42-52a9-4a91-a8a1-11c01849e498]
[23:46:47] [main/WARN]: Ambiguity between arguments [teleport, targets, location] and [teleport, targets, destination] with inputs: [0.1 -0.5 .9, 0 0 0]
[23:46:47] [Server thread/INFO]: Starting minecraft server version 1.14.4
[23:46:47] [Server thread/WARN]: To start the server with more ram, launch it as "java -Xmx1024M -Xms1024M -jar minecraft_server.jar"
[23:46:47] [Server thread/INFO]: Loading properties
[23:46:47] [Server thread/INFO]: Default game type: SURVIVAL
[23:46:47] [Server thread/INFO]: Generating keypair
[23:46:47] [Server thread/INFO]: Starting Minecraft server on *:25565
[23:46:47] [Server thread/INFO]: Using epoll channel type
[23:46:48] [Server thread/WARN]: **** SERVER IS RUNNING IN OFFLINE/INSECURE MODE!
[23:46:48] [Server thread/WARN]: The server will make no attempt to authenticate usernames. Beware.
[23:46:48] [Server thread/WARN]: While this makes the game possible to play without internet access, it also opens up the ability for hackers to connect with any username they choose.
[23:46:48] [Server thread/WARN]: To change this, set "online-mode" to "true" in the server.properties file.
[23:46:48] [Server thread/INFO]: Preparing level "iMinecraft"
[23:46:48] [Server thread/INFO]: Reloading ResourceManager: Default
[23:46:51] [Server thread/INFO]: Loaded 6 recipes
[23:46:53] [Server thread/INFO]: Loaded 811 advancements
[23:47:20] [Server thread/INFO]: Preparing start region for dimension minecraft:overworld
[23:47:22] [Server thread/INFO]: Preparing spawn area: 0%
[23:47:22] [Server thread/INFO]: Preparing spawn area: 0%
[23:47:22] [Server thread/INFO]: Preparing spawn area: 0%
[23:47:22] [Server thread/INFO]: Preparing spawn area: 0%
[23:47:22] [Server thread/INFO]: Preparing spawn area: 0%
[23:47:22] [Server thread/INFO]: Preparing spawn area: 0%
[23:47:23] [Server-Worker-1/INFO]: Preparing spawn area: 0%
[23:47:26] [Server-Worker-1/INFO]: Preparing spawn area: 38%
[23:47:27] [Server-Worker-1/INFO]: Preparing spawn area: 38%
[23:47:27] [Server thread/INFO]: Preparing spawn area: 38%
[23:47:27] [Server thread/INFO]: Preparing spawn area: 38%
[23:47:27] [Server thread/INFO]: Preparing spawn area: 38%
[23:47:27] [Server thread/INFO]: Preparing spawn area: 38%
[23:47:27] [Server thread/INFO]: Preparing spawn area: 38%
[23:47:27] [Server thread/INFO]: Preparing spawn area: 38%
[23:47:27] [Server-Worker-1/INFO]: Preparing spawn area: 99%
[23:47:28] [Server-Worker-1/INFO]: Preparing spawn area: 99%
[23:47:28] [Server thread/INFO]: Time elapsed: 8475 ms
[23:47:28] [Server thread/INFO]: Done (40.378s)! For help, type "help"
[23:47:29] [Server thread/INFO]: com.mojang.authlib.GameProfile@7bb0e1be[id=<null>,name=miga,properties={},legacy=false] (/177.34.48.152:64883) lost connection: Disconnected
[23:47:29] [Server thread/INFO]: miga[/177.34.48.152:64958] logged in with entity id 312 at (-160.52030984178612, 70.0, -52.704886828659035)
[23:47:30] [Server thread/INFO]: miga joined the game
[23:47:30] [Server thread/WARN]: Can't keep up! Is the server overloaded? Running 2056ms or 41 ticks behind
[23:47:44] [Server thread/INFO]: Efraim[/189.19.126.43:64088] logged in with entity id 335 at (-361.32820936260555, 66.0, 105.5968542764582)
[23:47:44] [Server thread/INFO]: Efraim joined the game
[23:47:48] [Server thread/INFO]: marcosdissotti[/177.34.48.152:62130] logged in with entity id 482 at (-262.85257867907956, 22.0, -82.63058349363861)
[23:47:48] [Server thread/INFO]: marcosdissotti joined the game
[23:47:52] [Server thread/WARN]: Can't keep up! Is the server overloaded? Running 6715ms or 134 ticks behind
[23:47:57] [Server thread/INFO]: MATEUSINEO[/177.125.33.51:64497] logged in with entity id 560 at (-361.7934551827582, 64.0, 115.83416379911581)
[23:47:57] [Server thread/INFO]: MATEUSINEO joined the game
[23:48:49] [Server thread/INFO]: MATEUSINEO lost connection: Disconnected
[23:48:49] [Server thread/INFO]: MATEUSINEO left the game
[23:48:53] [Server thread/INFO]: MATEUSINEO[/177.125.33.51:63351] logged in with entity id 636 at (-367.18564640394476, 64.0, 113.44155299013903)
[23:48:53] [Server thread/INFO]: MATEUSINEO joined the game
[23:48:55] [Server thread/WARN]: Can't keep up! Is the server overloaded? Running 47930ms or 958 ticks behind
[23:48:56] [Server thread/WARN]: marcosdissotti moved wrongly!
[23:49:17] [Server thread/INFO]: MATEUSINEO lost connection: Disconnected
[23:49:17] [Server thread/INFO]: MATEUSINEO left the game
[23:49:46] [Server thread/WARN]: Can't keep up! Is the server overloaded? Running 36445ms or 728 ticks behind
[23:49:51] [Server thread/INFO]: Efraim lost connection: Disconnected
[23:49:51] [Server thread/INFO]: Efraim left the game
[23:50:02] [Server thread/INFO]: Efraim[/189.19.126.43:64385] logged in with entity id 713 at (-369.27213874053905, 70.0, 69.12455948311369)
[23:50:02] [Server thread/INFO]: Efraim joined the game
[23:50:09] [Server thread/INFO]: miga lost connection: Disconnected
[23:50:09] [Server thread/INFO]: miga left the game
[23:50:18] [Server thread/WARN]: Can't keep up! Is the server overloaded? Running 16181ms or 323 ticks behind
[23:50:50] [Server thread/WARN]: Can't keep up! Is the server overloaded? Running 17667ms or 353 ticks behind
[23:50:54] [Server thread/INFO]: Stopping server
[23:50:54] [Server thread/INFO]: Saving players
[23:50:55] [Server thread/INFO]: marcosdissotti lost connection: Internal Exception: java.lang.StackOverflowError
[23:50:55] [Server thread/INFO]: marcosdissotti left the game
[23:50:55] [Server thread/INFO]: Saving worlds
[23:50:55] [Server thread/INFO]: Saving chunks for level 'iMinecraft'/minecraft:the_nether
[23:50:55] [Server thread/INFO]: ThreadedAnvilChunkStorage (DIM-1): All chunks are saved
[23:50:55] [Server thread/INFO]: Saving chunks for level 'iMinecraft'/minecraft:overworld
[23:51:03] [Server thread/INFO]: ThreadedAnvilChunkStorage (iMinecraft): All chunks are saved
[23:51:03] [Server thread/INFO]: Saving chunks for level 'iMinecraft'/minecraft:the_end
[23:51:03] [Server thread/INFO]: ThreadedAnvilChunkStorage (DIM1): All chunks are saved
[23:51:03] [Server thread/INFO]: ThreadedAnvilChunkStorage (DIM-1): All chunks are saved
[23:51:03] [Server thread/INFO]: ThreadedAnvilChunkStorage (iMinecraft): All chunks are saved
[23:51:03] [Server thread/INFO]: ThreadedAnvilChunkStorage (DIM1): All chunks are saved
[23:51:29] [main/WARN]: Ambiguity between arguments [teleport, destination] and [teleport, targets] with inputs: [Player, 0123, @e, dd12be42-52a9-4a91-a8a1-11c01849e498]
[23:51:29] [main/WARN]: Ambiguity between arguments [teleport, location] and [teleport, destination] with inputs: [0.1 -0.5 .9, 0 0 0]
[23:51:29] [main/WARN]: Ambiguity between arguments [teleport, location] and [teleport, targets] with inputs: [0.1 -0.5 .9, 0 0 0]
[23:51:29] [main/WARN]: Ambiguity between arguments [teleport, targets] and [teleport, destination] with inputs: [Player, 0123, dd12be42-52a9-4a91-a8a1-11c01849e498]
[23:51:29] [main/WARN]: Ambiguity between arguments [teleport, targets, location] and [teleport, targets, destination] with inputs: [0.1 -0.5 .9, 0 0 0]
[23:51:29] [Server thread/INFO]: Starting minecraft server version 1.14.4
[23:51:29] [Server thread/WARN]: To start the server with more ram, launch it as "java -Xmx1024M -Xms1024M -jar minecraft_server.jar"
[23:51:29] [Server thread/INFO]: Loading properties
[23:51:29] [Server thread/INFO]: Default game type: SURVIVAL
[23:51:29] [Server thread/INFO]: Generating keypair
[23:51:30] [Server thread/INFO]: Starting Minecraft server on *:25565
[23:51:30] [Server thread/INFO]: Using epoll channel type
[23:51:31] [Server thread/WARN]: **** SERVER IS RUNNING IN OFFLINE/INSECURE MODE!
[23:51:31] [Server thread/WARN]: The server will make no attempt to authenticate usernames. Beware.
[23:51:31] [Server thread/WARN]: While this makes the game possible to play without internet access, it also opens up the ability for hackers to connect with any username they choose.
[23:51:31] [Server thread/WARN]: To change this, set "online-mode" to "true" in the server.properties file.
[23:51:31] [Server thread/INFO]: Preparing level "iMinecraft"
[23:51:31] [Server thread/INFO]: Reloading ResourceManager: Default
[23:51:35] [Server thread/INFO]: Loaded 6 recipes
[23:51:36] [Server thread/INFO]: Loaded 811 advancements
[23:52:03] [Server thread/INFO]: Preparing start region for dimension minecraft:overworld
[23:52:04] [Server thread/INFO]: Preparing spawn area: 0%
[23:52:04] [Server thread/INFO]: Preparing spawn area: 0%
[23:52:04] [Server thread/INFO]: Preparing spawn area: 0%
[23:52:04] [Server thread/INFO]: Preparing spawn area: 0%
[23:52:05] [Server thread/INFO]: Preparing spawn area: 0%
[23:52:05] [Server thread/INFO]: Preparing spawn area: 0%
[23:52:06] [Server-Worker-1/INFO]: Preparing spawn area: 22%
[23:52:12] [Server-Worker-1/INFO]: Preparing spawn area: 45%
[23:52:12] [Server-Worker-1/INFO]: Preparing spawn area: 45%
[23:52:12] [Server thread/INFO]: Preparing spawn area: 45%
[23:52:12] [Server thread/INFO]: Preparing spawn area: 45%
[23:52:12] [Server thread/INFO]: Preparing spawn area: 45%
[23:52:12] [Server thread/INFO]: Preparing spawn area: 45%
[23:52:12] [Server thread/INFO]: Preparing spawn area: 45%
[23:52:12] [Server thread/INFO]: Preparing spawn area: 45%
[23:52:12] [Server thread/INFO]: Preparing spawn area: 45%
[23:52:12] [Server thread/INFO]: Preparing spawn area: 45%
[23:52:12] [Server thread/INFO]: Preparing spawn area: 45%
[23:52:12] [Server thread/INFO]: Preparing spawn area: 45%
[23:52:12] [Server thread/INFO]: Preparing spawn area: 45%
[23:52:13] [Server-Worker-1/INFO]: Preparing spawn area: 99%
[23:52:13] [Server thread/INFO]: Preparing spawn area: 99%
[23:52:14] [Server-Worker-1/INFO]: Preparing spawn area: 99%
[23:52:14] [Server thread/INFO]: Time elapsed: 11532 ms
[23:52:14] [Server thread/INFO]: Done (43.538s)! For help, type "help"
[23:52:15] [Server thread/INFO]: com.mojang.authlib.GameProfile@412e1da1[id=<null>,name=miga,properties={},legacy=false] (/177.34.48.152:65487) lost connection: Disconnected
[23:52:15] [Server thread/INFO]: MATEUSINEO[/177.125.33.51:62049] logged in with entity id 296 at (-381.1856441909473, 64.0, 138.62996004984754)
[23:52:15] [Server thread/INFO]: MATEUSINEO joined the game
[23:52:17] [Server thread/INFO]: miga[/177.34.48.152:49179] logged in with entity id 297 at (-256.69534937231936, 76.0, -49.79634248758105)
[23:52:17] [Server thread/INFO]: miga joined the game
[23:52:17] [Server thread/WARN]: Can't keep up! Is the server overloaded? Running 2937ms or 58 ticks behind
[23:52:31] [Server thread/INFO]: marcosdissotti[/177.34.48.152:62144] logged in with entity id 501 at (-276.8762913412908, 41.0, -83.5468600928577)
[23:52:31] [Server thread/INFO]: marcosdissotti joined the game
[23:52:32] [Server thread/INFO]: Efraim[/189.19.126.43:64699] logged in with entity id 503 at (-365.3905933768722, 64.0, 114.16213384210118)
[23:52:32] [Server thread/INFO]: Efraim joined the game
[23:52:44] [Server thread/INFO]: miga lost connection: Disconnected
[23:52:44] [Server thread/INFO]: miga left the game
[23:52:47] [Server thread/INFO]: MATEUSINEO lost connection: Disconnected
[23:52:47] [Server thread/INFO]: MATEUSINEO left the game
[23:52:49] [Server thread/INFO]: Stopping server
[23:52:49] [Server thread/INFO]: Saving players
[23:52:49] [Server thread/INFO]: marcosdissotti lost connection: Internal Exception: java.lang.StackOverflowError
[23:52:49] [Server thread/INFO]: marcosdissotti left the game
[23:52:49] [Server thread/INFO]: Saving worlds
[23:52:49] [Server thread/INFO]: Saving chunks for level 'iMinecraft'/minecraft:the_nether
[23:52:49] [Server thread/INFO]: ThreadedAnvilChunkStorage (DIM-1): All chunks are saved
[23:52:49] [Server thread/INFO]: Saving chunks for level 'iMinecraft'/minecraft:the_end
[23:52:49] [Server thread/INFO]: ThreadedAnvilChunkStorage (DIM1): All chunks are saved
[23:52:49] [Server thread/INFO]: Saving chunks for level 'iMinecraft'/minecraft:overworld
[23:52:56] [Server thread/INFO]: ThreadedAnvilChunkStorage (iMinecraft): All chunks are saved
[23:52:56] [Server thread/INFO]: ThreadedAnvilChunkStorage (DIM-1): All chunks are saved
[23:52:56] [Server thread/INFO]: ThreadedAnvilChunkStorage (DIM1): All chunks are saved
[23:52:56] [Server thread/INFO]: ThreadedAnvilChunkStorage (iMinecraft): All chunks are saved
