[02:34:52] [main/WARN]: Ambiguity between arguments [teleport, destination] and [teleport, targets] with inputs: [Player, 0123, @e, dd12be42-52a9-4a91-a8a1-11c01849e498]
[02:34:52] [main/WARN]: Ambiguity between arguments [teleport, location] and [teleport, destination] with inputs: [0.1 -0.5 .9, 0 0 0]
[02:34:52] [main/WARN]: Ambiguity between arguments [teleport, location] and [teleport, targets] with inputs: [0.1 -0.5 .9, 0 0 0]
[02:34:52] [main/WARN]: Ambiguity between arguments [teleport, targets] and [teleport, destination] with inputs: [Player, 0123, dd12be42-52a9-4a91-a8a1-11c01849e498]
[02:34:52] [main/WARN]: Ambiguity between arguments [teleport, targets, location] and [teleport, targets, destination] with inputs: [0.1 -0.5 .9, 0 0 0]
[02:34:52] [Server thread/INFO]: Starting minecraft server version 1.14.4
[02:34:52] [Server thread/INFO]: Loading properties
[02:34:52] [Server thread/INFO]: Default game type: SURVIVAL
[02:34:52] [Server thread/INFO]: Generating keypair
[02:34:53] [Server thread/INFO]: Starting Minecraft server on *:25565
[02:34:53] [Server thread/INFO]: Using epoll channel type
[02:34:53] [Server thread/WARN]: **** SERVER IS RUNNING IN OFFLINE/INSECURE MODE!
[02:34:53] [Server thread/WARN]: The server will make no attempt to authenticate usernames. Beware.
[02:34:53] [Server thread/WARN]: While this makes the game possible to play without internet access, it also opens up the ability for hackers to connect with any username they choose.
[02:34:53] [Server thread/WARN]: To change this, set "online-mode" to "true" in the server.properties file.
[02:34:53] [Server thread/INFO]: Preparing level "iMinecraft"
[02:34:53] [Server thread/INFO]: Reloading ResourceManager: Default
[02:34:55] [Server thread/INFO]: Loaded 6 recipes
[02:34:56] [Server thread/INFO]: Loaded 811 advancements
[02:34:59] [Server thread/INFO]: Preparing start region for dimension minecraft:overworld
[02:35:01] [Server thread/INFO]: Preparing spawn area: 0%
[02:35:01] [Server thread/INFO]: Preparing spawn area: 0%
[02:35:01] [Server thread/INFO]: Preparing spawn area: 0%
[02:35:01] [Server thread/INFO]: Preparing spawn area: 0%
[02:35:01] [Server thread/INFO]: Preparing spawn area: 0%
